[01m[K/home/zebby/ws1/src/my_robot_pkg/src/motor_driver.cpp:47:5:[m[K [01;31m[Kerror: [m[K‘[01m[KSparkMax[m[K’ does not name a type
   47 |     [01;31m[KSparkMax[m[K motor1;
      |     [01;31m[K^~~~~~~~[m[K
[01m[K/home/zebby/ws1/src/my_robot_pkg/src/motor_driver.cpp:48:5:[m[K [01;31m[Kerror: [m[K‘[01m[KSparkMax[m[K’ does not name a type
   48 |     [01;31m[KSparkMax[m[K motor2;
      |     [01;31m[K^~~~~~~~[m[K
[01m[K/home/zebby/ws1/src/my_robot_pkg/src/motor_driver.cpp:49:5:[m[K [01;31m[Kerror: [m[K‘[01m[KSparkMax[m[K’ does not name a type
   49 |     [01;31m[KSparkMax[m[K motor3;
      |     [01;31m[K^~~~~~~~[m[K
[01m[K/home/zebby/ws1/src/my_robot_pkg/src/motor_driver.cpp:50:5:[m[K [01;31m[Kerror: [m[K‘[01m[KSparkMax[m[K’ does not name a type
   50 |     [01;31m[KSparkMax[m[K motor4;
      |     [01;31m[K^~~~~~~~[m[K
[01m[K/home/zebby/ws1/src/my_robot_pkg/src/motor_driver.cpp:[m[K In constructor ‘[01m[KMotorDriver::MotorDriver()[m[K’:
[01m[K/home/zebby/ws1/src/my_robot_pkg/src/motor_driver.cpp:15:7:[m[K [01;31m[Kerror: [m[Kclass ‘[01m[KMotorDriver[m[K’ does not have any field named ‘[01m[Kmotor1[m[K’
   15 |       [01;31m[Kmotor1[m[K("can0", 1),
      |       [01;31m[K^~~~~~[m[K
[01m[K/home/zebby/ws1/src/my_robot_pkg/src/motor_driver.cpp:16:7:[m[K [01;31m[Kerror: [m[Kclass ‘[01m[KMotorDriver[m[K’ does not have any field named ‘[01m[Kmotor2[m[K’
   16 |       [01;31m[Kmotor2[m[K("can0", 2),
      |       [01;31m[K^~~~~~[m[K
[01m[K/home/zebby/ws1/src/my_robot_pkg/src/motor_driver.cpp:17:7:[m[K [01;31m[Kerror: [m[Kclass ‘[01m[KMotorDriver[m[K’ does not have any field named ‘[01m[Kmotor3[m[K’
   17 |       [01;31m[Kmotor3[m[K("can0", 3),
      |       [01;31m[K^~~~~~[m[K
[01m[K/home/zebby/ws1/src/my_robot_pkg/src/motor_driver.cpp:18:7:[m[K [01;31m[Kerror: [m[Kclass ‘[01m[KMotorDriver[m[K’ does not have any field named ‘[01m[Kmotor4[m[K’
   18 |       [01;31m[Kmotor4[m[K("can0", 4)
      |       [01;31m[K^~~~~~[m[K
[01m[K/home/zebby/ws1/src/my_robot_pkg/src/motor_driver.cpp:25:9:[m[K [01;31m[Kerror: [m[K‘[01m[Kmotor1[m[K’ was not declared in this scope
   25 |         [01;31m[Kmotor1[m[K.SetMotorType(MotorType::kBrushless);
      |         [01;31m[K^~~~~~[m[K
[01m[K/home/zebby/ws1/src/my_robot_pkg/src/motor_driver.cpp:25:29:[m[K [01;31m[Kerror: [m[K‘[01m[KMotorType[m[K’ has not been declared
   25 |         motor1.SetMotorType([01;31m[KMotorType[m[K::kBrushless);
      |                             [01;31m[K^~~~~~~~~[m[K
[01m[K/home/zebby/ws1/src/my_robot_pkg/src/motor_driver.cpp:26:9:[m[K [01;31m[Kerror: [m[K‘[01m[Kmotor2[m[K’ was not declared in this scope
   26 |         [01;31m[Kmotor2[m[K.SetMotorType(MotorType::kBrushless);
      |         [01;31m[K^~~~~~[m[K
[01m[K/home/zebby/ws1/src/my_robot_pkg/src/motor_driver.cpp:26:29:[m[K [01;31m[Kerror: [m[K‘[01m[KMotorType[m[K’ has not been declared
   26 |         motor2.SetMotorType([01;31m[KMotorType[m[K::kBrushless);
      |                             [01;31m[K^~~~~~~~~[m[K
[01m[K/home/zebby/ws1/src/my_robot_pkg/src/motor_driver.cpp:27:9:[m[K [01;31m[Kerror: [m[K‘[01m[Kmotor3[m[K’ was not declared in this scope
   27 |         [01;31m[Kmotor3[m[K.SetMotorType(MotorType::kBrushless);
      |         [01;31m[K^~~~~~[m[K
[01m[K/home/zebby/ws1/src/my_robot_pkg/src/motor_driver.cpp:27:29:[m[K [01;31m[Kerror: [m[K‘[01m[KMotorType[m[K’ has not been declared
   27 |         motor3.SetMotorType([01;31m[KMotorType[m[K::kBrushless);
      |                             [01;31m[K^~~~~~~~~[m[K
[01m[K/home/zebby/ws1/src/my_robot_pkg/src/motor_driver.cpp:28:9:[m[K [01;31m[Kerror: [m[K‘[01m[Kmotor4[m[K’ was not declared in this scope
   28 |         [01;31m[Kmotor4[m[K.SetMotorType(MotorType::kBrushless);
      |         [01;31m[K^~~~~~[m[K
[01m[K/home/zebby/ws1/src/my_robot_pkg/src/motor_driver.cpp:28:29:[m[K [01;31m[Kerror: [m[K‘[01m[KMotorType[m[K’ has not been declared
   28 |         motor4.SetMotorType([01;31m[KMotorType[m[K::kBrushless);
      |                             [01;31m[K^~~~~~~~~[m[K
[01m[K/home/zebby/ws1/src/my_robot_pkg/src/motor_driver.cpp:30:28:[m[K [01;31m[Kerror: [m[K‘[01m[KIdleMode[m[K’ has not been declared
   30 |         motor1.SetIdleMode([01;31m[KIdleMode[m[K::kBrake);
      |                            [01;31m[K^~~~~~~~[m[K
[01m[K/home/zebby/ws1/src/my_robot_pkg/src/motor_driver.cpp:31:28:[m[K [01;31m[Kerror: [m[K‘[01m[KIdleMode[m[K’ has not been declared
   31 |         motor2.SetIdleMode([01;31m[KIdleMode[m[K::kBrake);
      |                            [01;31m[K^~~~~~~~[m[K
[01m[K/home/zebby/ws1/src/my_robot_pkg/src/motor_driver.cpp:32:28:[m[K [01;31m[Kerror: [m[K‘[01m[KIdleMode[m[K’ has not been declared
   32 |         motor3.SetIdleMode([01;31m[KIdleMode[m[K::kBrake);
      |                            [01;31m[K^~~~~~~~[m[K
[01m[K/home/zebby/ws1/src/my_robot_pkg/src/motor_driver.cpp:33:28:[m[K [01;31m[Kerror: [m[K‘[01m[KIdleMode[m[K’ has not been declared
   33 |         motor4.SetIdleMode([01;31m[KIdleMode[m[K::kBrake);
      |                            [01;31m[K^~~~~~~~[m[K
[01m[K/home/zebby/ws1/src/my_robot_pkg/src/motor_driver.cpp:35:30:[m[K [01;31m[Kerror: [m[K‘[01m[KSensorType[m[K’ has not been declared
   35 |         motor1.SetSensorType([01;31m[KSensorType[m[K::kHallSensor);
      |                              [01;31m[K^~~~~~~~~~[m[K
[01m[K/home/zebby/ws1/src/my_robot_pkg/src/motor_driver.cpp:36:30:[m[K [01;31m[Kerror: [m[K‘[01m[KSensorType[m[K’ has not been declared
   36 |         motor2.SetSensorType([01;31m[KSensorType[m[K::kHallSensor);
      |                              [01;31m[K^~~~~~~~~~[m[K
[01m[K/home/zebby/ws1/src/my_robot_pkg/src/motor_driver.cpp:37:30:[m[K [01;31m[Kerror: [m[K‘[01m[KSensorType[m[K’ has not been declared
   37 |         motor3.SetSensorType([01;31m[KSensorType[m[K::kHallSensor);
      |                              [01;31m[K^~~~~~~~~~[m[K
[01m[K/home/zebby/ws1/src/my_robot_pkg/src/motor_driver.cpp:38:30:[m[K [01;31m[Kerror: [m[K‘[01m[KSensorType[m[K’ has not been declared
   38 |         motor4.SetSensorType([01;31m[KSensorType[m[K::kHallSensor);
      |                              [01;31m[K^~~~~~~~~~[m[K
[01m[K/home/zebby/ws1/src/my_robot_pkg/src/motor_driver.cpp:[m[K In member function ‘[01m[Kvoid MotorDriver::cmd_callback(std_msgs::msg::String_<std::allocator<void> >::SharedPtr)[m[K’:
[01m[K/home/zebby/ws1/src/my_robot_pkg/src/motor_driver.cpp:58:13:[m[K [01;31m[Kerror: [m[K‘[01m[Kmotor1[m[K’ was not declared in this scope
   58 |             [01;31m[Kmotor1[m[K.SetDutyCycle(0.5);
      |             [01;31m[K^~~~~~[m[K
[01m[K/home/zebby/ws1/src/my_robot_pkg/src/motor_driver.cpp:59:13:[m[K [01;31m[Kerror: [m[K‘[01m[Kmotor2[m[K’ was not declared in this scope
   59 |             [01;31m[Kmotor2[m[K.SetDutyCycle(0.5);
      |             [01;31m[K^~~~~~[m[K
[01m[K/home/zebby/ws1/src/my_robot_pkg/src/motor_driver.cpp:60:13:[m[K [01;31m[Kerror: [m[K‘[01m[Kmotor3[m[K’ was not declared in this scope
   60 |             [01;31m[Kmotor3[m[K.SetDutyCycle(0.5);
      |             [01;31m[K^~~~~~[m[K
[01m[K/home/zebby/ws1/src/my_robot_pkg/src/motor_driver.cpp:61:13:[m[K [01;31m[Kerror: [m[K‘[01m[Kmotor4[m[K’ was not declared in this scope
   61 |             [01;31m[Kmotor4[m[K.SetDutyCycle(0.5);
      |             [01;31m[K^~~~~~[m[K
[01m[K/home/zebby/ws1/src/my_robot_pkg/src/motor_driver.cpp:63:13:[m[K [01;31m[Kerror: [m[K‘[01m[Kmotor1[m[K’ was not declared in this scope
   63 |             [01;31m[Kmotor1[m[K.SetDutyCycle(-0.5);
      |             [01;31m[K^~~~~~[m[K
[01m[K/home/zebby/ws1/src/my_robot_pkg/src/motor_driver.cpp:64:13:[m[K [01;31m[Kerror: [m[K‘[01m[Kmotor2[m[K’ was not declared in this scope
   64 |             [01;31m[Kmotor2[m[K.SetDutyCycle(-0.5);
      |             [01;31m[K^~~~~~[m[K
[01m[K/home/zebby/ws1/src/my_robot_pkg/src/motor_driver.cpp:65:13:[m[K [01;31m[Kerror: [m[K‘[01m[Kmotor3[m[K’ was not declared in this scope
   65 |             [01;31m[Kmotor3[m[K.SetDutyCycle(0.5);
      |             [01;31m[K^~~~~~[m[K
[01m[K/home/zebby/ws1/src/my_robot_pkg/src/motor_driver.cpp:66:13:[m[K [01;31m[Kerror: [m[K‘[01m[Kmotor4[m[K’ was not declared in this scope
   66 |             [01;31m[Kmotor4[m[K.SetDutyCycle(0.5);
      |             [01;31m[K^~~~~~[m[K
[01m[K/home/zebby/ws1/src/my_robot_pkg/src/motor_driver.cpp:68:13:[m[K [01;31m[Kerror: [m[K‘[01m[Kmotor1[m[K’ was not declared in this scope
   68 |             [01;31m[Kmotor1[m[K.SetDutyCycle(-0.5);
      |             [01;31m[K^~~~~~[m[K
[01m[K/home/zebby/ws1/src/my_robot_pkg/src/motor_driver.cpp:69:13:[m[K [01;31m[Kerror: [m[K‘[01m[Kmotor2[m[K’ was not declared in this scope
   69 |             [01;31m[Kmotor2[m[K.SetDutyCycle(-0.5);
      |             [01;31m[K^~~~~~[m[K
[01m[K/home/zebby/ws1/src/my_robot_pkg/src/motor_driver.cpp:70:13:[m[K [01;31m[Kerror: [m[K‘[01m[Kmotor3[m[K’ was not declared in this scope
   70 |             [01;31m[Kmotor3[m[K.SetDutyCycle(-0.5);
      |             [01;31m[K^~~~~~[m[K
[01m[K/home/zebby/ws1/src/my_robot_pkg/src/motor_driver.cpp:71:13:[m[K [01;31m[Kerror: [m[K‘[01m[Kmotor4[m[K’ was not declared in this scope
   71 |             [01;31m[Kmotor4[m[K.SetDutyCycle(-0.5);
      |             [01;31m[K^~~~~~[m[K
[01m[K/home/zebby/ws1/src/my_robot_pkg/src/motor_driver.cpp:73:13:[m[K [01;31m[Kerror: [m[K‘[01m[Kmotor1[m[K’ was not declared in this scope
   73 |             [01;31m[Kmotor1[m[K.SetDutyCycle(0.5);
      |             [01;31m[K^~~~~~[m[K
[01m[K/home/zebby/ws1/src/my_robot_pkg/src/motor_driver.cpp:74:13:[m[K [01;31m[Kerror: [m[K‘[01m[Kmotor2[m[K’ was not declared in this scope
   74 |             [01;31m[Kmotor2[m[K.SetDutyCycle(0.5);
      |             [01;31m[K^~~~~~[m[K
[01m[K/home/zebby/ws1/src/my_robot_pkg/src/motor_driver.cpp:75:13:[m[K [01;31m[Kerror: [m[K‘[01m[Kmotor3[m[K’ was not declared in this scope
   75 |             [01;31m[Kmotor3[m[K.SetDutyCycle(-0.5);
      |             [01;31m[K^~~~~~[m[K
[01m[K/home/zebby/ws1/src/my_robot_pkg/src/motor_driver.cpp:76:13:[m[K [01;31m[Kerror: [m[K‘[01m[Kmotor4[m[K’ was not declared in this scope
   76 |             [01;31m[Kmotor4[m[K.SetDutyCycle(-0.5);
      |             [01;31m[K^~~~~~[m[K
[01m[K/home/zebby/ws1/src/my_robot_pkg/src/motor_driver.cpp:78:13:[m[K [01;31m[Kerror: [m[K‘[01m[Kmotor1[m[K’ was not declared in this scope
   78 |             [01;31m[Kmotor1[m[K.SetDutyCycle(0.0);
      |             [01;31m[K^~~~~~[m[K
[01m[K/home/zebby/ws1/src/my_robot_pkg/src/motor_driver.cpp:79:13:[m[K [01;31m[Kerror: [m[K‘[01m[Kmotor2[m[K’ was not declared in this scope
   79 |             [01;31m[Kmotor2[m[K.SetDutyCycle(0.0);
      |             [01;31m[K^~~~~~[m[K
[01m[K/home/zebby/ws1/src/my_robot_pkg/src/motor_driver.cpp:80:13:[m[K [01;31m[Kerror: [m[K‘[01m[Kmotor3[m[K’ was not declared in this scope
   80 |             [01;31m[Kmotor3[m[K.SetDutyCycle(0.0);
      |             [01;31m[K^~~~~~[m[K
[01m[K/home/zebby/ws1/src/my_robot_pkg/src/motor_driver.cpp:81:13:[m[K [01;31m[Kerror: [m[K‘[01m[Kmotor4[m[K’ was not declared in this scope
   81 |             [01;31m[Kmotor4[m[K.SetDutyCycle(0.0);
      |             [01;31m[K^~~~~~[m[K
gmake[2]: *** [CMakeFiles/motor_driver.dir/build.make:79: CMakeFiles/motor_driver.dir/src/motor_driver.cpp.o] Error 1
gmake[1]: *** [CMakeFiles/Makefile2:140: CMakeFiles/motor_driver.dir/all] Error 2
gmake: *** [Makefile:149: all] Error 2
