[0.008s] Invoking command in '/home/zebby/ws1/build/my_robot_pkg': CMAKE_PREFIX_PATH=${CMAKE_PREFIX_PATH}:/home/zebby/ros2_ws/install/ros2_controllers_test_nodes:/opt/ros/humble /usr/bin/cmake /home/zebby/ws1/src/my_robot_pkg -DCMAKE_INSTALL_PREFIX=/home/zebby/ws1/install/my_robot_pkg
[0.014s] -- Found ament_cmake: 1.3.12 (/opt/ros/humble/share/ament_cmake/cmake)
[0.090s] -- Found rclcpp: 16.0.16 (/opt/ros/humble/share/rclcpp/cmake)
[0.146s] -- Found rosidl_generator_c: 3.1.7 (/opt/ros/humble/share/rosidl_generator_c/cmake)
[0.146s] -- Found rosidl_adapter: 3.1.7 (/opt/ros/humble/share/rosidl_adapter/cmake)
[0.150s] -- Found rosidl_generator_cpp: 3.1.7 (/opt/ros/humble/share/rosidl_generator_cpp/cmake)
[0.156s] -- Using all available rosidl_typesupport_c: rosidl_typesupport_fastrtps_c;rosidl_typesupport_introspection_c
[0.163s] -- Using all available rosidl_typesupport_cpp: rosidl_typesupport_fastrtps_cpp;rosidl_typesupport_introspection_cpp
[0.182s] -- Found rmw_implementation_cmake: 6.1.2 (/opt/ros/humble/share/rmw_implementation_cmake/cmake)
[0.183s] -- Found rmw_fastrtps_cpp: 6.2.9 (/opt/ros/humble/share/rmw_fastrtps_cpp/cmake)
[1.876s] -- Using RMW implementation 'rmw_fastrtps_cpp' as default
[1.904s] -- Found rclpy: 3.3.19 (/opt/ros/humble/share/rclpy/cmake)
[1.905s] -- Found ament_lint_auto: 0.12.14 (/opt/ros/humble/share/ament_lint_auto/cmake)
[1.950s] -- Added test 'cppcheck' to perform static code analysis on C / C++ code
[1.950s] -- Configured cppcheck include dirs: $<BUILD_INTERFACE:/home/zebby/ws1/src/my_robot_pkg/include>
[1.950s] -- Configured cppcheck exclude dirs and/or files: 
[1.950s] -- Added test 'flake8' to check Python code syntax and style conventions
[1.951s] -- Added test 'lint_cmake' to check CMake code style
[1.951s] -- Added test 'pep257' to check Python code against some of the docstring style conventions in PEP 257
[1.951s] -- Added test 'uncrustify' to check C / C++ code style
[1.951s] -- Configured uncrustify additional arguments: 
[1.951s] -- Added test 'xmllint' to check XML markup files
[1.952s] -- Configuring done
[1.958s] -- Generating done
[1.961s] -- Build files have been written to: /home/zebby/ws1/build/my_robot_pkg
[1.967s] Invoked command in '/home/zebby/ws1/build/my_robot_pkg' returned '0': CMAKE_PREFIX_PATH=${CMAKE_PREFIX_PATH}:/home/zebby/ros2_ws/install/ros2_controllers_test_nodes:/opt/ros/humble /usr/bin/cmake /home/zebby/ws1/src/my_robot_pkg -DCMAKE_INSTALL_PREFIX=/home/zebby/ws1/install/my_robot_pkg
[1.968s] Invoking command in '/home/zebby/ws1/build/my_robot_pkg': CMAKE_PREFIX_PATH=${CMAKE_PREFIX_PATH}:/home/zebby/ros2_ws/install/ros2_controllers_test_nodes:/opt/ros/humble /usr/bin/cmake --build /home/zebby/ws1/build/my_robot_pkg -- -j20 -l20
[1.977s] /usr/bin/cmake -S/home/zebby/ws1/src/my_robot_pkg -B/home/zebby/ws1/build/my_robot_pkg --check-build-system CMakeFiles/Makefile.cmake 0
[1.984s] /usr/bin/cmake -E cmake_progress_start /home/zebby/ws1/build/my_robot_pkg/CMakeFiles /home/zebby/ws1/build/my_robot_pkg//CMakeFiles/progress.marks
[1.988s] /usr/bin/gmake  -f CMakeFiles/Makefile2 all
[1.989s] gmake[1]: Entering directory '/home/zebby/ws1/build/my_robot_pkg'
[1.989s] /usr/bin/gmake  -f CMakeFiles/motor_driver.dir/build.make CMakeFiles/motor_driver.dir/depend
[1.990s] gmake[2]: Entering directory '/home/zebby/ws1/build/my_robot_pkg'
[1.990s] cd /home/zebby/ws1/build/my_robot_pkg && /usr/bin/cmake -E cmake_depends "Unix Makefiles" /home/zebby/ws1/src/my_robot_pkg /home/zebby/ws1/src/my_robot_pkg /home/zebby/ws1/build/my_robot_pkg /home/zebby/ws1/build/my_robot_pkg /home/zebby/ws1/build/my_robot_pkg/CMakeFiles/motor_driver.dir/DependInfo.cmake --color=
[1.995s] Dependencies file "CMakeFiles/motor_driver.dir/src/motor_driver.cpp.o.d" is newer than depends file "/home/zebby/ws1/build/my_robot_pkg/CMakeFiles/motor_driver.dir/compiler_depend.internal".
[1.995s] [35m[1mConsolidate compiler generated dependencies of target motor_driver[0m
[1.996s] gmake[2]: Leaving directory '/home/zebby/ws1/build/my_robot_pkg'
[1.996s] /usr/bin/gmake  -f CMakeFiles/motor_driver.dir/build.make CMakeFiles/motor_driver.dir/build
[1.997s] gmake[2]: Entering directory '/home/zebby/ws1/build/my_robot_pkg'
[2.001s] [ 50%] [32m[1mLinking CXX executable motor_driver[0m
[2.002s] /usr/bin/cmake -E cmake_link_script CMakeFiles/motor_driver.dir/link.txt --verbose=1
[2.006s] /usr/bin/c++ CMakeFiles/motor_driver.dir/src/motor_driver.cpp.o -o motor_driver  -Wl,-rpath,/opt/ros/humble/lib: /opt/ros/humble/lib/librclcpp.so /opt/ros/humble/lib/libstd_msgs__rosidl_typesupport_fastrtps_c.so /opt/ros/humble/lib/libstd_msgs__rosidl_typesupport_fastrtps_cpp.so /opt/ros/humble/lib/libstd_msgs__rosidl_typesupport_introspection_c.so /opt/ros/humble/lib/libstd_msgs__rosidl_typesupport_introspection_cpp.so /opt/ros/humble/lib/libstd_msgs__rosidl_typesupport_cpp.so /opt/ros/humble/lib/libstd_msgs__rosidl_generator_py.so /opt/ros/humble/lib/liblibstatistics_collector.so /opt/ros/humble/lib/librcl.so /opt/ros/humble/lib/librmw_implementation.so /opt/ros/humble/lib/libament_index_cpp.so /opt/ros/humble/lib/librcl_logging_spdlog.so /opt/ros/humble/lib/librcl_logging_interface.so /opt/ros/humble/lib/librcl_interfaces__rosidl_typesupport_fastrtps_c.so /opt/ros/humble/lib/librcl_interfaces__rosidl_typesupport_introspection_c.so /opt/ros/humble/lib/librcl_interfaces__rosidl_typesupport_fastrtps_cpp.so /opt/ros/humble/lib/librcl_interfaces__rosidl_typesupport_introspection_cpp.so /opt/ros/humble/lib/librcl_interfaces__rosidl_typesupport_cpp.so /opt/ros/humble/lib/librcl_interfaces__rosidl_generator_py.so /opt/ros/humble/lib/librcl_interfaces__rosidl_typesupport_c.so /opt/ros/humble/lib/librcl_interfaces__rosidl_generator_c.so /opt/ros/humble/lib/librcl_yaml_param_parser.so /opt/ros/humble/lib/libyaml.so /opt/ros/humble/lib/librosgraph_msgs__rosidl_typesupport_fastrtps_c.so /opt/ros/humble/lib/librosgraph_msgs__rosidl_typesupport_fastrtps_cpp.so /opt/ros/humble/lib/librosgraph_msgs__rosidl_typesupport_introspection_c.so /opt/ros/humble/lib/librosgraph_msgs__rosidl_typesupport_introspection_cpp.so /opt/ros/humble/lib/librosgraph_msgs__rosidl_typesupport_cpp.so /opt/ros/humble/lib/librosgraph_msgs__rosidl_generator_py.so /opt/ros/humble/lib/librosgraph_msgs__rosidl_typesupport_c.so /opt/ros/humble/lib/librosgraph_msgs__rosidl_generator_c.so /opt/ros/humble/lib/libstatistics_msgs__rosidl_typesupport_fastrtps_c.so /opt/ros/humble/lib/libstatistics_msgs__rosidl_typesupport_fastrtps_cpp.so /opt/ros/humble/lib/libstatistics_msgs__rosidl_typesupport_introspection_c.so /opt/ros/humble/lib/libstatistics_msgs__rosidl_typesupport_introspection_cpp.so /opt/ros/humble/lib/libstatistics_msgs__rosidl_typesupport_cpp.so /opt/ros/humble/lib/libstatistics_msgs__rosidl_generator_py.so /opt/ros/humble/lib/libstatistics_msgs__rosidl_typesupport_c.so /opt/ros/humble/lib/libstatistics_msgs__rosidl_generator_c.so /opt/ros/humble/lib/libtracetools.so /opt/ros/humble/lib/libbuiltin_interfaces__rosidl_typesupport_fastrtps_c.so /opt/ros/humble/lib/librosidl_typesupport_fastrtps_c.so /opt/ros/humble/lib/libbuiltin_interfaces__rosidl_typesupport_fastrtps_cpp.so /opt/ros/humble/lib/librosidl_typesupport_fastrtps_cpp.so /opt/ros/humble/lib/libfastcdr.so.1.0.24 /opt/ros/humble/lib/librmw.so /opt/ros/humble/lib/libbuiltin_interfaces__rosidl_typesupport_introspection_c.so /opt/ros/humble/lib/libbuiltin_interfaces__rosidl_typesupport_introspection_cpp.so /opt/ros/humble/lib/librosidl_typesupport_introspection_cpp.so /opt/ros/humble/lib/librosidl_typesupport_introspection_c.so /opt/ros/humble/lib/libbuiltin_interfaces__rosidl_typesupport_cpp.so /opt/ros/humble/lib/librosidl_typesupport_cpp.so /opt/ros/humble/lib/libstd_msgs__rosidl_typesupport_c.so /opt/ros/humble/lib/libstd_msgs__rosidl_generator_c.so /opt/ros/humble/lib/libbuiltin_interfaces__rosidl_generator_py.so /opt/ros/humble/lib/libbuiltin_interfaces__rosidl_typesupport_c.so /opt/ros/humble/lib/libbuiltin_interfaces__rosidl_generator_c.so /opt/ros/humble/lib/librosidl_typesupport_c.so /opt/ros/humble/lib/librcpputils.so /opt/ros/humble/lib/librosidl_runtime_c.so /opt/ros/humble/lib/librcutils.so -ldl /usr/lib/x86_64-linux-gnu/libpython3.10.so 
[2.056s] /usr/bin/ld: /usr/lib/gcc/x86_64-linux-gnu/11/../../../x86_64-linux-gnu/Scrt1.o: in function `_start':
[2.056s] (.text+0x1b): undefined reference to `main'
[2.057s] collect2: error: ld returned 1 exit status
[2.058s] gmake[2]: *** [CMakeFiles/motor_driver.dir/build.make:162: motor_driver] Error 1
[2.058s] gmake[2]: Leaving directory '/home/zebby/ws1/build/my_robot_pkg'
[2.058s] gmake[1]: *** [CMakeFiles/Makefile2:140: CMakeFiles/motor_driver.dir/all] Error 2
[2.058s] gmake[1]: Leaving directory '/home/zebby/ws1/build/my_robot_pkg'
[2.058s] gmake: *** [Makefile:149: all] Error 2
[2.060s] Invoked command in '/home/zebby/ws1/build/my_robot_pkg' returned '2': CMAKE_PREFIX_PATH=${CMAKE_PREFIX_PATH}:/home/zebby/ros2_ws/install/ros2_controllers_test_nodes:/opt/ros/humble /usr/bin/cmake --build /home/zebby/ws1/build/my_robot_pkg -- -j20 -l20
