[0.007s] Invoking command in '/home/zebby/ws1/build/my_robot_pkg': CMAKE_PREFIX_PATH=${CMAKE_PREFIX_PATH}:/home/zebby/ros2_ws/install/ros2_controllers_test_nodes:/opt/ros/humble /usr/bin/cmake --build /home/zebby/ws1/build/my_robot_pkg -- -j20 -l20
[0.035s] [100%] Built target motor_driver
[0.041s] Invoked command in '/home/zebby/ws1/build/my_robot_pkg' returned '0': CMAKE_PREFIX_PATH=${CMAKE_PREFIX_PATH}:/home/zebby/ros2_ws/install/ros2_controllers_test_nodes:/opt/ros/humble /usr/bin/cmake --build /home/zebby/ws1/build/my_robot_pkg -- -j20 -l20
[0.047s] Invoking command in '/home/zebby/ws1/build/my_robot_pkg': CMAKE_PREFIX_PATH=${CMAKE_PREFIX_PATH}:/home/zebby/ros2_ws/install/ros2_controllers_test_nodes:/opt/ros/humble /usr/bin/cmake --install /home/zebby/ws1/build/my_robot_pkg
[0.051s] -- Install configuration: ""
[0.051s] -- Up-to-date: /home/zebby/ws1/install/my_robot_pkg/lib/my_robot_pkg/motor_driver
[0.051s] -- Up-to-date: /home/zebby/ws1/install/my_robot_pkg/include
[0.051s] -- Up-to-date: /home/zebby/ws1/install/my_robot_pkg/include/my_robot_pkg
[0.051s] -- Up-to-date: /home/zebby/ws1/install/my_robot_pkg/lib/my_robot_pkg/command_sender.py
[0.051s] -- Up-to-date: /home/zebby/ws1/install/my_robot_pkg/share/my_robot_pkg/launch
[0.051s] -- Up-to-date: /home/zebby/ws1/install/my_robot_pkg/share/my_robot_pkg/launch/robot_launch.py
[0.051s] -- Up-to-date: /home/zebby/ws1/install/my_robot_pkg/share/ament_index/resource_index/package_run_dependencies/my_robot_pkg
[0.052s] -- Up-to-date: /home/zebby/ws1/install/my_robot_pkg/share/ament_index/resource_index/parent_prefix_path/my_robot_pkg
[0.052s] -- Up-to-date: /home/zebby/ws1/install/my_robot_pkg/share/my_robot_pkg/environment/ament_prefix_path.sh
[0.052s] -- Up-to-date: /home/zebby/ws1/install/my_robot_pkg/share/my_robot_pkg/environment/ament_prefix_path.dsv
[0.052s] -- Up-to-date: /home/zebby/ws1/install/my_robot_pkg/share/my_robot_pkg/environment/path.sh
[0.052s] -- Up-to-date: /home/zebby/ws1/install/my_robot_pkg/share/my_robot_pkg/environment/path.dsv
[0.052s] -- Up-to-date: /home/zebby/ws1/install/my_robot_pkg/share/my_robot_pkg/local_setup.bash
[0.052s] -- Up-to-date: /home/zebby/ws1/install/my_robot_pkg/share/my_robot_pkg/local_setup.sh
[0.052s] -- Up-to-date: /home/zebby/ws1/install/my_robot_pkg/share/my_robot_pkg/local_setup.zsh
[0.052s] -- Up-to-date: /home/zebby/ws1/install/my_robot_pkg/share/my_robot_pkg/local_setup.dsv
[0.052s] -- Installing: /home/zebby/ws1/install/my_robot_pkg/share/my_robot_pkg/package.dsv
[0.052s] -- Up-to-date: /home/zebby/ws1/install/my_robot_pkg/share/ament_index/resource_index/packages/my_robot_pkg
[0.052s] -- Up-to-date: /home/zebby/ws1/install/my_robot_pkg/share/my_robot_pkg/cmake/ament_cmake_export_include_directories-extras.cmake
[0.052s] -- Up-to-date: /home/zebby/ws1/install/my_robot_pkg/share/my_robot_pkg/cmake/ament_cmake_export_dependencies-extras.cmake
[0.052s] -- Up-to-date: /home/zebby/ws1/install/my_robot_pkg/share/my_robot_pkg/cmake/my_robot_pkgConfig.cmake
[0.052s] -- Up-to-date: /home/zebby/ws1/install/my_robot_pkg/share/my_robot_pkg/cmake/my_robot_pkgConfig-version.cmake
[0.052s] -- Up-to-date: /home/zebby/ws1/install/my_robot_pkg/share/my_robot_pkg/package.xml
[0.053s] Invoked command in '/home/zebby/ws1/build/my_robot_pkg' returned '0': CMAKE_PREFIX_PATH=${CMAKE_PREFIX_PATH}:/home/zebby/ros2_ws/install/ros2_controllers_test_nodes:/opt/ros/humble /usr/bin/cmake --install /home/zebby/ws1/build/my_robot_pkg
