[0.010s] Invoking command in '/home/zebby/ws1/build/my_robot_pkg': CMAKE_PREFIX_PATH=${CMAKE_PREFIX_PATH}:/home/zebby/ros2_ws/install/ros2_controllers_test_nodes:/opt/ros/humble /usr/bin/cmake /home/zebby/ws1/src/my_robot_pkg -DCMAKE_INSTALL_PREFIX=/home/zebby/ws1/install/my_robot_pkg
[0.241s] -- The C compiler identification is GNU 11.4.0
[0.484s] -- The CXX compiler identification is GNU 11.4.0
[0.595s] -- Detecting C compiler ABI info
[0.674s] -- Detecting C compiler ABI info - done
[0.678s] -- Check for working C compiler: /usr/bin/cc - skipped
[0.679s] -- Detecting C compile features
[0.680s] -- Detecting C compile features - done
[0.682s] -- Detecting CXX compiler ABI info
[0.762s] -- Detecting CXX compiler ABI info - done
[0.766s] -- Check for working CXX compiler: /usr/bin/c++ - skipped
[0.766s] -- Detecting CXX compile features
[0.767s] -- Detecting CXX compile features - done
[0.784s] -- Found ament_cmake: 1.3.12 (/opt/ros/humble/share/ament_cmake/cmake)
[0.884s] -- Found Python3: /usr/bin/python3 (found version "3.10.12") found components: Interpreter 
[0.963s] -- Found rclcpp: 16.0.16 (/opt/ros/humble/share/rclcpp/cmake)
[1.054s] -- Found rosidl_generator_c: 3.1.7 (/opt/ros/humble/share/rosidl_generator_c/cmake)
[1.060s] -- Found rosidl_adapter: 3.1.7 (/opt/ros/humble/share/rosidl_adapter/cmake)
[1.068s] -- Found rosidl_generator_cpp: 3.1.7 (/opt/ros/humble/share/rosidl_generator_cpp/cmake)
[1.086s] -- Using all available rosidl_typesupport_c: rosidl_typesupport_fastrtps_c;rosidl_typesupport_introspection_c
[1.105s] -- Using all available rosidl_typesupport_cpp: rosidl_typesupport_fastrtps_cpp;rosidl_typesupport_introspection_cpp
[1.152s] -- Found rmw_implementation_cmake: 6.1.2 (/opt/ros/humble/share/rmw_implementation_cmake/cmake)
[1.155s] -- Found rmw_fastrtps_cpp: 6.2.9 (/opt/ros/humble/share/rmw_fastrtps_cpp/cmake)
[1.616s] -- Found OpenSSL: /usr/lib/x86_64-linux-gnu/libcrypto.so (found version "3.0.2")  
[2.093s] -- Found FastRTPS: /opt/ros/humble/include  
[2.926s] -- Using RMW implementation 'rmw_fastrtps_cpp' as default
[2.937s] -- Looking for pthread.h
[3.015s] -- Looking for pthread.h - found
[3.016s] -- Performing Test CMAKE_HAVE_LIBC_PTHREAD
[3.084s] -- Performing Test CMAKE_HAVE_LIBC_PTHREAD - Success
[3.085s] -- Found Threads: TRUE  
[3.141s] -- Found rclpy: 3.3.19 (/opt/ros/humble/share/rclpy/cmake)
[3.144s] -- Found ament_lint_auto: 0.12.14 (/opt/ros/humble/share/ament_lint_auto/cmake)
[3.202s] -- Added test 'cppcheck' to perform static code analysis on C / C++ code
[3.202s] -- Configured cppcheck include dirs: $<BUILD_INTERFACE:/home/zebby/ws1/src/my_robot_pkg/include>
[3.202s] -- Configured cppcheck exclude dirs and/or files: 
[3.203s] -- Added test 'flake8' to check Python code syntax and style conventions
[3.203s] -- Added test 'lint_cmake' to check CMake code style
[3.204s] -- Added test 'pep257' to check Python code against some of the docstring style conventions in PEP 257
[3.205s] -- Added test 'uncrustify' to check C / C++ code style
[3.205s] -- Configured uncrustify additional arguments: 
[3.205s] -- Added test 'xmllint' to check XML markup files
[3.209s] -- Configuring done
[3.215s] -- Generating done
[3.217s] -- Build files have been written to: /home/zebby/ws1/build/my_robot_pkg
[3.223s] Invoked command in '/home/zebby/ws1/build/my_robot_pkg' returned '0': CMAKE_PREFIX_PATH=${CMAKE_PREFIX_PATH}:/home/zebby/ros2_ws/install/ros2_controllers_test_nodes:/opt/ros/humble /usr/bin/cmake /home/zebby/ws1/src/my_robot_pkg -DCMAKE_INSTALL_PREFIX=/home/zebby/ws1/install/my_robot_pkg
[3.225s] Invoking command in '/home/zebby/ws1/build/my_robot_pkg': CMAKE_PREFIX_PATH=${CMAKE_PREFIX_PATH}:/home/zebby/ros2_ws/install/ros2_controllers_test_nodes:/opt/ros/humble /usr/bin/cmake --build /home/zebby/ws1/build/my_robot_pkg -- -j20 -l20
[3.255s] [ 50%] [32mBuilding CXX object CMakeFiles/motor_driver.dir/src/motor_driver.cpp.o[0m
[3.273s] [100%] [32m[1mLinking CXX executable motor_driver[0m
[3.357s] /usr/bin/ld: /usr/lib/gcc/x86_64-linux-gnu/11/../../../x86_64-linux-gnu/Scrt1.o: in function `_start':
[3.357s] (.text+0x1b): undefined reference to `main'
[3.358s] collect2: error: ld returned 1 exit status
[3.359s] gmake[2]: *** [CMakeFiles/motor_driver.dir/build.make:159: motor_driver] Error 1
[3.359s] gmake[1]: *** [CMakeFiles/Makefile2:137: CMakeFiles/motor_driver.dir/all] Error 2
[3.359s] gmake: *** [Makefile:146: all] Error 2
[3.361s] Invoked command in '/home/zebby/ws1/build/my_robot_pkg' returned '2': CMAKE_PREFIX_PATH=${CMAKE_PREFIX_PATH}:/home/zebby/ros2_ws/install/ros2_controllers_test_nodes:/opt/ros/humble /usr/bin/cmake --build /home/zebby/ws1/build/my_robot_pkg -- -j20 -l20
