[0.015s] Invoking command in '/home/zebby/ws1/build/my_robot_pkg': CMAKE_PREFIX_PATH=${CMAKE_PREFIX_PATH}:/home/zebby/ros2_ws/install/ros2_controllers_test_nodes:/opt/ros/humble /usr/bin/cmake --build /home/zebby/ws1/build/my_robot_pkg -- -j20 -l20
[0.085s] /usr/bin/cmake -S/home/zebby/ws1/src/my_robot_pkg -B/home/zebby/ws1/build/my_robot_pkg --check-build-system CMakeFiles/Makefile.cmake 0
[0.094s] Re-run cmake file: Makefile older than: /home/zebby/ws1/src/my_robot_pkg/CMakeLists.txt
[0.113s] -- Found ament_cmake: 1.3.12 (/opt/ros/humble/share/ament_cmake/cmake)
[0.265s] -- Found rclcpp: 16.0.16 (/opt/ros/humble/share/rclcpp/cmake)
[0.411s] -- Found rosidl_generator_c: 3.1.7 (/opt/ros/humble/share/rosidl_generator_c/cmake)
[0.415s] -- Found rosidl_adapter: 3.1.7 (/opt/ros/humble/share/rosidl_adapter/cmake)
[0.426s] -- Found rosidl_generator_cpp: 3.1.7 (/opt/ros/humble/share/rosidl_generator_cpp/cmake)
[0.444s] -- Using all available rosidl_typesupport_c: rosidl_typesupport_fastrtps_c;rosidl_typesupport_introspection_c
[0.462s] -- Using all available rosidl_typesupport_cpp: rosidl_typesupport_fastrtps_cpp;rosidl_typesupport_introspection_cpp
[0.513s] -- Found rmw_implementation_cmake: 6.1.2 (/opt/ros/humble/share/rmw_implementation_cmake/cmake)
[0.516s] -- Found rmw_fastrtps_cpp: 6.2.9 (/opt/ros/humble/share/rmw_fastrtps_cpp/cmake)
[3.842s] -- Using RMW implementation 'rmw_fastrtps_cpp' as default
[3.914s] -- Found rclpy: 3.3.19 (/opt/ros/humble/share/rclpy/cmake)
[3.916s] -- Found ament_lint_auto: 0.12.14 (/opt/ros/humble/share/ament_lint_auto/cmake)
[3.987s] -- Added test 'cppcheck' to perform static code analysis on C / C++ code
[3.987s] -- Configured cppcheck include dirs: $<BUILD_INTERFACE:/home/zebby/ws1/src/my_robot_pkg/include>;$<BUILD_INTERFACE:/home/zebby/ws1/src/my_robot_pkg/src>
[3.987s] -- Configured cppcheck exclude dirs and/or files: 
[3.987s] -- Added test 'flake8' to check Python code syntax and style conventions
[3.987s] -- Added test 'lint_cmake' to check CMake code style
[3.988s] -- Added test 'pep257' to check Python code against some of the docstring style conventions in PEP 257
[3.988s] -- Added test 'uncrustify' to check C / C++ code style
[3.989s] -- Configured uncrustify additional arguments: 
[3.989s] -- Added test 'xmllint' to check XML markup files
[3.995s] -- Configuring done
[4.012s] -- Generating done
[4.015s] -- Build files have been written to: /home/zebby/ws1/build/my_robot_pkg
[4.027s] /usr/bin/cmake -E cmake_progress_start /home/zebby/ws1/build/my_robot_pkg/CMakeFiles /home/zebby/ws1/build/my_robot_pkg//CMakeFiles/progress.marks
[4.033s] /usr/bin/gmake  -f CMakeFiles/Makefile2 all
[4.034s] gmake[1]: Entering directory '/home/zebby/ws1/build/my_robot_pkg'
[4.034s] /usr/bin/gmake  -f CMakeFiles/motor_driver.dir/build.make CMakeFiles/motor_driver.dir/depend
[4.035s] gmake[2]: Entering directory '/home/zebby/ws1/build/my_robot_pkg'
[4.035s] cd /home/zebby/ws1/build/my_robot_pkg && /usr/bin/cmake -E cmake_depends "Unix Makefiles" /home/zebby/ws1/src/my_robot_pkg /home/zebby/ws1/src/my_robot_pkg /home/zebby/ws1/build/my_robot_pkg /home/zebby/ws1/build/my_robot_pkg /home/zebby/ws1/build/my_robot_pkg/CMakeFiles/motor_driver.dir/DependInfo.cmake --color=
[4.044s] Dependencies file "CMakeFiles/motor_driver.dir/src/motor_driver.cpp.o.d" is newer than depends file "/home/zebby/ws1/build/my_robot_pkg/CMakeFiles/motor_driver.dir/compiler_depend.internal".
[4.048s] Consolidate compiler generated dependencies of target motor_driver
[4.048s] gmake[2]: Leaving directory '/home/zebby/ws1/build/my_robot_pkg'
[4.048s] /usr/bin/gmake  -f CMakeFiles/motor_driver.dir/build.make CMakeFiles/motor_driver.dir/build
[4.052s] gmake[2]: Entering directory '/home/zebby/ws1/build/my_robot_pkg'
[4.059s] [ 50%] Building CXX object CMakeFiles/motor_driver.dir/src/motor_driver.cpp.o
[4.059s] /usr/bin/c++ -DDEFAULT_RMW_IMPLEMENTATION=rmw_fastrtps_cpp -DRCUTILS_ENABLE_FAULT_INJECTION -I/home/zebby/ws1/src/my_robot_pkg/include -I/home/zebby/ws1/src/my_robot_pkg/src -isystem /opt/ros/humble/include/rclcpp -isystem /opt/ros/humble/include/std_msgs -isystem /opt/ros/humble/include/ament_index_cpp -isystem /opt/ros/humble/include/libstatistics_collector -isystem /opt/ros/humble/include/builtin_interfaces -isystem /opt/ros/humble/include/rosidl_runtime_c -isystem /opt/ros/humble/include/rcutils -isystem /opt/ros/humble/include/rosidl_typesupport_interface -isystem /opt/ros/humble/include/fastcdr -isystem /opt/ros/humble/include/rosidl_runtime_cpp -isystem /opt/ros/humble/include/rosidl_typesupport_fastrtps_cpp -isystem /opt/ros/humble/include/rmw -isystem /opt/ros/humble/include/rosidl_typesupport_fastrtps_c -isystem /opt/ros/humble/include/rosidl_typesupport_introspection_c -isystem /opt/ros/humble/include/rosidl_typesupport_introspection_cpp -isystem /opt/ros/humble/include/rcl -isystem /opt/ros/humble/include/rcl_interfaces -isystem /opt/ros/humble/include/rcl_logging_interface -isystem /opt/ros/humble/include/rcl_yaml_param_parser -isystem /opt/ros/humble/include/libyaml_vendor -isystem /opt/ros/humble/include/tracetools -isystem /opt/ros/humble/include/rcpputils -isystem /opt/ros/humble/include/statistics_msgs -isystem /opt/ros/humble/include/rosgraph_msgs -isystem /opt/ros/humble/include/rosidl_typesupport_cpp -isystem /opt/ros/humble/include/rosidl_typesupport_c -Wall -Wextra -Wpedantic -MD -MT CMakeFiles/motor_driver.dir/src/motor_driver.cpp.o -MF CMakeFiles/motor_driver.dir/src/motor_driver.cpp.o.d -o CMakeFiles/motor_driver.dir/src/motor_driver.cpp.o -c /home/zebby/ws1/src/my_robot_pkg/src/motor_driver.cpp
[6.223s] /home/zebby/ws1/src/my_robot_pkg/src/motor_driver.cpp:44:5: error: ‘SparkMax’ does not name a type
[6.223s]    44 |     SparkMax motor1;
[6.223s]       |     ^~~~~~~~
[6.224s] /home/zebby/ws1/src/my_robot_pkg/src/motor_driver.cpp:45:5: error: ‘SparkMax’ does not name a type
[6.224s]    45 |     SparkMax motor2;
[6.224s]       |     ^~~~~~~~
[6.225s] /home/zebby/ws1/src/my_robot_pkg/src/motor_driver.cpp:46:5: error: ‘SparkMax’ does not name a type
[6.225s]    46 |     SparkMax motor3;
[6.225s]       |     ^~~~~~~~
[6.226s] /home/zebby/ws1/src/my_robot_pkg/src/motor_driver.cpp:47:5: error: ‘SparkMax’ does not name a type
[6.226s]    47 |     SparkMax motor4;
[6.226s]       |     ^~~~~~~~
[6.257s] /home/zebby/ws1/src/my_robot_pkg/src/motor_driver.cpp: In constructor ‘MotorDriver::MotorDriver()’:
[6.257s] /home/zebby/ws1/src/my_robot_pkg/src/motor_driver.cpp:12:7: error: class ‘MotorDriver’ does not have any field named ‘motor1’
[6.257s]    12 |       motor1("can0", 1),
[6.257s]       |       ^~~~~~
[6.257s] /home/zebby/ws1/src/my_robot_pkg/src/motor_driver.cpp:13:7: error: class ‘MotorDriver’ does not have any field named ‘motor2’
[6.257s]    13 |       motor2("can0", 2),
[6.257s]       |       ^~~~~~
[6.257s] /home/zebby/ws1/src/my_robot_pkg/src/motor_driver.cpp:14:7: error: class ‘MotorDriver’ does not have any field named ‘motor3’
[6.257s]    14 |       motor3("can0", 3),
[6.257s]       |       ^~~~~~
[6.257s] /home/zebby/ws1/src/my_robot_pkg/src/motor_driver.cpp:15:7: error: class ‘MotorDriver’ does not have any field named ‘motor4’
[6.257s]    15 |       motor4("can0", 4)
[6.257s]       |       ^~~~~~
[6.267s] /home/zebby/ws1/src/my_robot_pkg/src/motor_driver.cpp:22:9: error: ‘motor1’ was not declared in this scope
[6.267s]    22 |         motor1.SetMotorType(MotorType::kBrushless);
[6.267s]       |         ^~~~~~
[6.267s] /home/zebby/ws1/src/my_robot_pkg/src/motor_driver.cpp:22:29: error: ‘MotorType’ has not been declared
[6.267s]    22 |         motor1.SetMotorType(MotorType::kBrushless);
[6.267s]       |                             ^~~~~~~~~
[6.272s] /home/zebby/ws1/src/my_robot_pkg/src/motor_driver.cpp:23:9: error: ‘motor2’ was not declared in this scope
[6.272s]    23 |         motor2.SetMotorType(MotorType::kBrushless);
[6.272s]       |         ^~~~~~
[6.272s] /home/zebby/ws1/src/my_robot_pkg/src/motor_driver.cpp:23:29: error: ‘MotorType’ has not been declared
[6.272s]    23 |         motor2.SetMotorType(MotorType::kBrushless);
[6.272s]       |                             ^~~~~~~~~
[6.275s] /home/zebby/ws1/src/my_robot_pkg/src/motor_driver.cpp:24:9: error: ‘motor3’ was not declared in this scope
[6.275s]    24 |         motor3.SetMotorType(MotorType::kBrushless);
[6.275s]       |         ^~~~~~
[6.275s] /home/zebby/ws1/src/my_robot_pkg/src/motor_driver.cpp:24:29: error: ‘MotorType’ has not been declared
[6.275s]    24 |         motor3.SetMotorType(MotorType::kBrushless);
[6.275s]       |                             ^~~~~~~~~
[6.279s] /home/zebby/ws1/src/my_robot_pkg/src/motor_driver.cpp:25:9: error: ‘motor4’ was not declared in this scope
[6.279s]    25 |         motor4.SetMotorType(MotorType::kBrushless);
[6.279s]       |         ^~~~~~
[6.279s] /home/zebby/ws1/src/my_robot_pkg/src/motor_driver.cpp:25:29: error: ‘MotorType’ has not been declared
[6.279s]    25 |         motor4.SetMotorType(MotorType::kBrushless);
[6.279s]       |                             ^~~~~~~~~
[6.279s] /home/zebby/ws1/src/my_robot_pkg/src/motor_driver.cpp:27:28: error: ‘IdleMode’ has not been declared
[6.279s]    27 |         motor1.SetIdleMode(IdleMode::kBrake);
[6.279s]       |                            ^~~~~~~~
[6.279s] /home/zebby/ws1/src/my_robot_pkg/src/motor_driver.cpp:28:28: error: ‘IdleMode’ has not been declared
[6.279s]    28 |         motor2.SetIdleMode(IdleMode::kBrake);
[6.279s]       |                            ^~~~~~~~
[6.279s] /home/zebby/ws1/src/my_robot_pkg/src/motor_driver.cpp:29:28: error: ‘IdleMode’ has not been declared
[6.279s]    29 |         motor3.SetIdleMode(IdleMode::kBrake);
[6.279s]       |                            ^~~~~~~~
[6.279s] /home/zebby/ws1/src/my_robot_pkg/src/motor_driver.cpp:30:28: error: ‘IdleMode’ has not been declared
[6.279s]    30 |         motor4.SetIdleMode(IdleMode::kBrake);
[6.279s]       |                            ^~~~~~~~
[6.279s] /home/zebby/ws1/src/my_robot_pkg/src/motor_driver.cpp:32:30: error: ‘SensorType’ has not been declared
[6.279s]    32 |         motor1.SetSensorType(SensorType::kHallSensor);
[6.279s]       |                              ^~~~~~~~~~
[6.279s] /home/zebby/ws1/src/my_robot_pkg/src/motor_driver.cpp:33:30: error: ‘SensorType’ has not been declared
[6.279s]    33 |         motor2.SetSensorType(SensorType::kHallSensor);
[6.280s]       |                              ^~~~~~~~~~
[6.280s] /home/zebby/ws1/src/my_robot_pkg/src/motor_driver.cpp:34:30: error: ‘SensorType’ has not been declared
[6.280s]    34 |         motor3.SetSensorType(SensorType::kHallSensor);
[6.280s]       |                              ^~~~~~~~~~
[6.280s] /home/zebby/ws1/src/my_robot_pkg/src/motor_driver.cpp:35:30: error: ‘SensorType’ has not been declared
[6.280s]    35 |         motor4.SetSensorType(SensorType::kHallSensor);
[6.280s]       |                              ^~~~~~~~~~
[6.285s] /home/zebby/ws1/src/my_robot_pkg/src/motor_driver.cpp: In member function ‘void MotorDriver::cmd_callback(std_msgs::msg::String_<std::allocator<void> >::SharedPtr)’:
[6.286s] /home/zebby/ws1/src/my_robot_pkg/src/motor_driver.cpp:54:13: error: ‘motor1’ was not declared in this scope
[6.286s]    54 |             motor1.SetDutyCycle(0.5);
[6.286s]       |             ^~~~~~
[6.289s] /home/zebby/ws1/src/my_robot_pkg/src/motor_driver.cpp:55:13: error: ‘motor2’ was not declared in this scope
[6.289s]    55 |             motor2.SetDutyCycle(0.5);
[6.289s]       |             ^~~~~~
[6.294s] /home/zebby/ws1/src/my_robot_pkg/src/motor_driver.cpp:56:13: error: ‘motor3’ was not declared in this scope
[6.294s]    56 |             motor3.SetDutyCycle(0.5);
[6.294s]       |             ^~~~~~
[6.298s] /home/zebby/ws1/src/my_robot_pkg/src/motor_driver.cpp:57:13: error: ‘motor4’ was not declared in this scope
[6.299s]    57 |             motor4.SetDutyCycle(0.5);
[6.299s]       |             ^~~~~~
[6.304s] /home/zebby/ws1/src/my_robot_pkg/src/motor_driver.cpp:59:13: error: ‘motor1’ was not declared in this scope
[6.304s]    59 |             motor1.SetDutyCycle(-0.5);
[6.304s]       |             ^~~~~~
[6.307s] /home/zebby/ws1/src/my_robot_pkg/src/motor_driver.cpp:60:13: error: ‘motor2’ was not declared in this scope
[6.308s]    60 |             motor2.SetDutyCycle(-0.5);
[6.308s]       |             ^~~~~~
[6.311s] /home/zebby/ws1/src/my_robot_pkg/src/motor_driver.cpp:61:13: error: ‘motor3’ was not declared in this scope
[6.311s]    61 |             motor3.SetDutyCycle(0.5);
[6.311s]       |             ^~~~~~
[6.315s] /home/zebby/ws1/src/my_robot_pkg/src/motor_driver.cpp:62:13: error: ‘motor4’ was not declared in this scope
[6.315s]    62 |             motor4.SetDutyCycle(0.5);
[6.315s]       |             ^~~~~~
[6.319s] /home/zebby/ws1/src/my_robot_pkg/src/motor_driver.cpp:64:13: error: ‘motor1’ was not declared in this scope
[6.319s]    64 |             motor1.SetDutyCycle(-0.5);
[6.319s]       |             ^~~~~~
[6.322s] /home/zebby/ws1/src/my_robot_pkg/src/motor_driver.cpp:65:13: error: ‘motor2’ was not declared in this scope
[6.322s]    65 |             motor2.SetDutyCycle(-0.5);
[6.322s]       |             ^~~~~~
[6.326s] /home/zebby/ws1/src/my_robot_pkg/src/motor_driver.cpp:66:13: error: ‘motor3’ was not declared in this scope
[6.326s]    66 |             motor3.SetDutyCycle(-0.5);
[6.326s]       |             ^~~~~~
[6.330s] /home/zebby/ws1/src/my_robot_pkg/src/motor_driver.cpp:67:13: error: ‘motor4’ was not declared in this scope
[6.330s]    67 |             motor4.SetDutyCycle(-0.5);
[6.330s]       |             ^~~~~~
[6.333s] /home/zebby/ws1/src/my_robot_pkg/src/motor_driver.cpp:69:13: error: ‘motor1’ was not declared in this scope
[6.333s]    69 |             motor1.SetDutyCycle(0.5);
[6.333s]       |             ^~~~~~
[6.337s] /home/zebby/ws1/src/my_robot_pkg/src/motor_driver.cpp:70:13: error: ‘motor2’ was not declared in this scope
[6.337s]    70 |             motor2.SetDutyCycle(0.5);
[6.337s]       |             ^~~~~~
[6.340s] /home/zebby/ws1/src/my_robot_pkg/src/motor_driver.cpp:71:13: error: ‘motor3’ was not declared in this scope
[6.340s]    71 |             motor3.SetDutyCycle(-0.5);
[6.340s]       |             ^~~~~~
[6.344s] /home/zebby/ws1/src/my_robot_pkg/src/motor_driver.cpp:72:13: error: ‘motor4’ was not declared in this scope
[6.344s]    72 |             motor4.SetDutyCycle(-0.5);
[6.344s]       |             ^~~~~~
[6.347s] /home/zebby/ws1/src/my_robot_pkg/src/motor_driver.cpp:74:13: error: ‘motor1’ was not declared in this scope
[6.347s]    74 |             motor1.SetDutyCycle(0.0);
[6.347s]       |             ^~~~~~
[6.351s] /home/zebby/ws1/src/my_robot_pkg/src/motor_driver.cpp:75:13: error: ‘motor2’ was not declared in this scope
[6.351s]    75 |             motor2.SetDutyCycle(0.0);
[6.351s]       |             ^~~~~~
[6.355s] /home/zebby/ws1/src/my_robot_pkg/src/motor_driver.cpp:76:13: error: ‘motor3’ was not declared in this scope
[6.355s]    76 |             motor3.SetDutyCycle(0.0);
[6.355s]       |             ^~~~~~
[6.359s] /home/zebby/ws1/src/my_robot_pkg/src/motor_driver.cpp:77:13: error: ‘motor4’ was not declared in this scope
[6.359s]    77 |             motor4.SetDutyCycle(0.0);
[6.359s]       |             ^~~~~~
[8.426s] gmake[2]: *** [CMakeFiles/motor_driver.dir/build.make:79: CMakeFiles/motor_driver.dir/src/motor_driver.cpp.o] Error 1
[8.426s] gmake[2]: Leaving directory '/home/zebby/ws1/build/my_robot_pkg'
[8.426s] gmake[1]: *** [CMakeFiles/Makefile2:140: CMakeFiles/motor_driver.dir/all] Error 2
[8.426s] gmake[1]: Leaving directory '/home/zebby/ws1/build/my_robot_pkg'
[8.426s] gmake: *** [Makefile:149: all] Error 2
[8.428s] Invoked command in '/home/zebby/ws1/build/my_robot_pkg' returned '2': CMAKE_PREFIX_PATH=${CMAKE_PREFIX_PATH}:/home/zebby/ros2_ws/install/ros2_controllers_test_nodes:/opt/ros/humble /usr/bin/cmake --build /home/zebby/ws1/build/my_robot_pkg -- -j20 -l20
