[0.016s] Invoking command in '/home/zebby/ws1/build/my_robot_pkg': CMAKE_PREFIX_PATH=${CMAKE_PREFIX_PATH}:/home/zebby/ros2_ws/install/ros2_controllers_test_nodes:/opt/ros/humble /usr/bin/cmake --build /home/zebby/ws1/build/my_robot_pkg -- -j20 -l20
[0.084s] /usr/bin/cmake -S/home/zebby/ws1/src/my_robot_pkg -B/home/zebby/ws1/build/my_robot_pkg --check-build-system CMakeFiles/Makefile.cmake 0
[0.094s] Re-run cmake file: Makefile older than: /home/zebby/ws1/src/my_robot_pkg/CMakeLists.txt
[0.108s] -- Found ament_cmake: 1.3.12 (/opt/ros/humble/share/ament_cmake/cmake)
[0.244s] -- Found rclcpp: 16.0.16 (/opt/ros/humble/share/rclcpp/cmake)
[0.382s] -- Found rosidl_generator_c: 3.1.7 (/opt/ros/humble/share/rosidl_generator_c/cmake)
[0.386s] -- Found rosidl_adapter: 3.1.7 (/opt/ros/humble/share/rosidl_adapter/cmake)
[0.396s] -- Found rosidl_generator_cpp: 3.1.7 (/opt/ros/humble/share/rosidl_generator_cpp/cmake)
[0.412s] -- Using all available rosidl_typesupport_c: rosidl_typesupport_fastrtps_c;rosidl_typesupport_introspection_c
[0.430s] -- Using all available rosidl_typesupport_cpp: rosidl_typesupport_fastrtps_cpp;rosidl_typesupport_introspection_cpp
[0.480s] -- Found rmw_implementation_cmake: 6.1.2 (/opt/ros/humble/share/rmw_implementation_cmake/cmake)
[0.488s] -- Found rmw_fastrtps_cpp: 6.2.9 (/opt/ros/humble/share/rmw_fastrtps_cpp/cmake)
[3.703s] -- Using RMW implementation 'rmw_fastrtps_cpp' as default
[3.770s] -- Found rclpy: 3.3.19 (/opt/ros/humble/share/rclpy/cmake)
[3.772s] -- Found ament_lint_auto: 0.12.14 (/opt/ros/humble/share/ament_lint_auto/cmake)
[3.836s] -- Added test 'cppcheck' to perform static code analysis on C / C++ code
[3.836s] -- Configured cppcheck include dirs: $<BUILD_INTERFACE:/home/zebby/ws1/src/my_robot_pkg/include>
[3.836s] -- Configured cppcheck exclude dirs and/or files: 
[3.837s] -- Added test 'flake8' to check Python code syntax and style conventions
[3.837s] -- Added test 'lint_cmake' to check CMake code style
[3.838s] -- Added test 'pep257' to check Python code against some of the docstring style conventions in PEP 257
[3.839s] -- Added test 'uncrustify' to check C / C++ code style
[3.839s] -- Configured uncrustify additional arguments: 
[3.839s] -- Added test 'xmllint' to check XML markup files
[3.844s] -- Configuring done
[3.859s] -- Generating done
[3.863s] -- Build files have been written to: /home/zebby/ws1/build/my_robot_pkg
[3.874s] /usr/bin/cmake -E cmake_progress_start /home/zebby/ws1/build/my_robot_pkg/CMakeFiles /home/zebby/ws1/build/my_robot_pkg//CMakeFiles/progress.marks
[3.880s] /usr/bin/gmake  -f CMakeFiles/Makefile2 all
[3.881s] gmake[1]: Entering directory '/home/zebby/ws1/build/my_robot_pkg'
[3.881s] /usr/bin/gmake  -f CMakeFiles/motor_driver.dir/build.make CMakeFiles/motor_driver.dir/depend
[3.882s] gmake[2]: Entering directory '/home/zebby/ws1/build/my_robot_pkg'
[3.882s] cd /home/zebby/ws1/build/my_robot_pkg && /usr/bin/cmake -E cmake_depends "Unix Makefiles" /home/zebby/ws1/src/my_robot_pkg /home/zebby/ws1/src/my_robot_pkg /home/zebby/ws1/build/my_robot_pkg /home/zebby/ws1/build/my_robot_pkg /home/zebby/ws1/build/my_robot_pkg/CMakeFiles/motor_driver.dir/DependInfo.cmake --color=
[3.888s] Dependencies file "CMakeFiles/motor_driver.dir/src/motor_driver.cpp.o.d" is newer than depends file "/home/zebby/ws1/build/my_robot_pkg/CMakeFiles/motor_driver.dir/compiler_depend.internal".
[3.892s] Consolidate compiler generated dependencies of target motor_driver
[3.892s] gmake[2]: Leaving directory '/home/zebby/ws1/build/my_robot_pkg'
[3.893s] /usr/bin/gmake  -f CMakeFiles/motor_driver.dir/build.make CMakeFiles/motor_driver.dir/build
[3.896s] gmake[2]: Entering directory '/home/zebby/ws1/build/my_robot_pkg'
[3.901s] [ 50%] Building CXX object CMakeFiles/motor_driver.dir/src/motor_driver.cpp.o
[3.902s] /usr/bin/c++ -DDEFAULT_RMW_IMPLEMENTATION=rmw_fastrtps_cpp -DRCUTILS_ENABLE_FAULT_INJECTION -I/home/zebby/ws1/src/my_robot_pkg/include -isystem /opt/ros/humble/include/rclcpp -isystem /opt/ros/humble/include/std_msgs -isystem /opt/ros/humble/include/ament_index_cpp -isystem /opt/ros/humble/include/libstatistics_collector -isystem /opt/ros/humble/include/builtin_interfaces -isystem /opt/ros/humble/include/rosidl_runtime_c -isystem /opt/ros/humble/include/rcutils -isystem /opt/ros/humble/include/rosidl_typesupport_interface -isystem /opt/ros/humble/include/fastcdr -isystem /opt/ros/humble/include/rosidl_runtime_cpp -isystem /opt/ros/humble/include/rosidl_typesupport_fastrtps_cpp -isystem /opt/ros/humble/include/rmw -isystem /opt/ros/humble/include/rosidl_typesupport_fastrtps_c -isystem /opt/ros/humble/include/rosidl_typesupport_introspection_c -isystem /opt/ros/humble/include/rosidl_typesupport_introspection_cpp -isystem /opt/ros/humble/include/rcl -isystem /opt/ros/humble/include/rcl_interfaces -isystem /opt/ros/humble/include/rcl_logging_interface -isystem /opt/ros/humble/include/rcl_yaml_param_parser -isystem /opt/ros/humble/include/libyaml_vendor -isystem /opt/ros/humble/include/tracetools -isystem /opt/ros/humble/include/rcpputils -isystem /opt/ros/humble/include/statistics_msgs -isystem /opt/ros/humble/include/rosgraph_msgs -isystem /opt/ros/humble/include/rosidl_typesupport_cpp -isystem /opt/ros/humble/include/rosidl_typesupport_c -Wall -Wextra -Wpedantic -MD -MT CMakeFiles/motor_driver.dir/src/motor_driver.cpp.o -MF CMakeFiles/motor_driver.dir/src/motor_driver.cpp.o.d -o CMakeFiles/motor_driver.dir/src/motor_driver.cpp.o -c /home/zebby/ws1/src/my_robot_pkg/src/motor_driver.cpp
[10.616s] [100%] Linking CXX executable motor_driver
[10.616s] /usr/bin/cmake -E cmake_link_script CMakeFiles/motor_driver.dir/link.txt --verbose=1
[10.621s] /usr/bin/c++ CMakeFiles/motor_driver.dir/src/motor_driver.cpp.o -o motor_driver  -Wl,-rpath,/opt/ros/humble/lib: /opt/ros/humble/lib/librclcpp.so /opt/ros/humble/lib/libstd_msgs__rosidl_typesupport_fastrtps_c.so /opt/ros/humble/lib/libstd_msgs__rosidl_typesupport_fastrtps_cpp.so /opt/ros/humble/lib/libstd_msgs__rosidl_typesupport_introspection_c.so /opt/ros/humble/lib/libstd_msgs__rosidl_typesupport_introspection_cpp.so /opt/ros/humble/lib/libstd_msgs__rosidl_typesupport_cpp.so /opt/ros/humble/lib/libstd_msgs__rosidl_generator_py.so /opt/ros/humble/lib/liblibstatistics_collector.so /opt/ros/humble/lib/librcl.so /opt/ros/humble/lib/librmw_implementation.so /opt/ros/humble/lib/libament_index_cpp.so /opt/ros/humble/lib/librcl_logging_spdlog.so /opt/ros/humble/lib/librcl_logging_interface.so /opt/ros/humble/lib/librcl_interfaces__rosidl_typesupport_fastrtps_c.so /opt/ros/humble/lib/librcl_interfaces__rosidl_typesupport_introspection_c.so /opt/ros/humble/lib/librcl_interfaces__rosidl_typesupport_fastrtps_cpp.so /opt/ros/humble/lib/librcl_interfaces__rosidl_typesupport_introspection_cpp.so /opt/ros/humble/lib/librcl_interfaces__rosidl_typesupport_cpp.so /opt/ros/humble/lib/librcl_interfaces__rosidl_generator_py.so /opt/ros/humble/lib/librcl_interfaces__rosidl_typesupport_c.so /opt/ros/humble/lib/librcl_interfaces__rosidl_generator_c.so /opt/ros/humble/lib/librcl_yaml_param_parser.so /opt/ros/humble/lib/libyaml.so /opt/ros/humble/lib/librosgraph_msgs__rosidl_typesupport_fastrtps_c.so /opt/ros/humble/lib/librosgraph_msgs__rosidl_typesupport_fastrtps_cpp.so /opt/ros/humble/lib/librosgraph_msgs__rosidl_typesupport_introspection_c.so /opt/ros/humble/lib/librosgraph_msgs__rosidl_typesupport_introspection_cpp.so /opt/ros/humble/lib/librosgraph_msgs__rosidl_typesupport_cpp.so /opt/ros/humble/lib/librosgraph_msgs__rosidl_generator_py.so /opt/ros/humble/lib/librosgraph_msgs__rosidl_typesupport_c.so /opt/ros/humble/lib/librosgraph_msgs__rosidl_generator_c.so /opt/ros/humble/lib/libstatistics_msgs__rosidl_typesupport_fastrtps_c.so /opt/ros/humble/lib/libstatistics_msgs__rosidl_typesupport_fastrtps_cpp.so /opt/ros/humble/lib/libstatistics_msgs__rosidl_typesupport_introspection_c.so /opt/ros/humble/lib/libstatistics_msgs__rosidl_typesupport_introspection_cpp.so /opt/ros/humble/lib/libstatistics_msgs__rosidl_typesupport_cpp.so /opt/ros/humble/lib/libstatistics_msgs__rosidl_generator_py.so /opt/ros/humble/lib/libstatistics_msgs__rosidl_typesupport_c.so /opt/ros/humble/lib/libstatistics_msgs__rosidl_generator_c.so /opt/ros/humble/lib/libtracetools.so /opt/ros/humble/lib/libbuiltin_interfaces__rosidl_typesupport_fastrtps_c.so /opt/ros/humble/lib/librosidl_typesupport_fastrtps_c.so /opt/ros/humble/lib/libbuiltin_interfaces__rosidl_typesupport_fastrtps_cpp.so /opt/ros/humble/lib/librosidl_typesupport_fastrtps_cpp.so /opt/ros/humble/lib/libfastcdr.so.1.0.24 /opt/ros/humble/lib/librmw.so /opt/ros/humble/lib/libbuiltin_interfaces__rosidl_typesupport_introspection_c.so /opt/ros/humble/lib/libbuiltin_interfaces__rosidl_typesupport_introspection_cpp.so /opt/ros/humble/lib/librosidl_typesupport_introspection_cpp.so /opt/ros/humble/lib/librosidl_typesupport_introspection_c.so /opt/ros/humble/lib/libbuiltin_interfaces__rosidl_typesupport_cpp.so /opt/ros/humble/lib/librosidl_typesupport_cpp.so /opt/ros/humble/lib/libstd_msgs__rosidl_typesupport_c.so /opt/ros/humble/lib/libstd_msgs__rosidl_generator_c.so /opt/ros/humble/lib/libbuiltin_interfaces__rosidl_generator_py.so /opt/ros/humble/lib/libbuiltin_interfaces__rosidl_typesupport_c.so /opt/ros/humble/lib/libbuiltin_interfaces__rosidl_generator_c.so /opt/ros/humble/lib/librosidl_typesupport_c.so /opt/ros/humble/lib/librcpputils.so /opt/ros/humble/lib/librosidl_runtime_c.so /opt/ros/humble/lib/librcutils.so -ldl /usr/lib/x86_64-linux-gnu/libpython3.10.so 
[10.979s] gmake[2]: Leaving directory '/home/zebby/ws1/build/my_robot_pkg'
[10.985s] [100%] Built target motor_driver
[10.986s] gmake[1]: Leaving directory '/home/zebby/ws1/build/my_robot_pkg'
[10.986s] /usr/bin/cmake -E cmake_progress_start /home/zebby/ws1/build/my_robot_pkg/CMakeFiles 0
[10.994s] Invoked command in '/home/zebby/ws1/build/my_robot_pkg' returned '0': CMAKE_PREFIX_PATH=${CMAKE_PREFIX_PATH}:/home/zebby/ros2_ws/install/ros2_controllers_test_nodes:/opt/ros/humble /usr/bin/cmake --build /home/zebby/ws1/build/my_robot_pkg -- -j20 -l20
[11.003s] Invoking command in '/home/zebby/ws1/build/my_robot_pkg': CMAKE_PREFIX_PATH=${CMAKE_PREFIX_PATH}:/home/zebby/ros2_ws/install/ros2_controllers_test_nodes:/opt/ros/humble /usr/bin/cmake --install /home/zebby/ws1/build/my_robot_pkg
[11.008s] -- Install configuration: ""
[11.009s] -- Installing: /home/zebby/ws1/install/my_robot_pkg/lib/my_robot_pkg/motor_driver
[11.012s] -- Set runtime path of "/home/zebby/ws1/install/my_robot_pkg/lib/my_robot_pkg/motor_driver" to ""
[11.012s] -- Installing: /home/zebby/ws1/install/my_robot_pkg/include
[11.012s] -- Installing: /home/zebby/ws1/install/my_robot_pkg/include/my_robot_pkg
[11.013s] -- Installing: /home/zebby/ws1/install/my_robot_pkg/lib/my_robot_pkg/command_sender.py
[11.013s] -- Installing: /home/zebby/ws1/install/my_robot_pkg/share/ament_index/resource_index/package_run_dependencies/my_robot_pkg
[11.013s] -- Installing: /home/zebby/ws1/install/my_robot_pkg/share/ament_index/resource_index/parent_prefix_path/my_robot_pkg
[11.014s] -- Installing: /home/zebby/ws1/install/my_robot_pkg/share/my_robot_pkg/environment/ament_prefix_path.sh
[11.014s] -- Installing: /home/zebby/ws1/install/my_robot_pkg/share/my_robot_pkg/environment/ament_prefix_path.dsv
[11.015s] -- Installing: /home/zebby/ws1/install/my_robot_pkg/share/my_robot_pkg/environment/path.sh
[11.015s] -- Installing: /home/zebby/ws1/install/my_robot_pkg/share/my_robot_pkg/environment/path.dsv
[11.015s] -- Installing: /home/zebby/ws1/install/my_robot_pkg/share/my_robot_pkg/local_setup.bash
[11.015s] -- Installing: /home/zebby/ws1/install/my_robot_pkg/share/my_robot_pkg/local_setup.sh
[11.015s] -- Installing: /home/zebby/ws1/install/my_robot_pkg/share/my_robot_pkg/local_setup.zsh
[11.015s] -- Installing: /home/zebby/ws1/install/my_robot_pkg/share/my_robot_pkg/local_setup.dsv
[11.015s] -- Installing: /home/zebby/ws1/install/my_robot_pkg/share/my_robot_pkg/package.dsv
[11.015s] -- Installing: /home/zebby/ws1/install/my_robot_pkg/share/ament_index/resource_index/packages/my_robot_pkg
[11.015s] -- Installing: /home/zebby/ws1/install/my_robot_pkg/share/my_robot_pkg/cmake/ament_cmake_export_include_directories-extras.cmake
[11.015s] -- Installing: /home/zebby/ws1/install/my_robot_pkg/share/my_robot_pkg/cmake/ament_cmake_export_dependencies-extras.cmake
[11.015s] -- Installing: /home/zebby/ws1/install/my_robot_pkg/share/my_robot_pkg/cmake/my_robot_pkgConfig.cmake
[11.015s] -- Installing: /home/zebby/ws1/install/my_robot_pkg/share/my_robot_pkg/cmake/my_robot_pkgConfig-version.cmake
[11.015s] -- Installing: /home/zebby/ws1/install/my_robot_pkg/share/my_robot_pkg/package.xml
[11.016s] Invoked command in '/home/zebby/ws1/build/my_robot_pkg' returned '0': CMAKE_PREFIX_PATH=${CMAKE_PREFIX_PATH}:/home/zebby/ros2_ws/install/ros2_controllers_test_nodes:/opt/ros/humble /usr/bin/cmake --install /home/zebby/ws1/build/my_robot_pkg
