[0.009s] Invoking command in '/home/zebby/ws1/build/my_robot_pkg': CMAKE_PREFIX_PATH=${CMAKE_PREFIX_PATH}:/home/zebby/ros2_ws/install/ros2_controllers_test_nodes:/opt/ros/humble /usr/bin/cmake --build /home/zebby/ws1/build/my_robot_pkg -- -j20 -l20
[0.020s] /usr/bin/cmake -S/home/zebby/ws1/src/my_robot_pkg -B/home/zebby/ws1/build/my_robot_pkg --check-build-system CMakeFiles/Makefile.cmake 0
[0.028s] /usr/bin/cmake -E cmake_progress_start /home/zebby/ws1/build/my_robot_pkg/CMakeFiles /home/zebby/ws1/build/my_robot_pkg//CMakeFiles/progress.marks
[0.033s] /usr/bin/gmake  -f CMakeFiles/Makefile2 all
[0.034s] gmake[1]: Entering directory '/home/zebby/ws1/build/my_robot_pkg'
[0.034s] /usr/bin/gmake  -f CMakeFiles/motor_driver.dir/build.make CMakeFiles/motor_driver.dir/depend
[0.036s] gmake[2]: Entering directory '/home/zebby/ws1/build/my_robot_pkg'
[0.036s] cd /home/zebby/ws1/build/my_robot_pkg && /usr/bin/cmake -E cmake_depends "Unix Makefiles" /home/zebby/ws1/src/my_robot_pkg /home/zebby/ws1/src/my_robot_pkg /home/zebby/ws1/build/my_robot_pkg /home/zebby/ws1/build/my_robot_pkg /home/zebby/ws1/build/my_robot_pkg/CMakeFiles/motor_driver.dir/DependInfo.cmake --color=
[0.043s] Dependencies file "CMakeFiles/motor_driver.dir/src/motor_driver.cpp.o.d" is newer than depends file "/home/zebby/ws1/build/my_robot_pkg/CMakeFiles/motor_driver.dir/compiler_depend.internal".
[0.043s] [35m[1mConsolidate compiler generated dependencies of target motor_driver[0m
[0.046s] gmake[2]: Leaving directory '/home/zebby/ws1/build/my_robot_pkg'
[0.046s] /usr/bin/gmake  -f CMakeFiles/motor_driver.dir/build.make CMakeFiles/motor_driver.dir/build
[0.050s] gmake[2]: Entering directory '/home/zebby/ws1/build/my_robot_pkg'
[0.057s] [ 50%] [32mBuilding CXX object CMakeFiles/motor_driver.dir/src/motor_driver.cpp.o[0m
[0.057s] /usr/bin/c++ -DDEFAULT_RMW_IMPLEMENTATION=rmw_fastrtps_cpp -DRCUTILS_ENABLE_FAULT_INJECTION -I/home/zebby/ws1/src/my_robot_pkg/include -isystem /opt/ros/humble/include/rclcpp -isystem /opt/ros/humble/include/std_msgs -isystem /opt/ros/humble/include/ament_index_cpp -isystem /opt/ros/humble/include/libstatistics_collector -isystem /opt/ros/humble/include/builtin_interfaces -isystem /opt/ros/humble/include/rosidl_runtime_c -isystem /opt/ros/humble/include/rcutils -isystem /opt/ros/humble/include/rosidl_typesupport_interface -isystem /opt/ros/humble/include/fastcdr -isystem /opt/ros/humble/include/rosidl_runtime_cpp -isystem /opt/ros/humble/include/rosidl_typesupport_fastrtps_cpp -isystem /opt/ros/humble/include/rmw -isystem /opt/ros/humble/include/rosidl_typesupport_fastrtps_c -isystem /opt/ros/humble/include/rosidl_typesupport_introspection_c -isystem /opt/ros/humble/include/rosidl_typesupport_introspection_cpp -isystem /opt/ros/humble/include/rcl -isystem /opt/ros/humble/include/rcl_interfaces -isystem /opt/ros/humble/include/rcl_logging_interface -isystem /opt/ros/humble/include/rcl_yaml_param_parser -isystem /opt/ros/humble/include/libyaml_vendor -isystem /opt/ros/humble/include/tracetools -isystem /opt/ros/humble/include/rcpputils -isystem /opt/ros/humble/include/statistics_msgs -isystem /opt/ros/humble/include/rosgraph_msgs -isystem /opt/ros/humble/include/rosidl_typesupport_cpp -isystem /opt/ros/humble/include/rosidl_typesupport_c -Wall -Wextra -Wpedantic -MD -MT CMakeFiles/motor_driver.dir/src/motor_driver.cpp.o -MF CMakeFiles/motor_driver.dir/src/motor_driver.cpp.o.d -o CMakeFiles/motor_driver.dir/src/motor_driver.cpp.o -c /home/zebby/ws1/src/my_robot_pkg/src/motor_driver.cpp
[1.975s] [01m[K/home/zebby/ws1/src/my_robot_pkg/src/motor_driver.cpp:79:5:[m[K [01;31m[Kerror: [m[K‘[01m[KSparkMax[m[K’ does not name a type
[1.975s]    79 |     [01;31m[KSparkMax[m[K motor1;
[1.975s]       |     [01;31m[K^~~~~~~~[m[K
[1.976s] [01m[K/home/zebby/ws1/src/my_robot_pkg/src/motor_driver.cpp:80:5:[m[K [01;31m[Kerror: [m[K‘[01m[KSparkMax[m[K’ does not name a type
[1.976s]    80 |     [01;31m[KSparkMax[m[K motor2;
[1.976s]       |     [01;31m[K^~~~~~~~[m[K
[1.977s] [01m[K/home/zebby/ws1/src/my_robot_pkg/src/motor_driver.cpp:81:5:[m[K [01;31m[Kerror: [m[K‘[01m[KSparkMax[m[K’ does not name a type
[1.977s]    81 |     [01;31m[KSparkMax[m[K motor3;
[1.977s]       |     [01;31m[K^~~~~~~~[m[K
[1.978s] [01m[K/home/zebby/ws1/src/my_robot_pkg/src/motor_driver.cpp:82:5:[m[K [01;31m[Kerror: [m[K‘[01m[KSparkMax[m[K’ does not name a type
[1.978s]    82 |     [01;31m[KSparkMax[m[K motor4;
[1.978s]       |     [01;31m[K^~~~~~~~[m[K
[2.009s] [01m[K/home/zebby/ws1/src/my_robot_pkg/src/motor_driver.cpp:[m[K In constructor ‘[01m[KMotorDriver::MotorDriver()[m[K’:
[2.009s] [01m[K/home/zebby/ws1/src/my_robot_pkg/src/motor_driver.cpp:14:7:[m[K [01;31m[Kerror: [m[Kclass ‘[01m[KMotorDriver[m[K’ does not have any field named ‘[01m[Kmotor1[m[K’
[2.009s]    14 |       [01;31m[Kmotor1[m[K("can0", 1),
[2.009s]       |       [01;31m[K^~~~~~[m[K
[2.009s] [01m[K/home/zebby/ws1/src/my_robot_pkg/src/motor_driver.cpp:15:7:[m[K [01;31m[Kerror: [m[Kclass ‘[01m[KMotorDriver[m[K’ does not have any field named ‘[01m[Kmotor2[m[K’
[2.009s]    15 |       [01;31m[Kmotor2[m[K("can0", 2),
[2.009s]       |       [01;31m[K^~~~~~[m[K
[2.009s] [01m[K/home/zebby/ws1/src/my_robot_pkg/src/motor_driver.cpp:16:7:[m[K [01;31m[Kerror: [m[Kclass ‘[01m[KMotorDriver[m[K’ does not have any field named ‘[01m[Kmotor3[m[K’
[2.009s]    16 |       [01;31m[Kmotor3[m[K("can0", 3),
[2.009s]       |       [01;31m[K^~~~~~[m[K
[2.009s] [01m[K/home/zebby/ws1/src/my_robot_pkg/src/motor_driver.cpp:17:7:[m[K [01;31m[Kerror: [m[Kclass ‘[01m[KMotorDriver[m[K’ does not have any field named ‘[01m[Kmotor4[m[K’
[2.009s]    17 |       [01;31m[Kmotor4[m[K("can0", 4)
[2.009s]       |       [01;31m[K^~~~~~[m[K
[2.020s] [01m[K/home/zebby/ws1/src/my_robot_pkg/src/motor_driver.cpp:24:9:[m[K [01;31m[Kerror: [m[K‘[01m[Kmotor1[m[K’ was not declared in this scope
[2.020s]    24 |         [01;31m[Kmotor1[m[K.SetMotorType(MotorType::kBrushless);
[2.020s]       |         [01;31m[K^~~~~~[m[K
[2.020s] [01m[K/home/zebby/ws1/src/my_robot_pkg/src/motor_driver.cpp:24:29:[m[K [01;31m[Kerror: [m[K‘[01m[KMotorType[m[K’ has not been declared
[2.020s]    24 |         motor1.SetMotorType([01;31m[KMotorType[m[K::kBrushless);
[2.020s]       |                             [01;31m[K^~~~~~~~~[m[K
[2.023s] [01m[K/home/zebby/ws1/src/my_robot_pkg/src/motor_driver.cpp:25:9:[m[K [01;31m[Kerror: [m[K‘[01m[Kmotor2[m[K’ was not declared in this scope
[2.023s]    25 |         [01;31m[Kmotor2[m[K.SetMotorType(MotorType::kBrushless);
[2.024s]       |         [01;31m[K^~~~~~[m[K
[2.024s] [01m[K/home/zebby/ws1/src/my_robot_pkg/src/motor_driver.cpp:25:29:[m[K [01;31m[Kerror: [m[K‘[01m[KMotorType[m[K’ has not been declared
[2.024s]    25 |         motor2.SetMotorType([01;31m[KMotorType[m[K::kBrushless);
[2.024s]       |                             [01;31m[K^~~~~~~~~[m[K
[2.027s] [01m[K/home/zebby/ws1/src/my_robot_pkg/src/motor_driver.cpp:26:9:[m[K [01;31m[Kerror: [m[K‘[01m[Kmotor3[m[K’ was not declared in this scope
[2.027s]    26 |         [01;31m[Kmotor3[m[K.SetMotorType(MotorType::kBrushless);
[2.027s]       |         [01;31m[K^~~~~~[m[K
[2.027s] [01m[K/home/zebby/ws1/src/my_robot_pkg/src/motor_driver.cpp:26:29:[m[K [01;31m[Kerror: [m[K‘[01m[KMotorType[m[K’ has not been declared
[2.027s]    26 |         motor3.SetMotorType([01;31m[KMotorType[m[K::kBrushless);
[2.027s]       |                             [01;31m[K^~~~~~~~~[m[K
[2.031s] [01m[K/home/zebby/ws1/src/my_robot_pkg/src/motor_driver.cpp:27:9:[m[K [01;31m[Kerror: [m[K‘[01m[Kmotor4[m[K’ was not declared in this scope
[2.031s]    27 |         [01;31m[Kmotor4[m[K.SetMotorType(MotorType::kBrushless);
[2.031s]       |         [01;31m[K^~~~~~[m[K
[2.031s] [01m[K/home/zebby/ws1/src/my_robot_pkg/src/motor_driver.cpp:27:29:[m[K [01;31m[Kerror: [m[K‘[01m[KMotorType[m[K’ has not been declared
[2.031s]    27 |         motor4.SetMotorType([01;31m[KMotorType[m[K::kBrushless);
[2.031s]       |                             [01;31m[K^~~~~~~~~[m[K
[2.031s] [01m[K/home/zebby/ws1/src/my_robot_pkg/src/motor_driver.cpp:29:28:[m[K [01;31m[Kerror: [m[K‘[01m[KIdleMode[m[K’ has not been declared
[2.031s]    29 |         motor1.SetIdleMode([01;31m[KIdleMode[m[K::kBrake);
[2.031s]       |                            [01;31m[K^~~~~~~~[m[K
[2.031s] [01m[K/home/zebby/ws1/src/my_robot_pkg/src/motor_driver.cpp:30:28:[m[K [01;31m[Kerror: [m[K‘[01m[KIdleMode[m[K’ has not been declared
[2.031s]    30 |         motor2.SetIdleMode([01;31m[KIdleMode[m[K::kBrake);
[2.031s]       |                            [01;31m[K^~~~~~~~[m[K
[2.031s] [01m[K/home/zebby/ws1/src/my_robot_pkg/src/motor_driver.cpp:31:28:[m[K [01;31m[Kerror: [m[K‘[01m[KIdleMode[m[K’ has not been declared
[2.031s]    31 |         motor3.SetIdleMode([01;31m[KIdleMode[m[K::kBrake);
[2.031s]       |                            [01;31m[K^~~~~~~~[m[K
[2.031s] [01m[K/home/zebby/ws1/src/my_robot_pkg/src/motor_driver.cpp:32:28:[m[K [01;31m[Kerror: [m[K‘[01m[KIdleMode[m[K’ has not been declared
[2.031s]    32 |         motor4.SetIdleMode([01;31m[KIdleMode[m[K::kBrake);
[2.031s]       |                            [01;31m[K^~~~~~~~[m[K
[2.031s] [01m[K/home/zebby/ws1/src/my_robot_pkg/src/motor_driver.cpp:34:30:[m[K [01;31m[Kerror: [m[K‘[01m[KSensorType[m[K’ has not been declared
[2.031s]    34 |         motor1.SetSensorType([01;31m[KSensorType[m[K::kHallSensor);
[2.031s]       |                              [01;31m[K^~~~~~~~~~[m[K
[2.031s] [01m[K/home/zebby/ws1/src/my_robot_pkg/src/motor_driver.cpp:35:30:[m[K [01;31m[Kerror: [m[K‘[01m[KSensorType[m[K’ has not been declared
[2.031s]    35 |         motor2.SetSensorType([01;31m[KSensorType[m[K::kHallSensor);
[2.031s]       |                              [01;31m[K^~~~~~~~~~[m[K
[2.032s] [01m[K/home/zebby/ws1/src/my_robot_pkg/src/motor_driver.cpp:36:30:[m[K [01;31m[Kerror: [m[K‘[01m[KSensorType[m[K’ has not been declared
[2.032s]    36 |         motor3.SetSensorType([01;31m[KSensorType[m[K::kHallSensor);
[2.032s]       |                              [01;31m[K^~~~~~~~~~[m[K
[2.032s] [01m[K/home/zebby/ws1/src/my_robot_pkg/src/motor_driver.cpp:37:30:[m[K [01;31m[Kerror: [m[K‘[01m[KSensorType[m[K’ has not been declared
[2.032s]    37 |         motor4.SetSensorType([01;31m[KSensorType[m[K::kHallSensor);
[2.032s]       |                              [01;31m[K^~~~~~~~~~[m[K
[2.038s] [01m[K/home/zebby/ws1/src/my_robot_pkg/src/motor_driver.cpp:[m[K In member function ‘[01m[Kvoid MotorDriver::cmd_callback(std_msgs::msg::String_<std::allocator<void> >::SharedPtr)[m[K’:
[2.039s] [01m[K/home/zebby/ws1/src/my_robot_pkg/src/motor_driver.cpp:52:13:[m[K [01;31m[Kerror: [m[K‘[01m[Kmotor1[m[K’ was not declared in this scope
[2.039s]    52 |             [01;31m[Kmotor1[m[K.SetDutyCycle(0.5);
[2.039s]       |             [01;31m[K^~~~~~[m[K
[2.042s] [01m[K/home/zebby/ws1/src/my_robot_pkg/src/motor_driver.cpp:53:13:[m[K [01;31m[Kerror: [m[K‘[01m[Kmotor2[m[K’ was not declared in this scope
[2.042s]    53 |             [01;31m[Kmotor2[m[K.SetDutyCycle(0.5);
[2.042s]       |             [01;31m[K^~~~~~[m[K
[2.046s] [01m[K/home/zebby/ws1/src/my_robot_pkg/src/motor_driver.cpp:54:13:[m[K [01;31m[Kerror: [m[K‘[01m[Kmotor3[m[K’ was not declared in this scope
[2.046s]    54 |             [01;31m[Kmotor3[m[K.SetDutyCycle(0.5);
[2.046s]       |             [01;31m[K^~~~~~[m[K
[2.049s] [01m[K/home/zebby/ws1/src/my_robot_pkg/src/motor_driver.cpp:55:13:[m[K [01;31m[Kerror: [m[K‘[01m[Kmotor4[m[K’ was not declared in this scope
[2.049s]    55 |             [01;31m[Kmotor4[m[K.SetDutyCycle(0.5);
[2.049s]       |             [01;31m[K^~~~~~[m[K
[2.053s] [01m[K/home/zebby/ws1/src/my_robot_pkg/src/motor_driver.cpp:57:13:[m[K [01;31m[Kerror: [m[K‘[01m[Kmotor1[m[K’ was not declared in this scope
[2.053s]    57 |             [01;31m[Kmotor1[m[K.SetDutyCycle(-0.5);
[2.053s]       |             [01;31m[K^~~~~~[m[K
[2.056s] [01m[K/home/zebby/ws1/src/my_robot_pkg/src/motor_driver.cpp:58:13:[m[K [01;31m[Kerror: [m[K‘[01m[Kmotor2[m[K’ was not declared in this scope
[2.056s]    58 |             [01;31m[Kmotor2[m[K.SetDutyCycle(-0.5);
[2.056s]       |             [01;31m[K^~~~~~[m[K
[2.060s] [01m[K/home/zebby/ws1/src/my_robot_pkg/src/motor_driver.cpp:59:13:[m[K [01;31m[Kerror: [m[K‘[01m[Kmotor3[m[K’ was not declared in this scope
[2.060s]    59 |             [01;31m[Kmotor3[m[K.SetDutyCycle(0.5);
[2.060s]       |             [01;31m[K^~~~~~[m[K
[2.063s] [01m[K/home/zebby/ws1/src/my_robot_pkg/src/motor_driver.cpp:60:13:[m[K [01;31m[Kerror: [m[K‘[01m[Kmotor4[m[K’ was not declared in this scope
[2.063s]    60 |             [01;31m[Kmotor4[m[K.SetDutyCycle(0.5);
[2.063s]       |             [01;31m[K^~~~~~[m[K
[2.067s] [01m[K/home/zebby/ws1/src/my_robot_pkg/src/motor_driver.cpp:62:13:[m[K [01;31m[Kerror: [m[K‘[01m[Kmotor1[m[K’ was not declared in this scope
[2.067s]    62 |             [01;31m[Kmotor1[m[K.SetDutyCycle(-0.5);
[2.067s]       |             [01;31m[K^~~~~~[m[K
[2.071s] [01m[K/home/zebby/ws1/src/my_robot_pkg/src/motor_driver.cpp:63:13:[m[K [01;31m[Kerror: [m[K‘[01m[Kmotor2[m[K’ was not declared in this scope
[2.071s]    63 |             [01;31m[Kmotor2[m[K.SetDutyCycle(-0.5);
[2.071s]       |             [01;31m[K^~~~~~[m[K
[2.075s] [01m[K/home/zebby/ws1/src/my_robot_pkg/src/motor_driver.cpp:64:13:[m[K [01;31m[Kerror: [m[K‘[01m[Kmotor3[m[K’ was not declared in this scope
[2.075s]    64 |             [01;31m[Kmotor3[m[K.SetDutyCycle(-0.5);
[2.075s]       |             [01;31m[K^~~~~~[m[K
[2.078s] [01m[K/home/zebby/ws1/src/my_robot_pkg/src/motor_driver.cpp:65:13:[m[K [01;31m[Kerror: [m[K‘[01m[Kmotor4[m[K’ was not declared in this scope
[2.078s]    65 |             [01;31m[Kmotor4[m[K.SetDutyCycle(-0.5);
[2.078s]       |             [01;31m[K^~~~~~[m[K
[2.082s] [01m[K/home/zebby/ws1/src/my_robot_pkg/src/motor_driver.cpp:67:13:[m[K [01;31m[Kerror: [m[K‘[01m[Kmotor1[m[K’ was not declared in this scope
[2.082s]    67 |             [01;31m[Kmotor1[m[K.SetDutyCycle(0.5);
[2.082s]       |             [01;31m[K^~~~~~[m[K
[2.085s] [01m[K/home/zebby/ws1/src/my_robot_pkg/src/motor_driver.cpp:68:13:[m[K [01;31m[Kerror: [m[K‘[01m[Kmotor2[m[K’ was not declared in this scope
[2.086s]    68 |             [01;31m[Kmotor2[m[K.SetDutyCycle(0.5);
[2.086s]       |             [01;31m[K^~~~~~[m[K
[2.089s] [01m[K/home/zebby/ws1/src/my_robot_pkg/src/motor_driver.cpp:69:13:[m[K [01;31m[Kerror: [m[K‘[01m[Kmotor3[m[K’ was not declared in this scope
[2.089s]    69 |             [01;31m[Kmotor3[m[K.SetDutyCycle(-0.5);
[2.089s]       |             [01;31m[K^~~~~~[m[K
[2.092s] [01m[K/home/zebby/ws1/src/my_robot_pkg/src/motor_driver.cpp:70:13:[m[K [01;31m[Kerror: [m[K‘[01m[Kmotor4[m[K’ was not declared in this scope
[2.092s]    70 |             [01;31m[Kmotor4[m[K.SetDutyCycle(-0.5);
[2.092s]       |             [01;31m[K^~~~~~[m[K
[2.096s] [01m[K/home/zebby/ws1/src/my_robot_pkg/src/motor_driver.cpp:72:13:[m[K [01;31m[Kerror: [m[K‘[01m[Kmotor1[m[K’ was not declared in this scope
[2.096s]    72 |             [01;31m[Kmotor1[m[K.SetDutyCycle(0.0);
[2.096s]       |             [01;31m[K^~~~~~[m[K
[2.100s] [01m[K/home/zebby/ws1/src/my_robot_pkg/src/motor_driver.cpp:73:13:[m[K [01;31m[Kerror: [m[K‘[01m[Kmotor2[m[K’ was not declared in this scope
[2.100s]    73 |             [01;31m[Kmotor2[m[K.SetDutyCycle(0.0);
[2.100s]       |             [01;31m[K^~~~~~[m[K
[2.104s] [01m[K/home/zebby/ws1/src/my_robot_pkg/src/motor_driver.cpp:74:13:[m[K [01;31m[Kerror: [m[K‘[01m[Kmotor3[m[K’ was not declared in this scope
[2.104s]    74 |             [01;31m[Kmotor3[m[K.SetDutyCycle(0.0);
[2.104s]       |             [01;31m[K^~~~~~[m[K
[2.108s] [01m[K/home/zebby/ws1/src/my_robot_pkg/src/motor_driver.cpp:75:13:[m[K [01;31m[Kerror: [m[K‘[01m[Kmotor4[m[K’ was not declared in this scope
[2.108s]    75 |             [01;31m[Kmotor4[m[K.SetDutyCycle(0.0);
[2.108s]       |             [01;31m[K^~~~~~[m[K
[4.090s] gmake[2]: Leaving directory '/home/zebby/ws1/build/my_robot_pkg'
[4.090s] gmake[2]: *** [CMakeFiles/motor_driver.dir/build.make:79: CMakeFiles/motor_driver.dir/src/motor_driver.cpp.o] Error 1
[4.090s] gmake[1]: *** [CMakeFiles/Makefile2:140: CMakeFiles/motor_driver.dir/all] Error 2
[4.090s] gmake[1]: Leaving directory '/home/zebby/ws1/build/my_robot_pkg'
[4.090s] gmake: *** [Makefile:149: all] Error 2
[4.094s] Invoked command in '/home/zebby/ws1/build/my_robot_pkg' returned '2': CMAKE_PREFIX_PATH=${CMAKE_PREFIX_PATH}:/home/zebby/ros2_ws/install/ros2_controllers_test_nodes:/opt/ros/humble /usr/bin/cmake --build /home/zebby/ws1/build/my_robot_pkg -- -j20 -l20
