[0.007s] Invoking command in '/home/zebby/ws1/build/my_robot_pkg': CMAKE_PREFIX_PATH=${CMAKE_PREFIX_PATH}:/home/zebby/ros2_ws/install/ros2_controllers_test_nodes:/opt/ros/humble /usr/bin/cmake /home/zebby/ws1/src/my_robot_pkg -DCMAKE_INSTALL_PREFIX=/home/zebby/ws1/install/my_robot_pkg
[0.054s] -- The C compiler identification is GNU 11.4.0
[0.200s] -- The CXX compiler identification is GNU 11.4.0
[0.296s] -- Detecting C compiler ABI info
[0.354s] -- Detecting C compiler ABI info - done
[0.358s] -- Check for working C compiler: /usr/bin/cc - skipped
[0.358s] -- Detecting C compile features
[0.358s] -- Detecting C compile features - done
[0.360s] -- Detecting CXX compiler ABI info
[0.422s] -- Detecting CXX compiler ABI info - done
[0.426s] -- Check for working CXX compiler: /usr/bin/c++ - skipped
[0.427s] -- Detecting CXX compile features
[0.427s] -- Detecting CXX compile features - done
[0.428s] -- Found ament_cmake: 1.3.12 (/opt/ros/humble/share/ament_cmake/cmake)
[0.509s] -- Found Python3: /usr/bin/python3 (found version "3.10.12") found components: Interpreter 
[0.556s] -- Found rclcpp: 16.0.16 (/opt/ros/humble/share/rclcpp/cmake)
[0.611s] -- Found rosidl_generator_c: 3.1.7 (/opt/ros/humble/share/rosidl_generator_c/cmake)
[0.614s] -- Found rosidl_adapter: 3.1.7 (/opt/ros/humble/share/rosidl_adapter/cmake)
[0.618s] -- Found rosidl_generator_cpp: 3.1.7 (/opt/ros/humble/share/rosidl_generator_cpp/cmake)
[0.624s] -- Using all available rosidl_typesupport_c: rosidl_typesupport_fastrtps_c;rosidl_typesupport_introspection_c
[0.633s] -- Using all available rosidl_typesupport_cpp: rosidl_typesupport_fastrtps_cpp;rosidl_typesupport_introspection_cpp
[0.655s] -- Found rmw_implementation_cmake: 6.1.2 (/opt/ros/humble/share/rmw_implementation_cmake/cmake)
[0.656s] -- Found rmw_fastrtps_cpp: 6.2.9 (/opt/ros/humble/share/rmw_fastrtps_cpp/cmake)
[1.051s] -- Found OpenSSL: /usr/lib/x86_64-linux-gnu/libcrypto.so (found version "3.0.2")  
[1.460s] -- Found FastRTPS: /opt/ros/humble/include  
[2.195s] -- Using RMW implementation 'rmw_fastrtps_cpp' as default
[2.200s] -- Looking for pthread.h
[2.262s] -- Looking for pthread.h - found
[2.262s] -- Performing Test CMAKE_HAVE_LIBC_PTHREAD
[2.323s] -- Performing Test CMAKE_HAVE_LIBC_PTHREAD - Success
[2.324s] -- Found Threads: TRUE  
[2.352s] -- Found rclpy: 3.3.19 (/opt/ros/humble/share/rclpy/cmake)
[2.353s] -- Found ament_lint_auto: 0.12.14 (/opt/ros/humble/share/ament_lint_auto/cmake)
[2.396s] -- Added test 'cppcheck' to perform static code analysis on C / C++ code
[2.396s] -- Configured cppcheck include dirs: $<BUILD_INTERFACE:/home/zebby/ws1/src/my_robot_pkg/include>
[2.396s] -- Configured cppcheck exclude dirs and/or files: 
[2.396s] -- Added test 'flake8' to check Python code syntax and style conventions
[2.397s] -- Added test 'lint_cmake' to check CMake code style
[2.397s] -- Added test 'pep257' to check Python code against some of the docstring style conventions in PEP 257
[2.397s] -- Added test 'uncrustify' to check C / C++ code style
[2.397s] -- Configured uncrustify additional arguments: 
[2.398s] -- Added test 'xmllint' to check XML markup files
[2.398s] -- Configuring done
[2.403s] -- Generating done
[2.405s] -- Build files have been written to: /home/zebby/ws1/build/my_robot_pkg
[2.411s] Invoked command in '/home/zebby/ws1/build/my_robot_pkg' returned '0': CMAKE_PREFIX_PATH=${CMAKE_PREFIX_PATH}:/home/zebby/ros2_ws/install/ros2_controllers_test_nodes:/opt/ros/humble /usr/bin/cmake /home/zebby/ws1/src/my_robot_pkg -DCMAKE_INSTALL_PREFIX=/home/zebby/ws1/install/my_robot_pkg
[2.412s] Invoking command in '/home/zebby/ws1/build/my_robot_pkg': CMAKE_PREFIX_PATH=${CMAKE_PREFIX_PATH}:/home/zebby/ros2_ws/install/ros2_controllers_test_nodes:/opt/ros/humble /usr/bin/cmake --build /home/zebby/ws1/build/my_robot_pkg -- -j20 -l20
[2.434s] [35m[1mConsolidate compiler generated dependencies of target motor_driver[0m
[2.443s] [ 50%] [32m[1mLinking CXX executable motor_driver[0m
[2.670s] [100%] Built target motor_driver
[2.677s] Invoked command in '/home/zebby/ws1/build/my_robot_pkg' returned '0': CMAKE_PREFIX_PATH=${CMAKE_PREFIX_PATH}:/home/zebby/ros2_ws/install/ros2_controllers_test_nodes:/opt/ros/humble /usr/bin/cmake --build /home/zebby/ws1/build/my_robot_pkg -- -j20 -l20
[2.682s] Invoking command in '/home/zebby/ws1/build/my_robot_pkg': CMAKE_PREFIX_PATH=${CMAKE_PREFIX_PATH}:/home/zebby/ros2_ws/install/ros2_controllers_test_nodes:/opt/ros/humble /usr/bin/cmake --install /home/zebby/ws1/build/my_robot_pkg
[2.686s] -- Install configuration: ""
[2.687s] -- Installing: /home/zebby/ws1/install/my_robot_pkg/libexec/my_robot_pkg/motor_driver
[2.688s] -- Set runtime path of "/home/zebby/ws1/install/my_robot_pkg/libexec/my_robot_pkg/motor_driver" to ""
[2.688s] -- Up-to-date: /home/zebby/ws1/install/my_robot_pkg/include
[2.688s] -- Up-to-date: /home/zebby/ws1/install/my_robot_pkg/include/my_robot_pkg
[2.688s] -- Installing: /home/zebby/ws1/install/my_robot_pkg/libexec/my_robot_pkg/command_sender.py
[2.689s] -- Up-to-date: /home/zebby/ws1/install/my_robot_pkg/share/my_robot_pkg/launch
[2.689s] -- Installing: /home/zebby/ws1/install/my_robot_pkg/share/my_robot_pkg/package.dsv
[2.690s] Invoked command in '/home/zebby/ws1/build/my_robot_pkg' returned '0': CMAKE_PREFIX_PATH=${CMAKE_PREFIX_PATH}:/home/zebby/ros2_ws/install/ros2_controllers_test_nodes:/opt/ros/humble /usr/bin/cmake --install /home/zebby/ws1/build/my_robot_pkg
