[0.007s] Invoking command in '/home/zebby/ws1/build/my_robot_pkg': CMAKE_PREFIX_PATH=${CMAKE_PREFIX_PATH}:/home/zebby/ros2_ws/install/ros2_controllers_test_nodes:/opt/ros/humble /usr/bin/cmake /home/zebby/ws1/src/my_robot_pkg -DCMAKE_INSTALL_PREFIX=/home/zebby/ws1/install/my_robot_pkg
[0.054s] -- The C compiler identification is GNU 11.4.0
[0.202s] -- The CXX compiler identification is GNU 11.4.0
[0.300s] -- Detecting C compiler ABI info
[0.356s] -- Detecting C compiler ABI info - done
[0.360s] -- Check for working C compiler: /usr/bin/cc - skipped
[0.360s] -- Detecting C compile features
[0.360s] -- Detecting C compile features - done
[0.362s] -- Detecting CXX compiler ABI info
[0.424s] -- Detecting CXX compiler ABI info - done
[0.428s] -- Check for working CXX compiler: /usr/bin/c++ - skipped
[0.428s] -- Detecting CXX compile features
[0.428s] -- Detecting CXX compile features - done
[0.430s] -- Found ament_cmake: 1.3.12 (/opt/ros/humble/share/ament_cmake/cmake)
[0.512s] -- Found Python3: /usr/bin/python3 (found version "3.10.12") found components: Interpreter 
[0.557s] -- Found rclcpp: 16.0.16 (/opt/ros/humble/share/rclcpp/cmake)
[0.611s] -- Found rosidl_generator_c: 3.1.7 (/opt/ros/humble/share/rosidl_generator_c/cmake)
[0.614s] -- Found rosidl_adapter: 3.1.7 (/opt/ros/humble/share/rosidl_adapter/cmake)
[0.618s] -- Found rosidl_generator_cpp: 3.1.7 (/opt/ros/humble/share/rosidl_generator_cpp/cmake)
[0.624s] -- Using all available rosidl_typesupport_c: rosidl_typesupport_fastrtps_c;rosidl_typesupport_introspection_c
[0.632s] -- Using all available rosidl_typesupport_cpp: rosidl_typesupport_fastrtps_cpp;rosidl_typesupport_introspection_cpp
[0.654s] -- Found rmw_implementation_cmake: 6.1.2 (/opt/ros/humble/share/rmw_implementation_cmake/cmake)
[0.655s] -- Found rmw_fastrtps_cpp: 6.2.9 (/opt/ros/humble/share/rmw_fastrtps_cpp/cmake)
[1.050s] -- Found OpenSSL: /usr/lib/x86_64-linux-gnu/libcrypto.so (found version "3.0.2")  
[1.486s] -- Found FastRTPS: /opt/ros/humble/include  
[2.232s] -- Using RMW implementation 'rmw_fastrtps_cpp' as default
[2.236s] -- Looking for pthread.h
[2.295s] -- Looking for pthread.h - found
[2.295s] -- Performing Test CMAKE_HAVE_LIBC_PTHREAD
[2.356s] -- Performing Test CMAKE_HAVE_LIBC_PTHREAD - Success
[2.357s] -- Found Threads: TRUE  
[2.383s] -- Found rclpy: 3.3.19 (/opt/ros/humble/share/rclpy/cmake)
[2.384s] -- Found ament_lint_auto: 0.12.14 (/opt/ros/humble/share/ament_lint_auto/cmake)
[2.425s] -- Added test 'cppcheck' to perform static code analysis on C / C++ code
[2.426s] -- Configured cppcheck include dirs: $<BUILD_INTERFACE:/home/zebby/ws1/src/my_robot_pkg/include>
[2.426s] -- Configured cppcheck exclude dirs and/or files: 
[2.426s] -- Added test 'flake8' to check Python code syntax and style conventions
[2.426s] -- Added test 'lint_cmake' to check CMake code style
[2.426s] -- Added test 'pep257' to check Python code against some of the docstring style conventions in PEP 257
[2.427s] -- Added test 'uncrustify' to check C / C++ code style
[2.427s] -- Configured uncrustify additional arguments: 
[2.427s] -- Added test 'xmllint' to check XML markup files
[2.428s] -- Configuring done
[2.433s] -- Generating done
[2.435s] -- Build files have been written to: /home/zebby/ws1/build/my_robot_pkg
[2.440s] Invoked command in '/home/zebby/ws1/build/my_robot_pkg' returned '0': CMAKE_PREFIX_PATH=${CMAKE_PREFIX_PATH}:/home/zebby/ros2_ws/install/ros2_controllers_test_nodes:/opt/ros/humble /usr/bin/cmake /home/zebby/ws1/src/my_robot_pkg -DCMAKE_INSTALL_PREFIX=/home/zebby/ws1/install/my_robot_pkg
[2.442s] Invoking command in '/home/zebby/ws1/build/my_robot_pkg': CMAKE_PREFIX_PATH=${CMAKE_PREFIX_PATH}:/home/zebby/ros2_ws/install/ros2_controllers_test_nodes:/opt/ros/humble /usr/bin/cmake --build /home/zebby/ws1/build/my_robot_pkg -- -j20 -l20
[2.463s] [35m[1mConsolidate compiler generated dependencies of target motor_driver[0m
[2.472s] [100%] Built target motor_driver
[2.478s] Invoked command in '/home/zebby/ws1/build/my_robot_pkg' returned '0': CMAKE_PREFIX_PATH=${CMAKE_PREFIX_PATH}:/home/zebby/ros2_ws/install/ros2_controllers_test_nodes:/opt/ros/humble /usr/bin/cmake --build /home/zebby/ws1/build/my_robot_pkg -- -j20 -l20
[2.483s] Invoking command in '/home/zebby/ws1/build/my_robot_pkg': CMAKE_PREFIX_PATH=${CMAKE_PREFIX_PATH}:/home/zebby/ros2_ws/install/ros2_controllers_test_nodes:/opt/ros/humble /usr/bin/cmake --install /home/zebby/ws1/build/my_robot_pkg
[2.487s] -- Install configuration: ""
[2.487s] -- Up-to-date: /home/zebby/ws1/install/my_robot_pkg/include
[2.487s] -- Up-to-date: /home/zebby/ws1/install/my_robot_pkg/include/my_robot_pkg
[2.487s] -- Up-to-date: /home/zebby/ws1/install/my_robot_pkg/share/my_robot_pkg/launch
[2.487s] -- Installing: /home/zebby/ws1/install/my_robot_pkg/share/my_robot_pkg/package.dsv
[2.489s] Invoked command in '/home/zebby/ws1/build/my_robot_pkg' returned '0': CMAKE_PREFIX_PATH=${CMAKE_PREFIX_PATH}:/home/zebby/ros2_ws/install/ros2_controllers_test_nodes:/opt/ros/humble /usr/bin/cmake --install /home/zebby/ws1/build/my_robot_pkg
