[0.007s] Invoking command in '/home/zebby/ws1/build/my_robot_pkg': CMAKE_PREFIX_PATH=${CMAKE_PREFIX_PATH}:/home/zebby/ros2_ws/install/ros2_controllers_test_nodes:/opt/ros/humble /usr/bin/cmake /home/zebby/ws1/src/my_robot_pkg -DCMAKE_INSTALL_PREFIX=/home/zebby/ws1/install/my_robot_pkg
[0.176s] -- The C compiler identification is GNU 11.4.0
[0.410s] -- The CXX compiler identification is GNU 11.4.0
[0.523s] -- Detecting C compiler ABI info
[0.589s] -- Detecting C compiler ABI info - done
[0.593s] -- Check for working C compiler: /usr/bin/cc - skipped
[0.594s] -- Detecting C compile features
[0.594s] -- Detecting C compile features - done
[0.597s] -- Detecting CXX compiler ABI info
[0.666s] -- Detecting CXX compiler ABI info - done
[0.671s] -- Check for working CXX compiler: /usr/bin/c++ - skipped
[0.671s] -- Detecting CXX compile features
[0.671s] -- Detecting CXX compile features - done
[0.685s] -- Found ament_cmake: 1.3.12 (/opt/ros/humble/share/ament_cmake/cmake)
[0.777s] -- Found Python3: /usr/bin/python3 (found version "3.10.12") found components: Interpreter 
[0.847s] -- Found rclcpp: 16.0.16 (/opt/ros/humble/share/rclcpp/cmake)
[0.929s] -- Found rosidl_generator_c: 3.1.7 (/opt/ros/humble/share/rosidl_generator_c/cmake)
[0.933s] -- Found rosidl_adapter: 3.1.7 (/opt/ros/humble/share/rosidl_adapter/cmake)
[0.941s] -- Found rosidl_generator_cpp: 3.1.7 (/opt/ros/humble/share/rosidl_generator_cpp/cmake)
[0.957s] -- Using all available rosidl_typesupport_c: rosidl_typesupport_fastrtps_c;rosidl_typesupport_introspection_c
[0.972s] -- Using all available rosidl_typesupport_cpp: rosidl_typesupport_fastrtps_cpp;rosidl_typesupport_introspection_cpp
[1.015s] -- Found rmw_implementation_cmake: 6.1.2 (/opt/ros/humble/share/rmw_implementation_cmake/cmake)
[1.018s] -- Found rmw_fastrtps_cpp: 6.2.9 (/opt/ros/humble/share/rmw_fastrtps_cpp/cmake)
[1.442s] -- Found OpenSSL: /usr/lib/x86_64-linux-gnu/libcrypto.so (found version "3.0.2")  
[1.885s] -- Found FastRTPS: /opt/ros/humble/include  
[2.647s] -- Using RMW implementation 'rmw_fastrtps_cpp' as default
[2.658s] -- Looking for pthread.h
[2.736s] -- Looking for pthread.h - found
[2.736s] -- Performing Test CMAKE_HAVE_LIBC_PTHREAD
[2.803s] -- Performing Test CMAKE_HAVE_LIBC_PTHREAD - Success
[2.803s] -- Found Threads: TRUE  
[2.853s] -- Found rclpy: 3.3.19 (/opt/ros/humble/share/rclpy/cmake)
[2.855s] -- Found ament_lint_auto: 0.12.14 (/opt/ros/humble/share/ament_lint_auto/cmake)
[2.909s] -- Added test 'cppcheck' to perform static code analysis on C / C++ code
[2.909s] -- Configured cppcheck include dirs: $<BUILD_INTERFACE:/home/zebby/ws1/src/my_robot_pkg/include>
[2.909s] -- Configured cppcheck exclude dirs and/or files: 
[2.909s] -- Added test 'flake8' to check Python code syntax and style conventions
[2.910s] -- Added test 'lint_cmake' to check CMake code style
[2.910s] -- Added test 'pep257' to check Python code against some of the docstring style conventions in PEP 257
[2.911s] -- Added test 'uncrustify' to check C / C++ code style
[2.911s] -- Configured uncrustify additional arguments: 
[2.911s] -- Added test 'xmllint' to check XML markup files
[2.916s] -- Configuring done
[2.925s] -- Generating done
[2.928s] -- Build files have been written to: /home/zebby/ws1/build/my_robot_pkg
[2.934s] Invoked command in '/home/zebby/ws1/build/my_robot_pkg' returned '0': CMAKE_PREFIX_PATH=${CMAKE_PREFIX_PATH}:/home/zebby/ros2_ws/install/ros2_controllers_test_nodes:/opt/ros/humble /usr/bin/cmake /home/zebby/ws1/src/my_robot_pkg -DCMAKE_INSTALL_PREFIX=/home/zebby/ws1/install/my_robot_pkg
[2.935s] Invoking command in '/home/zebby/ws1/build/my_robot_pkg': CMAKE_PREFIX_PATH=${CMAKE_PREFIX_PATH}:/home/zebby/ros2_ws/install/ros2_controllers_test_nodes:/opt/ros/humble /usr/bin/cmake --build /home/zebby/ws1/build/my_robot_pkg -- -j20 -l20
[2.958s] [35m[1mConsolidate compiler generated dependencies of target motor_driver[0m
[2.968s] [ 50%] [32m[1mLinking CXX executable motor_driver[0m
[3.227s] [100%] Built target motor_driver
[3.234s] Invoked command in '/home/zebby/ws1/build/my_robot_pkg' returned '0': CMAKE_PREFIX_PATH=${CMAKE_PREFIX_PATH}:/home/zebby/ros2_ws/install/ros2_controllers_test_nodes:/opt/ros/humble /usr/bin/cmake --build /home/zebby/ws1/build/my_robot_pkg -- -j20 -l20
[3.240s] Invoking command in '/home/zebby/ws1/build/my_robot_pkg': CMAKE_PREFIX_PATH=${CMAKE_PREFIX_PATH}:/home/zebby/ros2_ws/install/ros2_controllers_test_nodes:/opt/ros/humble /usr/bin/cmake --install /home/zebby/ws1/build/my_robot_pkg
[3.244s] -- Install configuration: ""
[3.245s] -- Installing: /home/zebby/ws1/install/my_robot_pkg/lib/my_robot_pkg/motor_driver
[3.246s] -- Set runtime path of "/home/zebby/ws1/install/my_robot_pkg/lib/my_robot_pkg/motor_driver" to ""
[3.247s] -- Up-to-date: /home/zebby/ws1/install/my_robot_pkg/include
[3.247s] -- Up-to-date: /home/zebby/ws1/install/my_robot_pkg/include/my_robot_pkg
[3.247s] -- Up-to-date: /home/zebby/ws1/install/my_robot_pkg/lib/my_robot_pkg/command_sender.py
[3.247s] -- Up-to-date: /home/zebby/ws1/install/my_robot_pkg/share/my_robot_pkg/launch
[3.247s] -- Up-to-date: /home/zebby/ws1/install/my_robot_pkg/share/my_robot_pkg/launch/robot_launch.py
[3.247s] -- Up-to-date: /home/zebby/ws1/install/my_robot_pkg/share/ament_index/resource_index/package_run_dependencies/my_robot_pkg
[3.247s] -- Installing: /home/zebby/ws1/install/my_robot_pkg/share/ament_index/resource_index/parent_prefix_path/my_robot_pkg
[3.247s] -- Up-to-date: /home/zebby/ws1/install/my_robot_pkg/share/my_robot_pkg/environment/ament_prefix_path.sh
[3.247s] -- Installing: /home/zebby/ws1/install/my_robot_pkg/share/my_robot_pkg/environment/ament_prefix_path.dsv
[3.247s] -- Up-to-date: /home/zebby/ws1/install/my_robot_pkg/share/my_robot_pkg/environment/path.sh
[3.247s] -- Installing: /home/zebby/ws1/install/my_robot_pkg/share/my_robot_pkg/environment/path.dsv
[3.248s] -- Up-to-date: /home/zebby/ws1/install/my_robot_pkg/share/my_robot_pkg/local_setup.bash
[3.248s] -- Up-to-date: /home/zebby/ws1/install/my_robot_pkg/share/my_robot_pkg/local_setup.sh
[3.248s] -- Up-to-date: /home/zebby/ws1/install/my_robot_pkg/share/my_robot_pkg/local_setup.zsh
[3.248s] -- Installing: /home/zebby/ws1/install/my_robot_pkg/share/my_robot_pkg/local_setup.dsv
[3.248s] -- Installing: /home/zebby/ws1/install/my_robot_pkg/share/my_robot_pkg/package.dsv
[3.248s] -- Up-to-date: /home/zebby/ws1/install/my_robot_pkg/share/ament_index/resource_index/packages/my_robot_pkg
[3.248s] -- Up-to-date: /home/zebby/ws1/install/my_robot_pkg/share/my_robot_pkg/cmake/ament_cmake_export_include_directories-extras.cmake
[3.248s] -- Up-to-date: /home/zebby/ws1/install/my_robot_pkg/share/my_robot_pkg/cmake/ament_cmake_export_dependencies-extras.cmake
[3.248s] -- Up-to-date: /home/zebby/ws1/install/my_robot_pkg/share/my_robot_pkg/cmake/my_robot_pkgConfig.cmake
[3.248s] -- Up-to-date: /home/zebby/ws1/install/my_robot_pkg/share/my_robot_pkg/cmake/my_robot_pkgConfig-version.cmake
[3.248s] -- Up-to-date: /home/zebby/ws1/install/my_robot_pkg/share/my_robot_pkg/package.xml
[3.249s] Invoked command in '/home/zebby/ws1/build/my_robot_pkg' returned '0': CMAKE_PREFIX_PATH=${CMAKE_PREFIX_PATH}:/home/zebby/ros2_ws/install/ros2_controllers_test_nodes:/opt/ros/humble /usr/bin/cmake --install /home/zebby/ws1/build/my_robot_pkg
