[0.012s] Invoking command in '/home/zebby/ws1/build/my_robot_pkg': CMAKE_PREFIX_PATH=${CMAKE_PREFIX_PATH}:/home/zebby/ros2_ws/install/ros2_controllers_test_nodes:/opt/ros/humble /usr/bin/cmake --build /home/zebby/ws1/build/my_robot_pkg -- -j20 -l20
[0.067s] /usr/bin/cmake -S/home/zebby/ws1/src/my_robot_pkg -B/home/zebby/ws1/build/my_robot_pkg --check-build-system CMakeFiles/Makefile.cmake 0
[0.109s] Re-run cmake file: Makefile older than: /home/zebby/ws1/src/my_robot_pkg/CMakeLists.txt
[0.120s] -- Found ament_cmake: 1.3.12 (/opt/ros/humble/share/ament_cmake/cmake)
[0.222s] -- Found rclcpp: 16.0.16 (/opt/ros/humble/share/rclcpp/cmake)
[0.292s] -- Found rosidl_generator_c: 3.1.7 (/opt/ros/humble/share/rosidl_generator_c/cmake)
[0.294s] -- Found rosidl_adapter: 3.1.7 (/opt/ros/humble/share/rosidl_adapter/cmake)
[0.301s] -- Found rosidl_generator_cpp: 3.1.7 (/opt/ros/humble/share/rosidl_generator_cpp/cmake)
[0.311s] -- Using all available rosidl_typesupport_c: rosidl_typesupport_fastrtps_c;rosidl_typesupport_introspection_c
[0.323s] -- Using all available rosidl_typesupport_cpp: rosidl_typesupport_fastrtps_cpp;rosidl_typesupport_introspection_cpp
[0.358s] -- Found rmw_implementation_cmake: 6.1.2 (/opt/ros/humble/share/rmw_implementation_cmake/cmake)
[0.360s] -- Found rmw_fastrtps_cpp: 6.2.9 (/opt/ros/humble/share/rmw_fastrtps_cpp/cmake)
[1.935s] -- Using RMW implementation 'rmw_fastrtps_cpp' as default
[1.984s] -- Found rclpy: 3.3.19 (/opt/ros/humble/share/rclpy/cmake)
[1.985s] -- Found ament_lint_auto: 0.12.14 (/opt/ros/humble/share/ament_lint_auto/cmake)
[2.032s] -- Added test 'cppcheck' to perform static code analysis on C / C++ code
[2.032s] -- Configured cppcheck include dirs: $<BUILD_INTERFACE:/home/zebby/ws1/src/my_robot_pkg/include>
[2.032s] -- Configured cppcheck exclude dirs and/or files: 
[2.033s] -- Added test 'flake8' to check Python code syntax and style conventions
[2.033s] -- Added test 'lint_cmake' to check CMake code style
[2.034s] -- Added test 'pep257' to check Python code against some of the docstring style conventions in PEP 257
[2.034s] -- Added test 'uncrustify' to check C / C++ code style
[2.034s] -- Configured uncrustify additional arguments: 
[2.035s] -- Added test 'xmllint' to check XML markup files
[2.038s] -- Configuring done
[2.054s] -- Generating done
[2.057s] -- Build files have been written to: /home/zebby/ws1/build/my_robot_pkg
[2.066s] /usr/bin/cmake -E cmake_progress_start /home/zebby/ws1/build/my_robot_pkg/CMakeFiles /home/zebby/ws1/build/my_robot_pkg//CMakeFiles/progress.marks
[2.070s] /usr/bin/gmake  -f CMakeFiles/Makefile2 all
[2.071s] gmake[1]: Entering directory '/home/zebby/ws1/build/my_robot_pkg'
[2.071s] /usr/bin/gmake  -f CMakeFiles/motor_driver.dir/build.make CMakeFiles/motor_driver.dir/depend
[2.072s] gmake[2]: Entering directory '/home/zebby/ws1/build/my_robot_pkg'
[2.072s] cd /home/zebby/ws1/build/my_robot_pkg && /usr/bin/cmake -E cmake_depends "Unix Makefiles" /home/zebby/ws1/src/my_robot_pkg /home/zebby/ws1/src/my_robot_pkg /home/zebby/ws1/build/my_robot_pkg /home/zebby/ws1/build/my_robot_pkg /home/zebby/ws1/build/my_robot_pkg/CMakeFiles/motor_driver.dir/DependInfo.cmake --color=
[2.076s] Dependencies file "CMakeFiles/motor_driver.dir/src/motor_driver.cpp.o.d" is newer than depends file "/home/zebby/ws1/build/my_robot_pkg/CMakeFiles/motor_driver.dir/compiler_depend.internal".
[2.077s] [35m[1mConsolidate compiler generated dependencies of target motor_driver[0m
[2.079s] gmake[2]: Leaving directory '/home/zebby/ws1/build/my_robot_pkg'
[2.080s] /usr/bin/gmake  -f CMakeFiles/motor_driver.dir/build.make CMakeFiles/motor_driver.dir/build
[2.107s] gmake[2]: Entering directory '/home/zebby/ws1/build/my_robot_pkg'
[2.107s] gmake[2]: Nothing to be done for 'CMakeFiles/motor_driver.dir/build'.
[2.107s] gmake[2]: Leaving directory '/home/zebby/ws1/build/my_robot_pkg'
[2.112s] [100%] Built target motor_driver
[2.112s] gmake[1]: Leaving directory '/home/zebby/ws1/build/my_robot_pkg'
[2.113s] /usr/bin/cmake -E cmake_progress_start /home/zebby/ws1/build/my_robot_pkg/CMakeFiles 0
[2.119s] Invoked command in '/home/zebby/ws1/build/my_robot_pkg' returned '0': CMAKE_PREFIX_PATH=${CMAKE_PREFIX_PATH}:/home/zebby/ros2_ws/install/ros2_controllers_test_nodes:/opt/ros/humble /usr/bin/cmake --build /home/zebby/ws1/build/my_robot_pkg -- -j20 -l20
[2.125s] Invoking command in '/home/zebby/ws1/build/my_robot_pkg': CMAKE_PREFIX_PATH=${CMAKE_PREFIX_PATH}:/home/zebby/ros2_ws/install/ros2_controllers_test_nodes:/opt/ros/humble /usr/bin/cmake --install /home/zebby/ws1/build/my_robot_pkg
[2.129s] -- Install configuration: ""
[2.130s] -- Up-to-date: /home/zebby/ws1/install/my_robot_pkg/lib/my_robot_pkg/motor_driver
[2.130s] -- Up-to-date: /home/zebby/ws1/install/my_robot_pkg/include
[2.130s] -- Up-to-date: /home/zebby/ws1/install/my_robot_pkg/include/my_robot_pkg
[2.130s] -- Up-to-date: /home/zebby/ws1/install/my_robot_pkg/lib/my_robot_pkg/command_sender.py
[2.130s] -- Installing: /home/zebby/ws1/install/my_robot_pkg/share/my_robot_pkg/launch
[2.131s] -- Installing: /home/zebby/ws1/install/my_robot_pkg/share/my_robot_pkg/launch/robot_launch.py
[2.131s] -- Up-to-date: /home/zebby/ws1/install/my_robot_pkg/share/ament_index/resource_index/package_run_dependencies/my_robot_pkg
[2.131s] -- Up-to-date: /home/zebby/ws1/install/my_robot_pkg/share/ament_index/resource_index/parent_prefix_path/my_robot_pkg
[2.131s] -- Up-to-date: /home/zebby/ws1/install/my_robot_pkg/share/my_robot_pkg/environment/ament_prefix_path.sh
[2.131s] -- Installing: /home/zebby/ws1/install/my_robot_pkg/share/my_robot_pkg/environment/ament_prefix_path.dsv
[2.131s] -- Up-to-date: /home/zebby/ws1/install/my_robot_pkg/share/my_robot_pkg/environment/path.sh
[2.131s] -- Installing: /home/zebby/ws1/install/my_robot_pkg/share/my_robot_pkg/environment/path.dsv
[2.131s] -- Up-to-date: /home/zebby/ws1/install/my_robot_pkg/share/my_robot_pkg/local_setup.bash
[2.131s] -- Up-to-date: /home/zebby/ws1/install/my_robot_pkg/share/my_robot_pkg/local_setup.sh
[2.131s] -- Up-to-date: /home/zebby/ws1/install/my_robot_pkg/share/my_robot_pkg/local_setup.zsh
[2.131s] -- Installing: /home/zebby/ws1/install/my_robot_pkg/share/my_robot_pkg/local_setup.dsv
[2.132s] -- Installing: /home/zebby/ws1/install/my_robot_pkg/share/my_robot_pkg/package.dsv
[2.132s] -- Up-to-date: /home/zebby/ws1/install/my_robot_pkg/share/ament_index/resource_index/packages/my_robot_pkg
[2.132s] -- Up-to-date: /home/zebby/ws1/install/my_robot_pkg/share/my_robot_pkg/cmake/ament_cmake_export_include_directories-extras.cmake
[2.132s] -- Up-to-date: /home/zebby/ws1/install/my_robot_pkg/share/my_robot_pkg/cmake/ament_cmake_export_dependencies-extras.cmake
[2.132s] -- Up-to-date: /home/zebby/ws1/install/my_robot_pkg/share/my_robot_pkg/cmake/my_robot_pkgConfig.cmake
[2.132s] -- Up-to-date: /home/zebby/ws1/install/my_robot_pkg/share/my_robot_pkg/cmake/my_robot_pkgConfig-version.cmake
[2.132s] -- Up-to-date: /home/zebby/ws1/install/my_robot_pkg/share/my_robot_pkg/package.xml
[2.133s] Invoked command in '/home/zebby/ws1/build/my_robot_pkg' returned '0': CMAKE_PREFIX_PATH=${CMAKE_PREFIX_PATH}:/home/zebby/ros2_ws/install/ros2_controllers_test_nodes:/opt/ros/humble /usr/bin/cmake --install /home/zebby/ws1/build/my_robot_pkg
