[0.008s] Invoking command in '/home/zebby/ws1/build/my_robot_pkg': CMAKE_PREFIX_PATH=${CMAKE_PREFIX_PATH}:/home/zebby/ros2_ws/install/ros2_controllers_test_nodes:/opt/ros/humble /usr/bin/cmake --build /home/zebby/ws1/build/my_robot_pkg -- -j20 -l20
[0.020s] -- Found ament_cmake: 1.3.12 (/opt/ros/humble/share/ament_cmake/cmake)
[0.090s] -- Found rclcpp: 16.0.16 (/opt/ros/humble/share/rclcpp/cmake)
[0.145s] -- Found rosidl_generator_c: 3.1.7 (/opt/ros/humble/share/rosidl_generator_c/cmake)
[0.146s] -- Found rosidl_adapter: 3.1.7 (/opt/ros/humble/share/rosidl_adapter/cmake)
[0.149s] -- Found rosidl_generator_cpp: 3.1.7 (/opt/ros/humble/share/rosidl_generator_cpp/cmake)
[0.154s] -- Using all available rosidl_typesupport_c: rosidl_typesupport_fastrtps_c;rosidl_typesupport_introspection_c
[0.161s] -- Using all available rosidl_typesupport_cpp: rosidl_typesupport_fastrtps_cpp;rosidl_typesupport_introspection_cpp
[0.179s] -- Found rmw_implementation_cmake: 6.1.2 (/opt/ros/humble/share/rmw_implementation_cmake/cmake)
[0.180s] -- Found rmw_fastrtps_cpp: 6.2.9 (/opt/ros/humble/share/rmw_fastrtps_cpp/cmake)
[1.683s] -- Using RMW implementation 'rmw_fastrtps_cpp' as default
[1.710s] -- Found rclpy: 3.3.19 (/opt/ros/humble/share/rclpy/cmake)
[1.710s] -- Found ament_lint_auto: 0.12.14 (/opt/ros/humble/share/ament_lint_auto/cmake)
[1.749s] -- Added test 'cppcheck' to perform static code analysis on C / C++ code
[1.749s] -- Configured cppcheck include dirs: $<BUILD_INTERFACE:/home/zebby/ws1/src/my_robot_pkg/include>
[1.750s] -- Configured cppcheck exclude dirs and/or files: 
[1.750s] -- Added test 'flake8' to check Python code syntax and style conventions
[1.750s] -- Added test 'lint_cmake' to check CMake code style
[1.750s] -- Added test 'pep257' to check Python code against some of the docstring style conventions in PEP 257
[1.750s] -- Added test 'uncrustify' to check C / C++ code style
[1.750s] -- Configured uncrustify additional arguments: 
[1.751s] -- Added test 'xmllint' to check XML markup files
[1.751s] -- Configuring done
[1.756s] -- Generating done
[1.758s] -- Build files have been written to: /home/zebby/ws1/build/my_robot_pkg
[1.774s] [35m[1mConsolidate compiler generated dependencies of target motor_driver[0m
[1.783s] [ 50%] [32mBuilding CXX object CMakeFiles/motor_driver.dir/src/motor_driver.cpp.o[0m
[1.896s] In file included from [01m[K/home/zebby/ws1/src/my_robot_pkg/src/motor_driver.cpp:3[m[K:
[1.896s] [01m[K/home/zebby/ws1/src/my_robot_pkg/include/my_robot_pkg/SparkMax.hpp:11:10:[m[K [01;31m[Kfatal error: [m[Kcontroller_pkg/SparkBase.hpp: No such file or directory
[1.896s]    11 | #include [01;31m[K"controller_pkg/SparkBase.hpp"[m[K
[1.896s]       |          [01;31m[K^~~~~~~~~~~~~~~~~~~~~~~~~~~~~~[m[K
[1.896s] compilation terminated.
[1.898s] gmake[2]: *** [CMakeFiles/motor_driver.dir/build.make:76: CMakeFiles/motor_driver.dir/src/motor_driver.cpp.o] Error 1
[1.898s] gmake[1]: *** [CMakeFiles/Makefile2:137: CMakeFiles/motor_driver.dir/all] Error 2
[1.898s] gmake: *** [Makefile:146: all] Error 2
[1.900s] Invoked command in '/home/zebby/ws1/build/my_robot_pkg' returned '2': CMAKE_PREFIX_PATH=${CMAKE_PREFIX_PATH}:/home/zebby/ros2_ws/install/ros2_controllers_test_nodes:/opt/ros/humble /usr/bin/cmake --build /home/zebby/ws1/build/my_robot_pkg -- -j20 -l20
