[0.008s] Invoking command in '/home/zebby/ws1/build/my_robot_pkg': CMAKE_PREFIX_PATH=${CMAKE_PREFIX_PATH}:/home/zebby/ros2_ws/install/ros2_controllers_test_nodes:/opt/ros/humble /usr/bin/cmake --build /home/zebby/ws1/build/my_robot_pkg -- -j20 -l20
[0.037s] [ 50%] [32mBuilding CXX object CMakeFiles/motor_driver.dir/src/motor_driver.cpp.o[0m
[1.495s] [01m[K/home/zebby/ws1/src/my_robot_pkg/src/motor_driver.cpp:22:21:[m[K [01;31m[Kerror: [m[Kexpected identifier before string constant
[1.495s]    22 |     SparkMax motor1([01;31m[K"can0"[m[K, 1);
[1.495s]       |                     [01;31m[K^~~~~~[m[K
[1.495s] [01m[K/home/zebby/ws1/src/my_robot_pkg/src/motor_driver.cpp:22:21:[m[K [01;31m[Kerror: [m[Kexpected ‘[01m[K,[m[K’ or ‘[01m[K...[m[K’ before string constant
[1.495s] [01m[K/home/zebby/ws1/src/my_robot_pkg/src/motor_driver.cpp:23:21:[m[K [01;31m[Kerror: [m[Kexpected identifier before string constant
[1.495s]    23 |     SparkMax motor2([01;31m[K"can0"[m[K, 2);
[1.495s]       |                     [01;31m[K^~~~~~[m[K
[1.495s] [01m[K/home/zebby/ws1/src/my_robot_pkg/src/motor_driver.cpp:23:21:[m[K [01;31m[Kerror: [m[Kexpected ‘[01m[K,[m[K’ or ‘[01m[K...[m[K’ before string constant
[1.495s] [01m[K/home/zebby/ws1/src/my_robot_pkg/src/motor_driver.cpp:24:21:[m[K [01;31m[Kerror: [m[Kexpected identifier before string constant
[1.495s]    24 |     SparkMax motor3([01;31m[K"can0"[m[K, 3);
[1.495s]       |                     [01;31m[K^~~~~~[m[K
[1.495s] [01m[K/home/zebby/ws1/src/my_robot_pkg/src/motor_driver.cpp:24:21:[m[K [01;31m[Kerror: [m[Kexpected ‘[01m[K,[m[K’ or ‘[01m[K...[m[K’ before string constant
[1.495s] [01m[K/home/zebby/ws1/src/my_robot_pkg/src/motor_driver.cpp:25:21:[m[K [01;31m[Kerror: [m[Kexpected identifier before string constant
[1.495s]    25 |     SparkMax motor4([01;31m[K"can0"[m[K, 4);
[1.495s]       |                     [01;31m[K^~~~~~[m[K
[1.495s] [01m[K/home/zebby/ws1/src/my_robot_pkg/src/motor_driver.cpp:25:21:[m[K [01;31m[Kerror: [m[Kexpected ‘[01m[K,[m[K’ or ‘[01m[K...[m[K’ before string constant
[1.497s] [01m[K/home/zebby/ws1/src/my_robot_pkg/src/motor_driver.cpp:28:5:[m[K [01;31m[Kerror: [m[K‘[01m[Kmotor1[m[K’ does not name a type
[1.497s]    28 |     [01;31m[Kmotor1[m[K.SetMotorType(MotorType::kBrushless);
[1.497s]       |     [01;31m[K^~~~~~[m[K
[1.497s] [01m[K/home/zebby/ws1/src/my_robot_pkg/src/motor_driver.cpp:29:5:[m[K [01;31m[Kerror: [m[K‘[01m[Kmotor2[m[K’ does not name a type
[1.498s]    29 |     [01;31m[Kmotor2[m[K.SetMotorType(MotorType::kBrushless);
[1.498s]       |     [01;31m[K^~~~~~[m[K
[1.498s] [01m[K/home/zebby/ws1/src/my_robot_pkg/src/motor_driver.cpp:30:5:[m[K [01;31m[Kerror: [m[K‘[01m[Kmotor3[m[K’ does not name a type
[1.498s]    30 |     [01;31m[Kmotor3[m[K.SetMotorType(MotorType::kBrushless);
[1.498s]       |     [01;31m[K^~~~~~[m[K
[1.499s] [01m[K/home/zebby/ws1/src/my_robot_pkg/src/motor_driver.cpp:31:5:[m[K [01;31m[Kerror: [m[K‘[01m[Kmotor4[m[K’ does not name a type
[1.499s]    31 |     [01;31m[Kmotor4[m[K.SetMotorType(MotorType::kBrushless);
[1.499s]       |     [01;31m[K^~~~~~[m[K
[1.500s] [01m[K/home/zebby/ws1/src/my_robot_pkg/src/motor_driver.cpp:33:5:[m[K [01;31m[Kerror: [m[K‘[01m[Kmotor1[m[K’ does not name a type
[1.500s]    33 |     [01;31m[Kmotor1[m[K.SetIdleMode(IdleMode::kBrake);
[1.500s]       |     [01;31m[K^~~~~~[m[K
[1.501s] [01m[K/home/zebby/ws1/src/my_robot_pkg/src/motor_driver.cpp:34:5:[m[K [01;31m[Kerror: [m[K‘[01m[Kmotor2[m[K’ does not name a type
[1.501s]    34 |     [01;31m[Kmotor2[m[K.SetIdleMode(IdleMode::kBrake);
[1.501s]       |     [01;31m[K^~~~~~[m[K
[1.501s] [01m[K/home/zebby/ws1/src/my_robot_pkg/src/motor_driver.cpp:35:5:[m[K [01;31m[Kerror: [m[K‘[01m[Kmotor3[m[K’ does not name a type
[1.501s]    35 |     [01;31m[Kmotor3[m[K.SetIdleMode(IdleMode::kBrake);
[1.501s]       |     [01;31m[K^~~~~~[m[K
[1.502s] [01m[K/home/zebby/ws1/src/my_robot_pkg/src/motor_driver.cpp:36:5:[m[K [01;31m[Kerror: [m[K‘[01m[Kmotor4[m[K’ does not name a type
[1.502s]    36 |     [01;31m[Kmotor4[m[K.SetIdleMode(IdleMode::kBrake);
[1.502s]       |     [01;31m[K^~~~~~[m[K
[1.503s] [01m[K/home/zebby/ws1/src/my_robot_pkg/src/motor_driver.cpp:38:5:[m[K [01;31m[Kerror: [m[K‘[01m[Kmotor1[m[K’ does not name a type
[1.503s]    38 |     [01;31m[Kmotor1[m[K.SetSensorType(SensorType::kHallSensor);
[1.503s]       |     [01;31m[K^~~~~~[m[K
[1.504s] [01m[K/home/zebby/ws1/src/my_robot_pkg/src/motor_driver.cpp:39:5:[m[K [01;31m[Kerror: [m[K‘[01m[Kmotor2[m[K’ does not name a type
[1.504s]    39 |     [01;31m[Kmotor2[m[K.SetSensorType(SensorType::kHallSensor);
[1.504s]       |     [01;31m[K^~~~~~[m[K
[1.505s] [01m[K/home/zebby/ws1/src/my_robot_pkg/src/motor_driver.cpp:40:5:[m[K [01;31m[Kerror: [m[K‘[01m[Kmotor3[m[K’ does not name a type
[1.505s]    40 |     [01;31m[Kmotor3[m[K.SetSensorType(SensorType::kHallSensor);
[1.505s]       |     [01;31m[K^~~~~~[m[K
[1.505s] [01m[K/home/zebby/ws1/src/my_robot_pkg/src/motor_driver.cpp:41:5:[m[K [01;31m[Kerror: [m[K‘[01m[Kmotor4[m[K’ does not name a type
[1.505s]    41 |     [01;31m[Kmotor4[m[K.SetSensorType(SensorType::kHallSensor);
[1.505s]       |     [01;31m[K^~~~~~[m[K
[1.506s] [01m[K/home/zebby/ws1/src/my_robot_pkg/src/motor_driver.cpp:43:5:[m[K [01;31m[Kerror: [m[K‘[01m[Kmotor1[m[K’ does not name a type
[1.506s]    43 |     [01;31m[Kmotor1[m[K.BurnFlash();
[1.506s]       |     [01;31m[K^~~~~~[m[K
[1.507s] [01m[K/home/zebby/ws1/src/my_robot_pkg/src/motor_driver.cpp:44:5:[m[K [01;31m[Kerror: [m[K‘[01m[Kmotor2[m[K’ does not name a type
[1.507s]    44 |     [01;31m[Kmotor2[m[K.BurnFlash();
[1.507s]       |     [01;31m[K^~~~~~[m[K
[1.508s] [01m[K/home/zebby/ws1/src/my_robot_pkg/src/motor_driver.cpp:45:5:[m[K [01;31m[Kerror: [m[K‘[01m[Kmotor3[m[K’ does not name a type
[1.508s]    45 |     [01;31m[Kmotor3[m[K.BurnFlash();
[1.508s]       |     [01;31m[K^~~~~~[m[K
[1.508s] [01m[K/home/zebby/ws1/src/my_robot_pkg/src/motor_driver.cpp:46:5:[m[K [01;31m[Kerror: [m[K‘[01m[Kmotor4[m[K’ does not name a type
[1.509s]    46 |     [01;31m[Kmotor4[m[K.BurnFlash();
[1.509s]       |     [01;31m[K^~~~~~[m[K
[1.540s] [01m[K/home/zebby/ws1/src/my_robot_pkg/src/motor_driver.cpp:[m[K In member function ‘[01m[Kvoid MotorDriver::cmd_callback(std_msgs::msg::String_<std::allocator<void> >::SharedPtr)[m[K’:
[1.540s] [01m[K/home/zebby/ws1/src/my_robot_pkg/src/motor_driver.cpp:55:13:[m[K [01;31m[Kerror: [m[Kinvalid use of member function ‘[01m[KSparkMax MotorDriver::motor1(int)[m[K’ (did you forget the ‘[01m[K()[m[K’ ?)
[1.540s]    55 |             [01;31m[Kmotor1[m[K.SetDutyCycle(0.5);
[1.540s]       |             [01;31m[K^~~~~~[m[K
[1.540s] [01m[K/home/zebby/ws1/src/my_robot_pkg/src/motor_driver.cpp:56:13:[m[K [01;31m[Kerror: [m[Kinvalid use of member function ‘[01m[KSparkMax MotorDriver::motor2(int)[m[K’ (did you forget the ‘[01m[K()[m[K’ ?)
[1.540s]    56 |             [01;31m[Kmotor2[m[K.SetDutyCycle(0.5);
[1.540s]       |             [01;31m[K^~~~~~[m[K
[1.540s] [01m[K/home/zebby/ws1/src/my_robot_pkg/src/motor_driver.cpp:57:13:[m[K [01;31m[Kerror: [m[Kinvalid use of member function ‘[01m[KSparkMax MotorDriver::motor3(int)[m[K’ (did you forget the ‘[01m[K()[m[K’ ?)
[1.540s]    57 |             [01;31m[Kmotor3[m[K.SetDutyCycle(0.5);
[1.540s]       |             [01;31m[K^~~~~~[m[K
[1.540s] [01m[K/home/zebby/ws1/src/my_robot_pkg/src/motor_driver.cpp:58:13:[m[K [01;31m[Kerror: [m[Kinvalid use of member function ‘[01m[KSparkMax MotorDriver::motor4(int)[m[K’ (did you forget the ‘[01m[K()[m[K’ ?)
[1.540s]    58 |             [01;31m[Kmotor4[m[K.SetDutyCycle(0.5);
[1.540s]       |             [01;31m[K^~~~~~[m[K
[1.540s] [01m[K/home/zebby/ws1/src/my_robot_pkg/src/motor_driver.cpp:61:13:[m[K [01;31m[Kerror: [m[Kinvalid use of member function ‘[01m[KSparkMax MotorDriver::motor1(int)[m[K’ (did you forget the ‘[01m[K()[m[K’ ?)
[1.540s]    61 |             [01;31m[Kmotor1[m[K.SetDutyCycle(-0.5);
[1.540s]       |             [01;31m[K^~~~~~[m[K
[1.540s] [01m[K/home/zebby/ws1/src/my_robot_pkg/src/motor_driver.cpp:62:13:[m[K [01;31m[Kerror: [m[Kinvalid use of member function ‘[01m[KSparkMax MotorDriver::motor2(int)[m[K’ (did you forget the ‘[01m[K()[m[K’ ?)
[1.540s]    62 |             [01;31m[Kmotor2[m[K.SetDutyCycle(-0.5);
[1.540s]       |             [01;31m[K^~~~~~[m[K
[1.540s] [01m[K/home/zebby/ws1/src/my_robot_pkg/src/motor_driver.cpp:63:13:[m[K [01;31m[Kerror: [m[Kinvalid use of member function ‘[01m[KSparkMax MotorDriver::motor3(int)[m[K’ (did you forget the ‘[01m[K()[m[K’ ?)
[1.540s]    63 |             [01;31m[Kmotor3[m[K.SetDutyCycle(0.5);
[1.540s]       |             [01;31m[K^~~~~~[m[K
[1.541s] [01m[K/home/zebby/ws1/src/my_robot_pkg/src/motor_driver.cpp:64:13:[m[K [01;31m[Kerror: [m[Kinvalid use of member function ‘[01m[KSparkMax MotorDriver::motor4(int)[m[K’ (did you forget the ‘[01m[K()[m[K’ ?)
[1.541s]    64 |             [01;31m[Kmotor4[m[K.SetDutyCycle(0.5);
[1.541s]       |             [01;31m[K^~~~~~[m[K
[1.541s] [01m[K/home/zebby/ws1/src/my_robot_pkg/src/motor_driver.cpp:67:13:[m[K [01;31m[Kerror: [m[Kinvalid use of member function ‘[01m[KSparkMax MotorDriver::motor1(int)[m[K’ (did you forget the ‘[01m[K()[m[K’ ?)
[1.541s]    67 |             [01;31m[Kmotor1[m[K.SetDutyCycle(-0.5);
[1.541s]       |             [01;31m[K^~~~~~[m[K
[1.541s] [01m[K/home/zebby/ws1/src/my_robot_pkg/src/motor_driver.cpp:68:13:[m[K [01;31m[Kerror: [m[Kinvalid use of member function ‘[01m[KSparkMax MotorDriver::motor2(int)[m[K’ (did you forget the ‘[01m[K()[m[K’ ?)
[1.541s]    68 |             [01;31m[Kmotor2[m[K.SetDutyCycle(-0.5);
[1.541s]       |             [01;31m[K^~~~~~[m[K
[1.541s] [01m[K/home/zebby/ws1/src/my_robot_pkg/src/motor_driver.cpp:69:13:[m[K [01;31m[Kerror: [m[Kinvalid use of member function ‘[01m[KSparkMax MotorDriver::motor3(int)[m[K’ (did you forget the ‘[01m[K()[m[K’ ?)
[1.541s]    69 |             [01;31m[Kmotor3[m[K.SetDutyCycle(-0.5);
[1.541s]       |             [01;31m[K^~~~~~[m[K
[1.541s] [01m[K/home/zebby/ws1/src/my_robot_pkg/src/motor_driver.cpp:70:13:[m[K [01;31m[Kerror: [m[Kinvalid use of member function ‘[01m[KSparkMax MotorDriver::motor4(int)[m[K’ (did you forget the ‘[01m[K()[m[K’ ?)
[1.541s]    70 |             [01;31m[Kmotor4[m[K.SetDutyCycle(-0.5);
[1.541s]       |             [01;31m[K^~~~~~[m[K
[1.541s] [01m[K/home/zebby/ws1/src/my_robot_pkg/src/motor_driver.cpp:73:13:[m[K [01;31m[Kerror: [m[Kinvalid use of member function ‘[01m[KSparkMax MotorDriver::motor1(int)[m[K’ (did you forget the ‘[01m[K()[m[K’ ?)
[1.541s]    73 |             [01;31m[Kmotor1[m[K.SetDutyCycle(0.5);
[1.541s]       |             [01;31m[K^~~~~~[m[K
[1.541s] [01m[K/home/zebby/ws1/src/my_robot_pkg/src/motor_driver.cpp:74:13:[m[K [01;31m[Kerror: [m[Kinvalid use of member function ‘[01m[KSparkMax MotorDriver::motor2(int)[m[K’ (did you forget the ‘[01m[K()[m[K’ ?)
[1.541s]    74 |             [01;31m[Kmotor2[m[K.SetDutyCycle(0.5);
[1.541s]       |             [01;31m[K^~~~~~[m[K
[1.541s] [01m[K/home/zebby/ws1/src/my_robot_pkg/src/motor_driver.cpp:75:13:[m[K [01;31m[Kerror: [m[Kinvalid use of member function ‘[01m[KSparkMax MotorDriver::motor3(int)[m[K’ (did you forget the ‘[01m[K()[m[K’ ?)
[1.541s]    75 |             [01;31m[Kmotor3[m[K.SetDutyCycle(-0.5);
[1.541s]       |             [01;31m[K^~~~~~[m[K
[1.541s] [01m[K/home/zebby/ws1/src/my_robot_pkg/src/motor_driver.cpp:76:13:[m[K [01;31m[Kerror: [m[Kinvalid use of member function ‘[01m[KSparkMax MotorDriver::motor4(int)[m[K’ (did you forget the ‘[01m[K()[m[K’ ?)
[1.541s]    76 |             [01;31m[Kmotor4[m[K.SetDutyCycle(-0.5);
[1.541s]       |             [01;31m[K^~~~~~[m[K
[1.541s] [01m[K/home/zebby/ws1/src/my_robot_pkg/src/motor_driver.cpp:79:13:[m[K [01;31m[Kerror: [m[Kinvalid use of member function ‘[01m[KSparkMax MotorDriver::motor1(int)[m[K’ (did you forget the ‘[01m[K()[m[K’ ?)
[1.541s]    79 |             [01;31m[Kmotor1[m[K.SetDutyCycle(0.0);
[1.541s]       |             [01;31m[K^~~~~~[m[K
[1.541s] [01m[K/home/zebby/ws1/src/my_robot_pkg/src/motor_driver.cpp:80:13:[m[K [01;31m[Kerror: [m[Kinvalid use of member function ‘[01m[KSparkMax MotorDriver::motor2(int)[m[K’ (did you forget the ‘[01m[K()[m[K’ ?)
[1.541s]    80 |             [01;31m[Kmotor2[m[K.SetDutyCycle(0.0);
[1.541s]       |             [01;31m[K^~~~~~[m[K
[1.541s] [01m[K/home/zebby/ws1/src/my_robot_pkg/src/motor_driver.cpp:81:13:[m[K [01;31m[Kerror: [m[Kinvalid use of member function ‘[01m[KSparkMax MotorDriver::motor3(int)[m[K’ (did you forget the ‘[01m[K()[m[K’ ?)
[1.541s]    81 |             [01;31m[Kmotor3[m[K.SetDutyCycle(0.0);
[1.541s]       |             [01;31m[K^~~~~~[m[K
[1.541s] [01m[K/home/zebby/ws1/src/my_robot_pkg/src/motor_driver.cpp:82:13:[m[K [01;31m[Kerror: [m[Kinvalid use of member function ‘[01m[KSparkMax MotorDriver::motor4(int)[m[K’ (did you forget the ‘[01m[K()[m[K’ ?)
[1.541s]    82 |             [01;31m[Kmotor4[m[K.SetDutyCycle(0.0);
[1.541s]       |             [01;31m[K^~~~~~[m[K
[2.884s] gmake[2]: *** [CMakeFiles/motor_driver.dir/build.make:76: CMakeFiles/motor_driver.dir/src/motor_driver.cpp.o] Error 1
[2.885s] gmake[1]: *** [CMakeFiles/Makefile2:137: CMakeFiles/motor_driver.dir/all] Error 2
[2.885s] gmake: *** [Makefile:146: all] Error 2
[2.886s] Invoked command in '/home/zebby/ws1/build/my_robot_pkg' returned '2': CMAKE_PREFIX_PATH=${CMAKE_PREFIX_PATH}:/home/zebby/ros2_ws/install/ros2_controllers_test_nodes:/opt/ros/humble /usr/bin/cmake --build /home/zebby/ws1/build/my_robot_pkg -- -j20 -l20
