[0.009s] Invoking command in '/home/zebby/ws1/build/my_robot_pkg': CMAKE_PREFIX_PATH=${CMAKE_PREFIX_PATH}:/home/zebby/ros2_ws/install/ros2_controllers_test_nodes:/opt/ros/humble /usr/bin/cmake --build /home/zebby/ws1/build/my_robot_pkg -- -j20 -l20
[0.019s] /usr/bin/cmake -S/home/zebby/ws1/src/my_robot_pkg -B/home/zebby/ws1/build/my_robot_pkg --check-build-system CMakeFiles/Makefile.cmake 0
[0.027s] /usr/bin/cmake -E cmake_progress_start /home/zebby/ws1/build/my_robot_pkg/CMakeFiles /home/zebby/ws1/build/my_robot_pkg//CMakeFiles/progress.marks
[0.033s] /usr/bin/gmake  -f CMakeFiles/Makefile2 all
[0.034s] gmake[1]: Entering directory '/home/zebby/ws1/build/my_robot_pkg'
[0.034s] /usr/bin/gmake  -f CMakeFiles/motor_driver.dir/build.make CMakeFiles/motor_driver.dir/depend
[0.036s] gmake[2]: Entering directory '/home/zebby/ws1/build/my_robot_pkg'
[0.036s] cd /home/zebby/ws1/build/my_robot_pkg && /usr/bin/cmake -E cmake_depends "Unix Makefiles" /home/zebby/ws1/src/my_robot_pkg /home/zebby/ws1/src/my_robot_pkg /home/zebby/ws1/build/my_robot_pkg /home/zebby/ws1/build/my_robot_pkg /home/zebby/ws1/build/my_robot_pkg/CMakeFiles/motor_driver.dir/DependInfo.cmake --color=
[0.043s] gmake[2]: Leaving directory '/home/zebby/ws1/build/my_robot_pkg'
[0.043s] /usr/bin/gmake  -f CMakeFiles/motor_driver.dir/build.make CMakeFiles/motor_driver.dir/build
[0.046s] gmake[2]: Entering directory '/home/zebby/ws1/build/my_robot_pkg'
[0.053s] [ 50%] [32mBuilding CXX object CMakeFiles/motor_driver.dir/src/motor_driver.cpp.o[0m
[0.053s] /usr/bin/c++ -DDEFAULT_RMW_IMPLEMENTATION=rmw_fastrtps_cpp -DRCUTILS_ENABLE_FAULT_INJECTION -I/home/zebby/ws1/src/my_robot_pkg/include -isystem /opt/ros/humble/include/rclcpp -isystem /opt/ros/humble/include/std_msgs -isystem /opt/ros/humble/include/ament_index_cpp -isystem /opt/ros/humble/include/libstatistics_collector -isystem /opt/ros/humble/include/builtin_interfaces -isystem /opt/ros/humble/include/rosidl_runtime_c -isystem /opt/ros/humble/include/rcutils -isystem /opt/ros/humble/include/rosidl_typesupport_interface -isystem /opt/ros/humble/include/fastcdr -isystem /opt/ros/humble/include/rosidl_runtime_cpp -isystem /opt/ros/humble/include/rosidl_typesupport_fastrtps_cpp -isystem /opt/ros/humble/include/rmw -isystem /opt/ros/humble/include/rosidl_typesupport_fastrtps_c -isystem /opt/ros/humble/include/rosidl_typesupport_introspection_c -isystem /opt/ros/humble/include/rosidl_typesupport_introspection_cpp -isystem /opt/ros/humble/include/rcl -isystem /opt/ros/humble/include/rcl_interfaces -isystem /opt/ros/humble/include/rcl_logging_interface -isystem /opt/ros/humble/include/rcl_yaml_param_parser -isystem /opt/ros/humble/include/libyaml_vendor -isystem /opt/ros/humble/include/tracetools -isystem /opt/ros/humble/include/rcpputils -isystem /opt/ros/humble/include/statistics_msgs -isystem /opt/ros/humble/include/rosgraph_msgs -isystem /opt/ros/humble/include/rosidl_typesupport_cpp -isystem /opt/ros/humble/include/rosidl_typesupport_c -Wall -Wextra -Wpedantic -MD -MT CMakeFiles/motor_driver.dir/src/motor_driver.cpp.o -MF CMakeFiles/motor_driver.dir/src/motor_driver.cpp.o.d -o CMakeFiles/motor_driver.dir/src/motor_driver.cpp.o -c /home/zebby/ws1/src/my_robot_pkg/src/motor_driver.cpp
[1.934s] [01m[K/home/zebby/ws1/src/my_robot_pkg/src/motor_driver.cpp:79:5:[m[K [01;31m[Kerror: [m[K‘[01m[KSparkMax[m[K’ does not name a type
[1.934s]    79 |     [01;31m[KSparkMax[m[K motor1;
[1.934s]       |     [01;31m[K^~~~~~~~[m[K
[1.935s] [01m[K/home/zebby/ws1/src/my_robot_pkg/src/motor_driver.cpp:80:5:[m[K [01;31m[Kerror: [m[K‘[01m[KSparkMax[m[K’ does not name a type
[1.935s]    80 |     [01;31m[KSparkMax[m[K motor2;
[1.935s]       |     [01;31m[K^~~~~~~~[m[K
[1.936s] [01m[K/home/zebby/ws1/src/my_robot_pkg/src/motor_driver.cpp:81:5:[m[K [01;31m[Kerror: [m[K‘[01m[KSparkMax[m[K’ does not name a type
[1.936s]    81 |     [01;31m[KSparkMax[m[K motor3;
[1.937s]       |     [01;31m[K^~~~~~~~[m[K
[1.937s] [01m[K/home/zebby/ws1/src/my_robot_pkg/src/motor_driver.cpp:82:5:[m[K [01;31m[Kerror: [m[K‘[01m[KSparkMax[m[K’ does not name a type
[1.937s]    82 |     [01;31m[KSparkMax[m[K motor4;
[1.937s]       |     [01;31m[K^~~~~~~~[m[K
[1.967s] [01m[K/home/zebby/ws1/src/my_robot_pkg/src/motor_driver.cpp:[m[K In constructor ‘[01m[KMotorDriver::MotorDriver()[m[K’:
[1.967s] [01m[K/home/zebby/ws1/src/my_robot_pkg/src/motor_driver.cpp:14:7:[m[K [01;31m[Kerror: [m[Kclass ‘[01m[KMotorDriver[m[K’ does not have any field named ‘[01m[Kmotor1[m[K’
[1.967s]    14 |       [01;31m[Kmotor1[m[K("can0", 1),
[1.967s]       |       [01;31m[K^~~~~~[m[K
[1.967s] [01m[K/home/zebby/ws1/src/my_robot_pkg/src/motor_driver.cpp:15:7:[m[K [01;31m[Kerror: [m[Kclass ‘[01m[KMotorDriver[m[K’ does not have any field named ‘[01m[Kmotor2[m[K’
[1.967s]    15 |       [01;31m[Kmotor2[m[K("can0", 2),
[1.967s]       |       [01;31m[K^~~~~~[m[K
[1.967s] [01m[K/home/zebby/ws1/src/my_robot_pkg/src/motor_driver.cpp:16:7:[m[K [01;31m[Kerror: [m[Kclass ‘[01m[KMotorDriver[m[K’ does not have any field named ‘[01m[Kmotor3[m[K’
[1.967s]    16 |       [01;31m[Kmotor3[m[K("can0", 3),
[1.967s]       |       [01;31m[K^~~~~~[m[K
[1.967s] [01m[K/home/zebby/ws1/src/my_robot_pkg/src/motor_driver.cpp:17:7:[m[K [01;31m[Kerror: [m[Kclass ‘[01m[KMotorDriver[m[K’ does not have any field named ‘[01m[Kmotor4[m[K’
[1.967s]    17 |       [01;31m[Kmotor4[m[K("can0", 4)
[1.967s]       |       [01;31m[K^~~~~~[m[K
[1.976s] [01m[K/home/zebby/ws1/src/my_robot_pkg/src/motor_driver.cpp:24:9:[m[K [01;31m[Kerror: [m[K‘[01m[Kmotor1[m[K’ was not declared in this scope
[1.976s]    24 |         [01;31m[Kmotor1[m[K.SetMotorType(MotorType::kBrushless);
[1.977s]       |         [01;31m[K^~~~~~[m[K
[1.977s] [01m[K/home/zebby/ws1/src/my_robot_pkg/src/motor_driver.cpp:24:29:[m[K [01;31m[Kerror: [m[K‘[01m[KMotorType[m[K’ has not been declared
[1.977s]    24 |         motor1.SetMotorType([01;31m[KMotorType[m[K::kBrushless);
[1.977s]       |                             [01;31m[K^~~~~~~~~[m[K
[1.980s] [01m[K/home/zebby/ws1/src/my_robot_pkg/src/motor_driver.cpp:25:9:[m[K [01;31m[Kerror: [m[K‘[01m[Kmotor2[m[K’ was not declared in this scope
[1.980s]    25 |         [01;31m[Kmotor2[m[K.SetMotorType(MotorType::kBrushless);
[1.981s]       |         [01;31m[K^~~~~~[m[K
[1.981s] [01m[K/home/zebby/ws1/src/my_robot_pkg/src/motor_driver.cpp:25:29:[m[K [01;31m[Kerror: [m[K‘[01m[KMotorType[m[K’ has not been declared
[1.981s]    25 |         motor2.SetMotorType([01;31m[KMotorType[m[K::kBrushless);
[1.981s]       |                             [01;31m[K^~~~~~~~~[m[K
[1.984s] [01m[K/home/zebby/ws1/src/my_robot_pkg/src/motor_driver.cpp:26:9:[m[K [01;31m[Kerror: [m[K‘[01m[Kmotor3[m[K’ was not declared in this scope
[1.984s]    26 |         [01;31m[Kmotor3[m[K.SetMotorType(MotorType::kBrushless);
[1.984s]       |         [01;31m[K^~~~~~[m[K
[1.984s] [01m[K/home/zebby/ws1/src/my_robot_pkg/src/motor_driver.cpp:26:29:[m[K [01;31m[Kerror: [m[K‘[01m[KMotorType[m[K’ has not been declared
[1.984s]    26 |         motor3.SetMotorType([01;31m[KMotorType[m[K::kBrushless);
[1.984s]       |                             [01;31m[K^~~~~~~~~[m[K
[1.988s] [01m[K/home/zebby/ws1/src/my_robot_pkg/src/motor_driver.cpp:27:9:[m[K [01;31m[Kerror: [m[K‘[01m[Kmotor4[m[K’ was not declared in this scope
[1.988s]    27 |         [01;31m[Kmotor4[m[K.SetMotorType(MotorType::kBrushless);
[1.988s]       |         [01;31m[K^~~~~~[m[K
[1.988s] [01m[K/home/zebby/ws1/src/my_robot_pkg/src/motor_driver.cpp:27:29:[m[K [01;31m[Kerror: [m[K‘[01m[KMotorType[m[K’ has not been declared
[1.988s]    27 |         motor4.SetMotorType([01;31m[KMotorType[m[K::kBrushless);
[1.988s]       |                             [01;31m[K^~~~~~~~~[m[K
[1.988s] [01m[K/home/zebby/ws1/src/my_robot_pkg/src/motor_driver.cpp:29:28:[m[K [01;31m[Kerror: [m[K‘[01m[KIdleMode[m[K’ has not been declared
[1.988s]    29 |         motor1.SetIdleMode([01;31m[KIdleMode[m[K::kBrake);
[1.988s]       |                            [01;31m[K^~~~~~~~[m[K
[1.988s] [01m[K/home/zebby/ws1/src/my_robot_pkg/src/motor_driver.cpp:30:28:[m[K [01;31m[Kerror: [m[K‘[01m[KIdleMode[m[K’ has not been declared
[1.988s]    30 |         motor2.SetIdleMode([01;31m[KIdleMode[m[K::kBrake);
[1.988s]       |                            [01;31m[K^~~~~~~~[m[K
[1.988s] [01m[K/home/zebby/ws1/src/my_robot_pkg/src/motor_driver.cpp:31:28:[m[K [01;31m[Kerror: [m[K‘[01m[KIdleMode[m[K’ has not been declared
[1.988s]    31 |         motor3.SetIdleMode([01;31m[KIdleMode[m[K::kBrake);
[1.988s]       |                            [01;31m[K^~~~~~~~[m[K
[1.988s] [01m[K/home/zebby/ws1/src/my_robot_pkg/src/motor_driver.cpp:32:28:[m[K [01;31m[Kerror: [m[K‘[01m[KIdleMode[m[K’ has not been declared
[1.988s]    32 |         motor4.SetIdleMode([01;31m[KIdleMode[m[K::kBrake);
[1.988s]       |                            [01;31m[K^~~~~~~~[m[K
[1.988s] [01m[K/home/zebby/ws1/src/my_robot_pkg/src/motor_driver.cpp:34:30:[m[K [01;31m[Kerror: [m[K‘[01m[KSensorType[m[K’ has not been declared
[1.988s]    34 |         motor1.SetSensorType([01;31m[KSensorType[m[K::kHallSensor);
[1.988s]       |                              [01;31m[K^~~~~~~~~~[m[K
[1.988s] [01m[K/home/zebby/ws1/src/my_robot_pkg/src/motor_driver.cpp:35:30:[m[K [01;31m[Kerror: [m[K‘[01m[KSensorType[m[K’ has not been declared
[1.988s]    35 |         motor2.SetSensorType([01;31m[KSensorType[m[K::kHallSensor);
[1.989s]       |                              [01;31m[K^~~~~~~~~~[m[K
[1.989s] [01m[K/home/zebby/ws1/src/my_robot_pkg/src/motor_driver.cpp:36:30:[m[K [01;31m[Kerror: [m[K‘[01m[KSensorType[m[K’ has not been declared
[1.989s]    36 |         motor3.SetSensorType([01;31m[KSensorType[m[K::kHallSensor);
[1.989s]       |                              [01;31m[K^~~~~~~~~~[m[K
[1.989s] [01m[K/home/zebby/ws1/src/my_robot_pkg/src/motor_driver.cpp:37:30:[m[K [01;31m[Kerror: [m[K‘[01m[KSensorType[m[K’ has not been declared
[1.989s]    37 |         motor4.SetSensorType([01;31m[KSensorType[m[K::kHallSensor);
[1.989s]       |                              [01;31m[K^~~~~~~~~~[m[K
[1.995s] [01m[K/home/zebby/ws1/src/my_robot_pkg/src/motor_driver.cpp:[m[K In member function ‘[01m[Kvoid MotorDriver::cmd_callback(std_msgs::msg::String_<std::allocator<void> >::SharedPtr)[m[K’:
[1.995s] [01m[K/home/zebby/ws1/src/my_robot_pkg/src/motor_driver.cpp:52:13:[m[K [01;31m[Kerror: [m[K‘[01m[Kmotor1[m[K’ was not declared in this scope
[1.995s]    52 |             [01;31m[Kmotor1[m[K.SetDutyCycle(0.5);
[1.995s]       |             [01;31m[K^~~~~~[m[K
[1.998s] [01m[K/home/zebby/ws1/src/my_robot_pkg/src/motor_driver.cpp:53:13:[m[K [01;31m[Kerror: [m[K‘[01m[Kmotor2[m[K’ was not declared in this scope
[1.998s]    53 |             [01;31m[Kmotor2[m[K.SetDutyCycle(0.5);
[1.998s]       |             [01;31m[K^~~~~~[m[K
[2.002s] [01m[K/home/zebby/ws1/src/my_robot_pkg/src/motor_driver.cpp:54:13:[m[K [01;31m[Kerror: [m[K‘[01m[Kmotor3[m[K’ was not declared in this scope
[2.002s]    54 |             [01;31m[Kmotor3[m[K.SetDutyCycle(0.5);
[2.002s]       |             [01;31m[K^~~~~~[m[K
[2.006s] [01m[K/home/zebby/ws1/src/my_robot_pkg/src/motor_driver.cpp:55:13:[m[K [01;31m[Kerror: [m[K‘[01m[Kmotor4[m[K’ was not declared in this scope
[2.006s]    55 |             [01;31m[Kmotor4[m[K.SetDutyCycle(0.5);
[2.006s]       |             [01;31m[K^~~~~~[m[K
[2.010s] [01m[K/home/zebby/ws1/src/my_robot_pkg/src/motor_driver.cpp:57:13:[m[K [01;31m[Kerror: [m[K‘[01m[Kmotor1[m[K’ was not declared in this scope
[2.010s]    57 |             [01;31m[Kmotor1[m[K.SetDutyCycle(-0.5);
[2.010s]       |             [01;31m[K^~~~~~[m[K
[2.013s] [01m[K/home/zebby/ws1/src/my_robot_pkg/src/motor_driver.cpp:58:13:[m[K [01;31m[Kerror: [m[K‘[01m[Kmotor2[m[K’ was not declared in this scope
[2.013s]    58 |             [01;31m[Kmotor2[m[K.SetDutyCycle(-0.5);
[2.013s]       |             [01;31m[K^~~~~~[m[K
[2.017s] [01m[K/home/zebby/ws1/src/my_robot_pkg/src/motor_driver.cpp:59:13:[m[K [01;31m[Kerror: [m[K‘[01m[Kmotor3[m[K’ was not declared in this scope
[2.017s]    59 |             [01;31m[Kmotor3[m[K.SetDutyCycle(0.5);
[2.017s]       |             [01;31m[K^~~~~~[m[K
[2.021s] [01m[K/home/zebby/ws1/src/my_robot_pkg/src/motor_driver.cpp:60:13:[m[K [01;31m[Kerror: [m[K‘[01m[Kmotor4[m[K’ was not declared in this scope
[2.021s]    60 |             [01;31m[Kmotor4[m[K.SetDutyCycle(0.5);
[2.021s]       |             [01;31m[K^~~~~~[m[K
[2.025s] [01m[K/home/zebby/ws1/src/my_robot_pkg/src/motor_driver.cpp:62:13:[m[K [01;31m[Kerror: [m[K‘[01m[Kmotor1[m[K’ was not declared in this scope
[2.025s]    62 |             [01;31m[Kmotor1[m[K.SetDutyCycle(-0.5);
[2.025s]       |             [01;31m[K^~~~~~[m[K
[2.029s] [01m[K/home/zebby/ws1/src/my_robot_pkg/src/motor_driver.cpp:63:13:[m[K [01;31m[Kerror: [m[K‘[01m[Kmotor2[m[K’ was not declared in this scope
[2.029s]    63 |             [01;31m[Kmotor2[m[K.SetDutyCycle(-0.5);
[2.029s]       |             [01;31m[K^~~~~~[m[K
[2.033s] [01m[K/home/zebby/ws1/src/my_robot_pkg/src/motor_driver.cpp:64:13:[m[K [01;31m[Kerror: [m[K‘[01m[Kmotor3[m[K’ was not declared in this scope
[2.033s]    64 |             [01;31m[Kmotor3[m[K.SetDutyCycle(-0.5);
[2.033s]       |             [01;31m[K^~~~~~[m[K
[2.037s] [01m[K/home/zebby/ws1/src/my_robot_pkg/src/motor_driver.cpp:65:13:[m[K [01;31m[Kerror: [m[K‘[01m[Kmotor4[m[K’ was not declared in this scope
[2.037s]    65 |             [01;31m[Kmotor4[m[K.SetDutyCycle(-0.5);
[2.037s]       |             [01;31m[K^~~~~~[m[K
[2.041s] [01m[K/home/zebby/ws1/src/my_robot_pkg/src/motor_driver.cpp:67:13:[m[K [01;31m[Kerror: [m[K‘[01m[Kmotor1[m[K’ was not declared in this scope
[2.041s]    67 |             [01;31m[Kmotor1[m[K.SetDutyCycle(0.5);
[2.041s]       |             [01;31m[K^~~~~~[m[K
[2.044s] [01m[K/home/zebby/ws1/src/my_robot_pkg/src/motor_driver.cpp:68:13:[m[K [01;31m[Kerror: [m[K‘[01m[Kmotor2[m[K’ was not declared in this scope
[2.044s]    68 |             [01;31m[Kmotor2[m[K.SetDutyCycle(0.5);
[2.044s]       |             [01;31m[K^~~~~~[m[K
[2.048s] [01m[K/home/zebby/ws1/src/my_robot_pkg/src/motor_driver.cpp:69:13:[m[K [01;31m[Kerror: [m[K‘[01m[Kmotor3[m[K’ was not declared in this scope
[2.048s]    69 |             [01;31m[Kmotor3[m[K.SetDutyCycle(-0.5);
[2.048s]       |             [01;31m[K^~~~~~[m[K
[2.052s] [01m[K/home/zebby/ws1/src/my_robot_pkg/src/motor_driver.cpp:70:13:[m[K [01;31m[Kerror: [m[K‘[01m[Kmotor4[m[K’ was not declared in this scope
[2.052s]    70 |             [01;31m[Kmotor4[m[K.SetDutyCycle(-0.5);
[2.052s]       |             [01;31m[K^~~~~~[m[K
[2.055s] [01m[K/home/zebby/ws1/src/my_robot_pkg/src/motor_driver.cpp:72:13:[m[K [01;31m[Kerror: [m[K‘[01m[Kmotor1[m[K’ was not declared in this scope
[2.056s]    72 |             [01;31m[Kmotor1[m[K.SetDutyCycle(0.0);
[2.056s]       |             [01;31m[K^~~~~~[m[K
[2.059s] [01m[K/home/zebby/ws1/src/my_robot_pkg/src/motor_driver.cpp:73:13:[m[K [01;31m[Kerror: [m[K‘[01m[Kmotor2[m[K’ was not declared in this scope
[2.059s]    73 |             [01;31m[Kmotor2[m[K.SetDutyCycle(0.0);
[2.059s]       |             [01;31m[K^~~~~~[m[K
[2.063s] [01m[K/home/zebby/ws1/src/my_robot_pkg/src/motor_driver.cpp:74:13:[m[K [01;31m[Kerror: [m[K‘[01m[Kmotor3[m[K’ was not declared in this scope
[2.063s]    74 |             [01;31m[Kmotor3[m[K.SetDutyCycle(0.0);
[2.063s]       |             [01;31m[K^~~~~~[m[K
[2.067s] [01m[K/home/zebby/ws1/src/my_robot_pkg/src/motor_driver.cpp:75:13:[m[K [01;31m[Kerror: [m[K‘[01m[Kmotor4[m[K’ was not declared in this scope
[2.067s]    75 |             [01;31m[Kmotor4[m[K.SetDutyCycle(0.0);
[2.067s]       |             [01;31m[K^~~~~~[m[K
[3.937s] gmake[2]: *** [CMakeFiles/motor_driver.dir/build.make:79: CMakeFiles/motor_driver.dir/src/motor_driver.cpp.o] Error 1
[3.937s] gmake[2]: Leaving directory '/home/zebby/ws1/build/my_robot_pkg'
[3.937s] gmake[1]: Leaving directory '/home/zebby/ws1/build/my_robot_pkg'
[3.937s] gmake[1]: *** [CMakeFiles/Makefile2:140: CMakeFiles/motor_driver.dir/all] Error 2
[3.937s] gmake: *** [Makefile:149: all] Error 2
[3.940s] Invoked command in '/home/zebby/ws1/build/my_robot_pkg' returned '2': CMAKE_PREFIX_PATH=${CMAKE_PREFIX_PATH}:/home/zebby/ros2_ws/install/ros2_controllers_test_nodes:/opt/ros/humble /usr/bin/cmake --build /home/zebby/ws1/build/my_robot_pkg -- -j20 -l20
