[0.008s] Invoking command in '/home/zebby/ws1/build/my_robot_pkg': CMAKE_PREFIX_PATH=${CMAKE_PREFIX_PATH}:/home/zebby/ros2_ws/install/ros2_controllers_test_nodes:/opt/ros/humble /usr/bin/cmake --build /home/zebby/ws1/build/my_robot_pkg -- -j20 -l20
[0.016s] /usr/bin/cmake -S/home/zebby/ws1/src/my_robot_pkg -B/home/zebby/ws1/build/my_robot_pkg --check-build-system CMakeFiles/Makefile.cmake 0
[0.023s] /usr/bin/cmake -E cmake_progress_start /home/zebby/ws1/build/my_robot_pkg/CMakeFiles /home/zebby/ws1/build/my_robot_pkg//CMakeFiles/progress.marks
[0.027s] /usr/bin/gmake  -f CMakeFiles/Makefile2 all
[0.028s] gmake[1]: Entering directory '/home/zebby/ws1/build/my_robot_pkg'
[0.028s] /usr/bin/gmake  -f CMakeFiles/motor_driver.dir/build.make CMakeFiles/motor_driver.dir/depend
[0.029s] gmake[2]: Entering directory '/home/zebby/ws1/build/my_robot_pkg'
[0.029s] cd /home/zebby/ws1/build/my_robot_pkg && /usr/bin/cmake -E cmake_depends "Unix Makefiles" /home/zebby/ws1/src/my_robot_pkg /home/zebby/ws1/src/my_robot_pkg /home/zebby/ws1/build/my_robot_pkg /home/zebby/ws1/build/my_robot_pkg /home/zebby/ws1/build/my_robot_pkg/CMakeFiles/motor_driver.dir/DependInfo.cmake --color=
[0.034s] gmake[2]: Leaving directory '/home/zebby/ws1/build/my_robot_pkg'
[0.035s] /usr/bin/gmake  -f CMakeFiles/motor_driver.dir/build.make CMakeFiles/motor_driver.dir/build
[0.037s] gmake[2]: Entering directory '/home/zebby/ws1/build/my_robot_pkg'
[0.037s] gmake[2]: Nothing to be done for 'CMakeFiles/motor_driver.dir/build'.
[0.037s] gmake[2]: Leaving directory '/home/zebby/ws1/build/my_robot_pkg'
[0.042s] [100%] Built target motor_driver
[0.043s] gmake[1]: Leaving directory '/home/zebby/ws1/build/my_robot_pkg'
[0.043s] /usr/bin/cmake -E cmake_progress_start /home/zebby/ws1/build/my_robot_pkg/CMakeFiles 0
[0.050s] Invoked command in '/home/zebby/ws1/build/my_robot_pkg' returned '0': CMAKE_PREFIX_PATH=${CMAKE_PREFIX_PATH}:/home/zebby/ros2_ws/install/ros2_controllers_test_nodes:/opt/ros/humble /usr/bin/cmake --build /home/zebby/ws1/build/my_robot_pkg -- -j20 -l20
[0.056s] Invoking command in '/home/zebby/ws1/build/my_robot_pkg': CMAKE_PREFIX_PATH=${CMAKE_PREFIX_PATH}:/home/zebby/ros2_ws/install/ros2_controllers_test_nodes:/opt/ros/humble /usr/bin/cmake --install /home/zebby/ws1/build/my_robot_pkg
[0.059s] -- Install configuration: ""
[0.059s] -- Up-to-date: /home/zebby/ws1/install/my_robot_pkg/lib/my_robot_pkg/motor_driver
[0.060s] -- Up-to-date: /home/zebby/ws1/install/my_robot_pkg/include
[0.060s] -- Up-to-date: /home/zebby/ws1/install/my_robot_pkg/include/my_robot_pkg
[0.060s] -- Installing: /home/zebby/ws1/install/my_robot_pkg/lib/my_robot_pkg/command_sender.py
[0.060s] -- Up-to-date: /home/zebby/ws1/install/my_robot_pkg/share/my_robot_pkg/launch
[0.060s] -- Up-to-date: /home/zebby/ws1/install/my_robot_pkg/share/my_robot_pkg/launch/robot_launch.py
[0.060s] -- Up-to-date: /home/zebby/ws1/install/my_robot_pkg/share/ament_index/resource_index/package_run_dependencies/my_robot_pkg
[0.060s] -- Up-to-date: /home/zebby/ws1/install/my_robot_pkg/share/ament_index/resource_index/parent_prefix_path/my_robot_pkg
[0.060s] -- Up-to-date: /home/zebby/ws1/install/my_robot_pkg/share/my_robot_pkg/environment/ament_prefix_path.sh
[0.060s] -- Up-to-date: /home/zebby/ws1/install/my_robot_pkg/share/my_robot_pkg/environment/ament_prefix_path.dsv
[0.060s] -- Up-to-date: /home/zebby/ws1/install/my_robot_pkg/share/my_robot_pkg/environment/path.sh
[0.060s] -- Up-to-date: /home/zebby/ws1/install/my_robot_pkg/share/my_robot_pkg/environment/path.dsv
[0.060s] -- Up-to-date: /home/zebby/ws1/install/my_robot_pkg/share/my_robot_pkg/local_setup.bash
[0.060s] -- Up-to-date: /home/zebby/ws1/install/my_robot_pkg/share/my_robot_pkg/local_setup.sh
[0.061s] -- Up-to-date: /home/zebby/ws1/install/my_robot_pkg/share/my_robot_pkg/local_setup.zsh
[0.061s] -- Up-to-date: /home/zebby/ws1/install/my_robot_pkg/share/my_robot_pkg/local_setup.dsv
[0.061s] -- Installing: /home/zebby/ws1/install/my_robot_pkg/share/my_robot_pkg/package.dsv
[0.061s] -- Up-to-date: /home/zebby/ws1/install/my_robot_pkg/share/ament_index/resource_index/packages/my_robot_pkg
[0.062s] -- Up-to-date: /home/zebby/ws1/install/my_robot_pkg/share/my_robot_pkg/cmake/ament_cmake_export_include_directories-extras.cmake
[0.062s] -- Up-to-date: /home/zebby/ws1/install/my_robot_pkg/share/my_robot_pkg/cmake/ament_cmake_export_dependencies-extras.cmake
[0.062s] -- Up-to-date: /home/zebby/ws1/install/my_robot_pkg/share/my_robot_pkg/cmake/my_robot_pkgConfig.cmake
[0.062s] -- Up-to-date: /home/zebby/ws1/install/my_robot_pkg/share/my_robot_pkg/cmake/my_robot_pkgConfig-version.cmake
[0.063s] -- Up-to-date: /home/zebby/ws1/install/my_robot_pkg/share/my_robot_pkg/package.xml
[0.063s] Invoked command in '/home/zebby/ws1/build/my_robot_pkg' returned '0': CMAKE_PREFIX_PATH=${CMAKE_PREFIX_PATH}:/home/zebby/ros2_ws/install/ros2_controllers_test_nodes:/opt/ros/humble /usr/bin/cmake --install /home/zebby/ws1/build/my_robot_pkg
