[0.013s] Invoking command in '/home/zebby/ws1/build/my_robot_pkg': CMAKE_PREFIX_PATH=${CMAKE_PREFIX_PATH}:/home/zebby/ros2_ws/install/ros2_controllers_test_nodes:/opt/ros/humble /usr/bin/cmake --build /home/zebby/ws1/build/my_robot_pkg -- -j20 -l20
[0.069s] /usr/bin/cmake -S/home/zebby/ws1/src/my_robot_pkg -B/home/zebby/ws1/build/my_robot_pkg --check-build-system CMakeFiles/Makefile.cmake 0
[0.087s] /usr/bin/cmake -E cmake_progress_start /home/zebby/ws1/build/my_robot_pkg/CMakeFiles /home/zebby/ws1/build/my_robot_pkg//CMakeFiles/progress.marks
[0.093s] /usr/bin/gmake  -f CMakeFiles/Makefile2 all
[0.094s] gmake[1]: Entering directory '/home/zebby/ws1/build/my_robot_pkg'
[0.094s] /usr/bin/gmake  -f CMakeFiles/motor_driver.dir/build.make CMakeFiles/motor_driver.dir/depend
[0.098s] gmake[2]: Entering directory '/home/zebby/ws1/build/my_robot_pkg'
[0.098s] cd /home/zebby/ws1/build/my_robot_pkg && /usr/bin/cmake -E cmake_depends "Unix Makefiles" /home/zebby/ws1/src/my_robot_pkg /home/zebby/ws1/src/my_robot_pkg /home/zebby/ws1/build/my_robot_pkg /home/zebby/ws1/build/my_robot_pkg /home/zebby/ws1/build/my_robot_pkg/CMakeFiles/motor_driver.dir/DependInfo.cmake --color=
[0.105s] Dependencies file "CMakeFiles/motor_driver.dir/src/motor_driver.cpp.o.d" is newer than depends file "/home/zebby/ws1/build/my_robot_pkg/CMakeFiles/motor_driver.dir/compiler_depend.internal".
[0.105s] [35m[1mConsolidate compiler generated dependencies of target motor_driver[0m
[0.108s] gmake[2]: Leaving directory '/home/zebby/ws1/build/my_robot_pkg'
[0.108s] /usr/bin/gmake  -f CMakeFiles/motor_driver.dir/build.make CMakeFiles/motor_driver.dir/build
[0.111s] gmake[2]: Entering directory '/home/zebby/ws1/build/my_robot_pkg'
[0.117s] [ 50%] [32mBuilding CXX object CMakeFiles/motor_driver.dir/src/motor_driver.cpp.o[0m
[0.117s] /usr/bin/c++ -DDEFAULT_RMW_IMPLEMENTATION=rmw_fastrtps_cpp -DRCUTILS_ENABLE_FAULT_INJECTION -I/home/zebby/ws1/src/my_robot_pkg/include -isystem /opt/ros/humble/include/rclcpp -isystem /opt/ros/humble/include/std_msgs -isystem /opt/ros/humble/include/ament_index_cpp -isystem /opt/ros/humble/include/libstatistics_collector -isystem /opt/ros/humble/include/builtin_interfaces -isystem /opt/ros/humble/include/rosidl_runtime_c -isystem /opt/ros/humble/include/rcutils -isystem /opt/ros/humble/include/rosidl_typesupport_interface -isystem /opt/ros/humble/include/fastcdr -isystem /opt/ros/humble/include/rosidl_runtime_cpp -isystem /opt/ros/humble/include/rosidl_typesupport_fastrtps_cpp -isystem /opt/ros/humble/include/rmw -isystem /opt/ros/humble/include/rosidl_typesupport_fastrtps_c -isystem /opt/ros/humble/include/rosidl_typesupport_introspection_c -isystem /opt/ros/humble/include/rosidl_typesupport_introspection_cpp -isystem /opt/ros/humble/include/rcl -isystem /opt/ros/humble/include/rcl_interfaces -isystem /opt/ros/humble/include/rcl_logging_interface -isystem /opt/ros/humble/include/rcl_yaml_param_parser -isystem /opt/ros/humble/include/libyaml_vendor -isystem /opt/ros/humble/include/tracetools -isystem /opt/ros/humble/include/rcpputils -isystem /opt/ros/humble/include/statistics_msgs -isystem /opt/ros/humble/include/rosgraph_msgs -isystem /opt/ros/humble/include/rosidl_typesupport_cpp -isystem /opt/ros/humble/include/rosidl_typesupport_c -Wall -Wextra -Wpedantic -MD -MT CMakeFiles/motor_driver.dir/src/motor_driver.cpp.o -MF CMakeFiles/motor_driver.dir/src/motor_driver.cpp.o.d -o CMakeFiles/motor_driver.dir/src/motor_driver.cpp.o -c /home/zebby/ws1/src/my_robot_pkg/src/motor_driver.cpp
[2.168s] [01m[K/home/zebby/ws1/src/my_robot_pkg/src/motor_driver.cpp:47:5:[m[K [01;31m[Kerror: [m[K‘[01m[KSparkMax[m[K’ does not name a type
[2.168s]    47 |     [01;31m[KSparkMax[m[K motor1;
[2.168s]       |     [01;31m[K^~~~~~~~[m[K
[2.169s] [01m[K/home/zebby/ws1/src/my_robot_pkg/src/motor_driver.cpp:48:5:[m[K [01;31m[Kerror: [m[K‘[01m[KSparkMax[m[K’ does not name a type
[2.169s]    48 |     [01;31m[KSparkMax[m[K motor2;
[2.169s]       |     [01;31m[K^~~~~~~~[m[K
[2.170s] [01m[K/home/zebby/ws1/src/my_robot_pkg/src/motor_driver.cpp:49:5:[m[K [01;31m[Kerror: [m[K‘[01m[KSparkMax[m[K’ does not name a type
[2.170s]    49 |     [01;31m[KSparkMax[m[K motor3;
[2.170s]       |     [01;31m[K^~~~~~~~[m[K
[2.171s] [01m[K/home/zebby/ws1/src/my_robot_pkg/src/motor_driver.cpp:50:5:[m[K [01;31m[Kerror: [m[K‘[01m[KSparkMax[m[K’ does not name a type
[2.171s]    50 |     [01;31m[KSparkMax[m[K motor4;
[2.171s]       |     [01;31m[K^~~~~~~~[m[K
[2.199s] [01m[K/home/zebby/ws1/src/my_robot_pkg/src/motor_driver.cpp:[m[K In constructor ‘[01m[KMotorDriver::MotorDriver()[m[K’:
[2.199s] [01m[K/home/zebby/ws1/src/my_robot_pkg/src/motor_driver.cpp:15:7:[m[K [01;31m[Kerror: [m[Kclass ‘[01m[KMotorDriver[m[K’ does not have any field named ‘[01m[Kmotor1[m[K’
[2.199s]    15 |       [01;31m[Kmotor1[m[K("can0", 1),
[2.199s]       |       [01;31m[K^~~~~~[m[K
[2.199s] [01m[K/home/zebby/ws1/src/my_robot_pkg/src/motor_driver.cpp:16:7:[m[K [01;31m[Kerror: [m[Kclass ‘[01m[KMotorDriver[m[K’ does not have any field named ‘[01m[Kmotor2[m[K’
[2.199s]    16 |       [01;31m[Kmotor2[m[K("can0", 2),
[2.199s]       |       [01;31m[K^~~~~~[m[K
[2.199s] [01m[K/home/zebby/ws1/src/my_robot_pkg/src/motor_driver.cpp:17:7:[m[K [01;31m[Kerror: [m[Kclass ‘[01m[KMotorDriver[m[K’ does not have any field named ‘[01m[Kmotor3[m[K’
[2.199s]    17 |       [01;31m[Kmotor3[m[K("can0", 3),
[2.199s]       |       [01;31m[K^~~~~~[m[K
[2.199s] [01m[K/home/zebby/ws1/src/my_robot_pkg/src/motor_driver.cpp:18:7:[m[K [01;31m[Kerror: [m[Kclass ‘[01m[KMotorDriver[m[K’ does not have any field named ‘[01m[Kmotor4[m[K’
[2.199s]    18 |       [01;31m[Kmotor4[m[K("can0", 4)
[2.199s]       |       [01;31m[K^~~~~~[m[K
[2.208s] [01m[K/home/zebby/ws1/src/my_robot_pkg/src/motor_driver.cpp:25:9:[m[K [01;31m[Kerror: [m[K‘[01m[Kmotor1[m[K’ was not declared in this scope
[2.208s]    25 |         [01;31m[Kmotor1[m[K.SetMotorType(MotorType::kBrushless);
[2.209s]       |         [01;31m[K^~~~~~[m[K
[2.209s] [01m[K/home/zebby/ws1/src/my_robot_pkg/src/motor_driver.cpp:25:29:[m[K [01;31m[Kerror: [m[K‘[01m[KMotorType[m[K’ has not been declared
[2.209s]    25 |         motor1.SetMotorType([01;31m[KMotorType[m[K::kBrushless);
[2.209s]       |                             [01;31m[K^~~~~~~~~[m[K
[2.212s] [01m[K/home/zebby/ws1/src/my_robot_pkg/src/motor_driver.cpp:26:9:[m[K [01;31m[Kerror: [m[K‘[01m[Kmotor2[m[K’ was not declared in this scope
[2.212s]    26 |         [01;31m[Kmotor2[m[K.SetMotorType(MotorType::kBrushless);
[2.212s]       |         [01;31m[K^~~~~~[m[K
[2.212s] [01m[K/home/zebby/ws1/src/my_robot_pkg/src/motor_driver.cpp:26:29:[m[K [01;31m[Kerror: [m[K‘[01m[KMotorType[m[K’ has not been declared
[2.212s]    26 |         motor2.SetMotorType([01;31m[KMotorType[m[K::kBrushless);
[2.212s]       |                             [01;31m[K^~~~~~~~~[m[K
[2.215s] [01m[K/home/zebby/ws1/src/my_robot_pkg/src/motor_driver.cpp:27:9:[m[K [01;31m[Kerror: [m[K‘[01m[Kmotor3[m[K’ was not declared in this scope
[2.215s]    27 |         [01;31m[Kmotor3[m[K.SetMotorType(MotorType::kBrushless);
[2.215s]       |         [01;31m[K^~~~~~[m[K
[2.215s] [01m[K/home/zebby/ws1/src/my_robot_pkg/src/motor_driver.cpp:27:29:[m[K [01;31m[Kerror: [m[K‘[01m[KMotorType[m[K’ has not been declared
[2.215s]    27 |         motor3.SetMotorType([01;31m[KMotorType[m[K::kBrushless);
[2.215s]       |                             [01;31m[K^~~~~~~~~[m[K
[2.219s] [01m[K/home/zebby/ws1/src/my_robot_pkg/src/motor_driver.cpp:28:9:[m[K [01;31m[Kerror: [m[K‘[01m[Kmotor4[m[K’ was not declared in this scope
[2.219s]    28 |         [01;31m[Kmotor4[m[K.SetMotorType(MotorType::kBrushless);
[2.219s]       |         [01;31m[K^~~~~~[m[K
[2.219s] [01m[K/home/zebby/ws1/src/my_robot_pkg/src/motor_driver.cpp:28:29:[m[K [01;31m[Kerror: [m[K‘[01m[KMotorType[m[K’ has not been declared
[2.219s]    28 |         motor4.SetMotorType([01;31m[KMotorType[m[K::kBrushless);
[2.219s]       |                             [01;31m[K^~~~~~~~~[m[K
[2.219s] [01m[K/home/zebby/ws1/src/my_robot_pkg/src/motor_driver.cpp:30:28:[m[K [01;31m[Kerror: [m[K‘[01m[KIdleMode[m[K’ has not been declared
[2.219s]    30 |         motor1.SetIdleMode([01;31m[KIdleMode[m[K::kBrake);
[2.219s]       |                            [01;31m[K^~~~~~~~[m[K
[2.219s] [01m[K/home/zebby/ws1/src/my_robot_pkg/src/motor_driver.cpp:31:28:[m[K [01;31m[Kerror: [m[K‘[01m[KIdleMode[m[K’ has not been declared
[2.219s]    31 |         motor2.SetIdleMode([01;31m[KIdleMode[m[K::kBrake);
[2.219s]       |                            [01;31m[K^~~~~~~~[m[K
[2.219s] [01m[K/home/zebby/ws1/src/my_robot_pkg/src/motor_driver.cpp:32:28:[m[K [01;31m[Kerror: [m[K‘[01m[KIdleMode[m[K’ has not been declared
[2.219s]    32 |         motor3.SetIdleMode([01;31m[KIdleMode[m[K::kBrake);
[2.219s]       |                            [01;31m[K^~~~~~~~[m[K
[2.219s] [01m[K/home/zebby/ws1/src/my_robot_pkg/src/motor_driver.cpp:33:28:[m[K [01;31m[Kerror: [m[K‘[01m[KIdleMode[m[K’ has not been declared
[2.219s]    33 |         motor4.SetIdleMode([01;31m[KIdleMode[m[K::kBrake);
[2.219s]       |                            [01;31m[K^~~~~~~~[m[K
[2.219s] [01m[K/home/zebby/ws1/src/my_robot_pkg/src/motor_driver.cpp:35:30:[m[K [01;31m[Kerror: [m[K‘[01m[KSensorType[m[K’ has not been declared
[2.219s]    35 |         motor1.SetSensorType([01;31m[KSensorType[m[K::kHallSensor);
[2.219s]       |                              [01;31m[K^~~~~~~~~~[m[K
[2.219s] [01m[K/home/zebby/ws1/src/my_robot_pkg/src/motor_driver.cpp:36:30:[m[K [01;31m[Kerror: [m[K‘[01m[KSensorType[m[K’ has not been declared
[2.219s]    36 |         motor2.SetSensorType([01;31m[KSensorType[m[K::kHallSensor);
[2.219s]       |                              [01;31m[K^~~~~~~~~~[m[K
[2.219s] [01m[K/home/zebby/ws1/src/my_robot_pkg/src/motor_driver.cpp:37:30:[m[K [01;31m[Kerror: [m[K‘[01m[KSensorType[m[K’ has not been declared
[2.219s]    37 |         motor3.SetSensorType([01;31m[KSensorType[m[K::kHallSensor);
[2.219s]       |                              [01;31m[K^~~~~~~~~~[m[K
[2.219s] [01m[K/home/zebby/ws1/src/my_robot_pkg/src/motor_driver.cpp:38:30:[m[K [01;31m[Kerror: [m[K‘[01m[KSensorType[m[K’ has not been declared
[2.219s]    38 |         motor4.SetSensorType([01;31m[KSensorType[m[K::kHallSensor);
[2.219s]       |                              [01;31m[K^~~~~~~~~~[m[K
[2.225s] [01m[K/home/zebby/ws1/src/my_robot_pkg/src/motor_driver.cpp:[m[K In member function ‘[01m[Kvoid MotorDriver::cmd_callback(std_msgs::msg::String_<std::allocator<void> >::SharedPtr)[m[K’:
[2.225s] [01m[K/home/zebby/ws1/src/my_robot_pkg/src/motor_driver.cpp:58:13:[m[K [01;31m[Kerror: [m[K‘[01m[Kmotor1[m[K’ was not declared in this scope
[2.225s]    58 |             [01;31m[Kmotor1[m[K.SetDutyCycle(0.5);
[2.225s]       |             [01;31m[K^~~~~~[m[K
[2.230s] [01m[K/home/zebby/ws1/src/my_robot_pkg/src/motor_driver.cpp:59:13:[m[K [01;31m[Kerror: [m[K‘[01m[Kmotor2[m[K’ was not declared in this scope
[2.230s]    59 |             [01;31m[Kmotor2[m[K.SetDutyCycle(0.5);
[2.230s]       |             [01;31m[K^~~~~~[m[K
[2.233s] [01m[K/home/zebby/ws1/src/my_robot_pkg/src/motor_driver.cpp:60:13:[m[K [01;31m[Kerror: [m[K‘[01m[Kmotor3[m[K’ was not declared in this scope
[2.233s]    60 |             [01;31m[Kmotor3[m[K.SetDutyCycle(0.5);
[2.233s]       |             [01;31m[K^~~~~~[m[K
[2.237s] [01m[K/home/zebby/ws1/src/my_robot_pkg/src/motor_driver.cpp:61:13:[m[K [01;31m[Kerror: [m[K‘[01m[Kmotor4[m[K’ was not declared in this scope
[2.237s]    61 |             [01;31m[Kmotor4[m[K.SetDutyCycle(0.5);
[2.237s]       |             [01;31m[K^~~~~~[m[K
[2.241s] [01m[K/home/zebby/ws1/src/my_robot_pkg/src/motor_driver.cpp:63:13:[m[K [01;31m[Kerror: [m[K‘[01m[Kmotor1[m[K’ was not declared in this scope
[2.241s]    63 |             [01;31m[Kmotor1[m[K.SetDutyCycle(-0.5);
[2.241s]       |             [01;31m[K^~~~~~[m[K
[2.245s] [01m[K/home/zebby/ws1/src/my_robot_pkg/src/motor_driver.cpp:64:13:[m[K [01;31m[Kerror: [m[K‘[01m[Kmotor2[m[K’ was not declared in this scope
[2.245s]    64 |             [01;31m[Kmotor2[m[K.SetDutyCycle(-0.5);
[2.245s]       |             [01;31m[K^~~~~~[m[K
[2.248s] [01m[K/home/zebby/ws1/src/my_robot_pkg/src/motor_driver.cpp:65:13:[m[K [01;31m[Kerror: [m[K‘[01m[Kmotor3[m[K’ was not declared in this scope
[2.248s]    65 |             [01;31m[Kmotor3[m[K.SetDutyCycle(0.5);
[2.248s]       |             [01;31m[K^~~~~~[m[K
[2.251s] [01m[K/home/zebby/ws1/src/my_robot_pkg/src/motor_driver.cpp:66:13:[m[K [01;31m[Kerror: [m[K‘[01m[Kmotor4[m[K’ was not declared in this scope
[2.251s]    66 |             [01;31m[Kmotor4[m[K.SetDutyCycle(0.5);
[2.251s]       |             [01;31m[K^~~~~~[m[K
[2.255s] [01m[K/home/zebby/ws1/src/my_robot_pkg/src/motor_driver.cpp:68:13:[m[K [01;31m[Kerror: [m[K‘[01m[Kmotor1[m[K’ was not declared in this scope
[2.255s]    68 |             [01;31m[Kmotor1[m[K.SetDutyCycle(-0.5);
[2.255s]       |             [01;31m[K^~~~~~[m[K
[2.258s] [01m[K/home/zebby/ws1/src/my_robot_pkg/src/motor_driver.cpp:69:13:[m[K [01;31m[Kerror: [m[K‘[01m[Kmotor2[m[K’ was not declared in this scope
[2.258s]    69 |             [01;31m[Kmotor2[m[K.SetDutyCycle(-0.5);
[2.258s]       |             [01;31m[K^~~~~~[m[K
[2.262s] [01m[K/home/zebby/ws1/src/my_robot_pkg/src/motor_driver.cpp:70:13:[m[K [01;31m[Kerror: [m[K‘[01m[Kmotor3[m[K’ was not declared in this scope
[2.262s]    70 |             [01;31m[Kmotor3[m[K.SetDutyCycle(-0.5);
[2.262s]       |             [01;31m[K^~~~~~[m[K
[2.265s] [01m[K/home/zebby/ws1/src/my_robot_pkg/src/motor_driver.cpp:71:13:[m[K [01;31m[Kerror: [m[K‘[01m[Kmotor4[m[K’ was not declared in this scope
[2.265s]    71 |             [01;31m[Kmotor4[m[K.SetDutyCycle(-0.5);
[2.265s]       |             [01;31m[K^~~~~~[m[K
[2.269s] [01m[K/home/zebby/ws1/src/my_robot_pkg/src/motor_driver.cpp:73:13:[m[K [01;31m[Kerror: [m[K‘[01m[Kmotor1[m[K’ was not declared in this scope
[2.269s]    73 |             [01;31m[Kmotor1[m[K.SetDutyCycle(0.5);
[2.270s]       |             [01;31m[K^~~~~~[m[K
[2.272s] [01m[K/home/zebby/ws1/src/my_robot_pkg/src/motor_driver.cpp:74:13:[m[K [01;31m[Kerror: [m[K‘[01m[Kmotor2[m[K’ was not declared in this scope
[2.273s]    74 |             [01;31m[Kmotor2[m[K.SetDutyCycle(0.5);
[2.273s]       |             [01;31m[K^~~~~~[m[K
[2.276s] [01m[K/home/zebby/ws1/src/my_robot_pkg/src/motor_driver.cpp:75:13:[m[K [01;31m[Kerror: [m[K‘[01m[Kmotor3[m[K’ was not declared in this scope
[2.276s]    75 |             [01;31m[Kmotor3[m[K.SetDutyCycle(-0.5);
[2.276s]       |             [01;31m[K^~~~~~[m[K
[2.279s] [01m[K/home/zebby/ws1/src/my_robot_pkg/src/motor_driver.cpp:76:13:[m[K [01;31m[Kerror: [m[K‘[01m[Kmotor4[m[K’ was not declared in this scope
[2.279s]    76 |             [01;31m[Kmotor4[m[K.SetDutyCycle(-0.5);
[2.279s]       |             [01;31m[K^~~~~~[m[K
[2.282s] [01m[K/home/zebby/ws1/src/my_robot_pkg/src/motor_driver.cpp:78:13:[m[K [01;31m[Kerror: [m[K‘[01m[Kmotor1[m[K’ was not declared in this scope
[2.282s]    78 |             [01;31m[Kmotor1[m[K.SetDutyCycle(0.0);
[2.282s]       |             [01;31m[K^~~~~~[m[K
[2.285s] [01m[K/home/zebby/ws1/src/my_robot_pkg/src/motor_driver.cpp:79:13:[m[K [01;31m[Kerror: [m[K‘[01m[Kmotor2[m[K’ was not declared in this scope
[2.286s]    79 |             [01;31m[Kmotor2[m[K.SetDutyCycle(0.0);
[2.286s]       |             [01;31m[K^~~~~~[m[K
[2.289s] [01m[K/home/zebby/ws1/src/my_robot_pkg/src/motor_driver.cpp:80:13:[m[K [01;31m[Kerror: [m[K‘[01m[Kmotor3[m[K’ was not declared in this scope
[2.289s]    80 |             [01;31m[Kmotor3[m[K.SetDutyCycle(0.0);
[2.289s]       |             [01;31m[K^~~~~~[m[K
[2.292s] [01m[K/home/zebby/ws1/src/my_robot_pkg/src/motor_driver.cpp:81:13:[m[K [01;31m[Kerror: [m[K‘[01m[Kmotor4[m[K’ was not declared in this scope
[2.292s]    81 |             [01;31m[Kmotor4[m[K.SetDutyCycle(0.0);
[2.292s]       |             [01;31m[K^~~~~~[m[K
[4.269s] gmake[2]: *** [CMakeFiles/motor_driver.dir/build.make:79: CMakeFiles/motor_driver.dir/src/motor_driver.cpp.o] Error 1
[4.270s] gmake[2]: Leaving directory '/home/zebby/ws1/build/my_robot_pkg'
[4.270s] gmake[1]: *** [CMakeFiles/Makefile2:140: CMakeFiles/motor_driver.dir/all] Error 2
[4.270s] gmake[1]: Leaving directory '/home/zebby/ws1/build/my_robot_pkg'
[4.270s] gmake: *** [Makefile:149: all] Error 2
[4.273s] Invoked command in '/home/zebby/ws1/build/my_robot_pkg' returned '2': CMAKE_PREFIX_PATH=${CMAKE_PREFIX_PATH}:/home/zebby/ros2_ws/install/ros2_controllers_test_nodes:/opt/ros/humble /usr/bin/cmake --build /home/zebby/ws1/build/my_robot_pkg -- -j20 -l20
