[0.015s] Invoking command in '/home/zebby/ws1/build/my_robot_pkg': CMAKE_PREFIX_PATH=${CMAKE_PREFIX_PATH}:/home/zebby/ros2_ws/install/ros2_controllers_test_nodes:/opt/ros/humble /usr/bin/cmake --build /home/zebby/ws1/build/my_robot_pkg -- -j20 -l20
[0.082s] /usr/bin/cmake -S/home/zebby/ws1/src/my_robot_pkg -B/home/zebby/ws1/build/my_robot_pkg --check-build-system CMakeFiles/Makefile.cmake 0
[0.101s] /usr/bin/cmake -E cmake_progress_start /home/zebby/ws1/build/my_robot_pkg/CMakeFiles /home/zebby/ws1/build/my_robot_pkg//CMakeFiles/progress.marks
[0.108s] /usr/bin/gmake  -f CMakeFiles/Makefile2 all
[0.109s] gmake[1]: Entering directory '/home/zebby/ws1/build/my_robot_pkg'
[0.109s] /usr/bin/gmake  -f CMakeFiles/motor_driver.dir/build.make CMakeFiles/motor_driver.dir/depend
[0.113s] gmake[2]: Entering directory '/home/zebby/ws1/build/my_robot_pkg'
[0.113s] cd /home/zebby/ws1/build/my_robot_pkg && /usr/bin/cmake -E cmake_depends "Unix Makefiles" /home/zebby/ws1/src/my_robot_pkg /home/zebby/ws1/src/my_robot_pkg /home/zebby/ws1/build/my_robot_pkg /home/zebby/ws1/build/my_robot_pkg /home/zebby/ws1/build/my_robot_pkg/CMakeFiles/motor_driver.dir/DependInfo.cmake --color=
[0.120s] Dependencies file "CMakeFiles/motor_driver.dir/src/motor_driver.cpp.o.d" is newer than depends file "/home/zebby/ws1/build/my_robot_pkg/CMakeFiles/motor_driver.dir/compiler_depend.internal".
[0.121s] [35m[1mConsolidate compiler generated dependencies of target motor_driver[0m
[0.125s] gmake[2]: Leaving directory '/home/zebby/ws1/build/my_robot_pkg'
[0.125s] /usr/bin/gmake  -f CMakeFiles/motor_driver.dir/build.make CMakeFiles/motor_driver.dir/build
[0.128s] gmake[2]: Entering directory '/home/zebby/ws1/build/my_robot_pkg'
[0.134s] [ 50%] [32mBuilding CXX object CMakeFiles/motor_driver.dir/src/motor_driver.cpp.o[0m
[0.134s] /usr/bin/c++ -DDEFAULT_RMW_IMPLEMENTATION=rmw_fastrtps_cpp -DRCUTILS_ENABLE_FAULT_INJECTION -I/home/zebby/ws1/src/my_robot_pkg/include -isystem /opt/ros/humble/include/rclcpp -isystem /opt/ros/humble/include/std_msgs -isystem /opt/ros/humble/include/ament_index_cpp -isystem /opt/ros/humble/include/libstatistics_collector -isystem /opt/ros/humble/include/builtin_interfaces -isystem /opt/ros/humble/include/rosidl_runtime_c -isystem /opt/ros/humble/include/rcutils -isystem /opt/ros/humble/include/rosidl_typesupport_interface -isystem /opt/ros/humble/include/fastcdr -isystem /opt/ros/humble/include/rosidl_runtime_cpp -isystem /opt/ros/humble/include/rosidl_typesupport_fastrtps_cpp -isystem /opt/ros/humble/include/rmw -isystem /opt/ros/humble/include/rosidl_typesupport_fastrtps_c -isystem /opt/ros/humble/include/rosidl_typesupport_introspection_c -isystem /opt/ros/humble/include/rosidl_typesupport_introspection_cpp -isystem /opt/ros/humble/include/rcl -isystem /opt/ros/humble/include/rcl_interfaces -isystem /opt/ros/humble/include/rcl_logging_interface -isystem /opt/ros/humble/include/rcl_yaml_param_parser -isystem /opt/ros/humble/include/libyaml_vendor -isystem /opt/ros/humble/include/tracetools -isystem /opt/ros/humble/include/rcpputils -isystem /opt/ros/humble/include/statistics_msgs -isystem /opt/ros/humble/include/rosgraph_msgs -isystem /opt/ros/humble/include/rosidl_typesupport_cpp -isystem /opt/ros/humble/include/rosidl_typesupport_c -Wall -Wextra -Wpedantic -MD -MT CMakeFiles/motor_driver.dir/src/motor_driver.cpp.o -MF CMakeFiles/motor_driver.dir/src/motor_driver.cpp.o.d -o CMakeFiles/motor_driver.dir/src/motor_driver.cpp.o -c /home/zebby/ws1/src/my_robot_pkg/src/motor_driver.cpp
[2.159s] [01m[K/home/zebby/ws1/src/my_robot_pkg/src/motor_driver.cpp:79:5:[m[K [01;31m[Kerror: [m[K‘[01m[KSparkMax[m[K’ does not name a type
[2.159s]    79 |     [01;31m[KSparkMax[m[K motor1;
[2.159s]       |     [01;31m[K^~~~~~~~[m[K
[2.159s] [01m[K/home/zebby/ws1/src/my_robot_pkg/src/motor_driver.cpp:80:5:[m[K [01;31m[Kerror: [m[K‘[01m[KSparkMax[m[K’ does not name a type
[2.159s]    80 |     [01;31m[KSparkMax[m[K motor2;
[2.159s]       |     [01;31m[K^~~~~~~~[m[K
[2.160s] [01m[K/home/zebby/ws1/src/my_robot_pkg/src/motor_driver.cpp:81:5:[m[K [01;31m[Kerror: [m[K‘[01m[KSparkMax[m[K’ does not name a type
[2.160s]    81 |     [01;31m[KSparkMax[m[K motor3;
[2.160s]       |     [01;31m[K^~~~~~~~[m[K
[2.161s] [01m[K/home/zebby/ws1/src/my_robot_pkg/src/motor_driver.cpp:82:5:[m[K [01;31m[Kerror: [m[K‘[01m[KSparkMax[m[K’ does not name a type
[2.161s]    82 |     [01;31m[KSparkMax[m[K motor4;
[2.161s]       |     [01;31m[K^~~~~~~~[m[K
[2.192s] [01m[K/home/zebby/ws1/src/my_robot_pkg/src/motor_driver.cpp:[m[K In constructor ‘[01m[KMotorDriver::MotorDriver()[m[K’:
[2.192s] [01m[K/home/zebby/ws1/src/my_robot_pkg/src/motor_driver.cpp:14:7:[m[K [01;31m[Kerror: [m[Kclass ‘[01m[KMotorDriver[m[K’ does not have any field named ‘[01m[Kmotor1[m[K’
[2.192s]    14 |       [01;31m[Kmotor1[m[K("can0", 1),
[2.192s]       |       [01;31m[K^~~~~~[m[K
[2.192s] [01m[K/home/zebby/ws1/src/my_robot_pkg/src/motor_driver.cpp:15:7:[m[K [01;31m[Kerror: [m[Kclass ‘[01m[KMotorDriver[m[K’ does not have any field named ‘[01m[Kmotor2[m[K’
[2.192s]    15 |       [01;31m[Kmotor2[m[K("can0", 2),
[2.192s]       |       [01;31m[K^~~~~~[m[K
[2.192s] [01m[K/home/zebby/ws1/src/my_robot_pkg/src/motor_driver.cpp:16:7:[m[K [01;31m[Kerror: [m[Kclass ‘[01m[KMotorDriver[m[K’ does not have any field named ‘[01m[Kmotor3[m[K’
[2.192s]    16 |       [01;31m[Kmotor3[m[K("can0", 3),
[2.192s]       |       [01;31m[K^~~~~~[m[K
[2.192s] [01m[K/home/zebby/ws1/src/my_robot_pkg/src/motor_driver.cpp:17:7:[m[K [01;31m[Kerror: [m[Kclass ‘[01m[KMotorDriver[m[K’ does not have any field named ‘[01m[Kmotor4[m[K’
[2.192s]    17 |       [01;31m[Kmotor4[m[K("can0", 4)
[2.192s]       |       [01;31m[K^~~~~~[m[K
[2.203s] [01m[K/home/zebby/ws1/src/my_robot_pkg/src/motor_driver.cpp:24:9:[m[K [01;31m[Kerror: [m[K‘[01m[Kmotor1[m[K’ was not declared in this scope
[2.203s]    24 |         [01;31m[Kmotor1[m[K.SetMotorType(MotorType::kBrushless);
[2.203s]       |         [01;31m[K^~~~~~[m[K
[2.203s] [01m[K/home/zebby/ws1/src/my_robot_pkg/src/motor_driver.cpp:24:29:[m[K [01;31m[Kerror: [m[K‘[01m[KMotorType[m[K’ has not been declared
[2.203s]    24 |         motor1.SetMotorType([01;31m[KMotorType[m[K::kBrushless);
[2.203s]       |                             [01;31m[K^~~~~~~~~[m[K
[2.207s] [01m[K/home/zebby/ws1/src/my_robot_pkg/src/motor_driver.cpp:25:9:[m[K [01;31m[Kerror: [m[K‘[01m[Kmotor2[m[K’ was not declared in this scope
[2.207s]    25 |         [01;31m[Kmotor2[m[K.SetMotorType(MotorType::kBrushless);
[2.207s]       |         [01;31m[K^~~~~~[m[K
[2.207s] [01m[K/home/zebby/ws1/src/my_robot_pkg/src/motor_driver.cpp:25:29:[m[K [01;31m[Kerror: [m[K‘[01m[KMotorType[m[K’ has not been declared
[2.207s]    25 |         motor2.SetMotorType([01;31m[KMotorType[m[K::kBrushless);
[2.207s]       |                             [01;31m[K^~~~~~~~~[m[K
[2.211s] [01m[K/home/zebby/ws1/src/my_robot_pkg/src/motor_driver.cpp:26:9:[m[K [01;31m[Kerror: [m[K‘[01m[Kmotor3[m[K’ was not declared in this scope
[2.211s]    26 |         [01;31m[Kmotor3[m[K.SetMotorType(MotorType::kBrushless);
[2.211s]       |         [01;31m[K^~~~~~[m[K
[2.211s] [01m[K/home/zebby/ws1/src/my_robot_pkg/src/motor_driver.cpp:26:29:[m[K [01;31m[Kerror: [m[K‘[01m[KMotorType[m[K’ has not been declared
[2.211s]    26 |         motor3.SetMotorType([01;31m[KMotorType[m[K::kBrushless);
[2.211s]       |                             [01;31m[K^~~~~~~~~[m[K
[2.215s] [01m[K/home/zebby/ws1/src/my_robot_pkg/src/motor_driver.cpp:27:9:[m[K [01;31m[Kerror: [m[K‘[01m[Kmotor4[m[K’ was not declared in this scope
[2.215s]    27 |         [01;31m[Kmotor4[m[K.SetMotorType(MotorType::kBrushless);
[2.215s]       |         [01;31m[K^~~~~~[m[K
[2.215s] [01m[K/home/zebby/ws1/src/my_robot_pkg/src/motor_driver.cpp:27:29:[m[K [01;31m[Kerror: [m[K‘[01m[KMotorType[m[K’ has not been declared
[2.215s]    27 |         motor4.SetMotorType([01;31m[KMotorType[m[K::kBrushless);
[2.215s]       |                             [01;31m[K^~~~~~~~~[m[K
[2.215s] [01m[K/home/zebby/ws1/src/my_robot_pkg/src/motor_driver.cpp:29:28:[m[K [01;31m[Kerror: [m[K‘[01m[KIdleMode[m[K’ has not been declared
[2.215s]    29 |         motor1.SetIdleMode([01;31m[KIdleMode[m[K::kBrake);
[2.215s]       |                            [01;31m[K^~~~~~~~[m[K
[2.215s] [01m[K/home/zebby/ws1/src/my_robot_pkg/src/motor_driver.cpp:30:28:[m[K [01;31m[Kerror: [m[K‘[01m[KIdleMode[m[K’ has not been declared
[2.215s]    30 |         motor2.SetIdleMode([01;31m[KIdleMode[m[K::kBrake);
[2.215s]       |                            [01;31m[K^~~~~~~~[m[K
[2.216s] [01m[K/home/zebby/ws1/src/my_robot_pkg/src/motor_driver.cpp:31:28:[m[K [01;31m[Kerror: [m[K‘[01m[KIdleMode[m[K’ has not been declared
[2.216s]    31 |         motor3.SetIdleMode([01;31m[KIdleMode[m[K::kBrake);
[2.216s]       |                            [01;31m[K^~~~~~~~[m[K
[2.216s] [01m[K/home/zebby/ws1/src/my_robot_pkg/src/motor_driver.cpp:32:28:[m[K [01;31m[Kerror: [m[K‘[01m[KIdleMode[m[K’ has not been declared
[2.216s]    32 |         motor4.SetIdleMode([01;31m[KIdleMode[m[K::kBrake);
[2.216s]       |                            [01;31m[K^~~~~~~~[m[K
[2.216s] [01m[K/home/zebby/ws1/src/my_robot_pkg/src/motor_driver.cpp:34:30:[m[K [01;31m[Kerror: [m[K‘[01m[KSensorType[m[K’ has not been declared
[2.216s]    34 |         motor1.SetSensorType([01;31m[KSensorType[m[K::kHallSensor);
[2.216s]       |                              [01;31m[K^~~~~~~~~~[m[K
[2.216s] [01m[K/home/zebby/ws1/src/my_robot_pkg/src/motor_driver.cpp:35:30:[m[K [01;31m[Kerror: [m[K‘[01m[KSensorType[m[K’ has not been declared
[2.216s]    35 |         motor2.SetSensorType([01;31m[KSensorType[m[K::kHallSensor);
[2.216s]       |                              [01;31m[K^~~~~~~~~~[m[K
[2.216s] [01m[K/home/zebby/ws1/src/my_robot_pkg/src/motor_driver.cpp:36:30:[m[K [01;31m[Kerror: [m[K‘[01m[KSensorType[m[K’ has not been declared
[2.216s]    36 |         motor3.SetSensorType([01;31m[KSensorType[m[K::kHallSensor);
[2.216s]       |                              [01;31m[K^~~~~~~~~~[m[K
[2.216s] [01m[K/home/zebby/ws1/src/my_robot_pkg/src/motor_driver.cpp:37:30:[m[K [01;31m[Kerror: [m[K‘[01m[KSensorType[m[K’ has not been declared
[2.216s]    37 |         motor4.SetSensorType([01;31m[KSensorType[m[K::kHallSensor);
[2.216s]       |                              [01;31m[K^~~~~~~~~~[m[K
[2.222s] [01m[K/home/zebby/ws1/src/my_robot_pkg/src/motor_driver.cpp:[m[K In member function ‘[01m[Kvoid MotorDriver::cmd_callback(std_msgs::msg::String_<std::allocator<void> >::SharedPtr)[m[K’:
[2.222s] [01m[K/home/zebby/ws1/src/my_robot_pkg/src/motor_driver.cpp:52:13:[m[K [01;31m[Kerror: [m[K‘[01m[Kmotor1[m[K’ was not declared in this scope
[2.222s]    52 |             [01;31m[Kmotor1[m[K.SetDutyCycle(0.5);
[2.222s]       |             [01;31m[K^~~~~~[m[K
[2.226s] [01m[K/home/zebby/ws1/src/my_robot_pkg/src/motor_driver.cpp:53:13:[m[K [01;31m[Kerror: [m[K‘[01m[Kmotor2[m[K’ was not declared in this scope
[2.226s]    53 |             [01;31m[Kmotor2[m[K.SetDutyCycle(0.5);
[2.226s]       |             [01;31m[K^~~~~~[m[K
[2.229s] [01m[K/home/zebby/ws1/src/my_robot_pkg/src/motor_driver.cpp:54:13:[m[K [01;31m[Kerror: [m[K‘[01m[Kmotor3[m[K’ was not declared in this scope
[2.229s]    54 |             [01;31m[Kmotor3[m[K.SetDutyCycle(0.5);
[2.229s]       |             [01;31m[K^~~~~~[m[K
[2.232s] [01m[K/home/zebby/ws1/src/my_robot_pkg/src/motor_driver.cpp:55:13:[m[K [01;31m[Kerror: [m[K‘[01m[Kmotor4[m[K’ was not declared in this scope
[2.233s]    55 |             [01;31m[Kmotor4[m[K.SetDutyCycle(0.5);
[2.233s]       |             [01;31m[K^~~~~~[m[K
[2.236s] [01m[K/home/zebby/ws1/src/my_robot_pkg/src/motor_driver.cpp:57:13:[m[K [01;31m[Kerror: [m[K‘[01m[Kmotor1[m[K’ was not declared in this scope
[2.236s]    57 |             [01;31m[Kmotor1[m[K.SetDutyCycle(-0.5);
[2.236s]       |             [01;31m[K^~~~~~[m[K
[2.240s] [01m[K/home/zebby/ws1/src/my_robot_pkg/src/motor_driver.cpp:58:13:[m[K [01;31m[Kerror: [m[K‘[01m[Kmotor2[m[K’ was not declared in this scope
[2.240s]    58 |             [01;31m[Kmotor2[m[K.SetDutyCycle(-0.5);
[2.240s]       |             [01;31m[K^~~~~~[m[K
[2.243s] [01m[K/home/zebby/ws1/src/my_robot_pkg/src/motor_driver.cpp:59:13:[m[K [01;31m[Kerror: [m[K‘[01m[Kmotor3[m[K’ was not declared in this scope
[2.243s]    59 |             [01;31m[Kmotor3[m[K.SetDutyCycle(0.5);
[2.243s]       |             [01;31m[K^~~~~~[m[K
[2.247s] [01m[K/home/zebby/ws1/src/my_robot_pkg/src/motor_driver.cpp:60:13:[m[K [01;31m[Kerror: [m[K‘[01m[Kmotor4[m[K’ was not declared in this scope
[2.247s]    60 |             [01;31m[Kmotor4[m[K.SetDutyCycle(0.5);
[2.247s]       |             [01;31m[K^~~~~~[m[K
[2.251s] [01m[K/home/zebby/ws1/src/my_robot_pkg/src/motor_driver.cpp:62:13:[m[K [01;31m[Kerror: [m[K‘[01m[Kmotor1[m[K’ was not declared in this scope
[2.251s]    62 |             [01;31m[Kmotor1[m[K.SetDutyCycle(-0.5);
[2.251s]       |             [01;31m[K^~~~~~[m[K
[2.254s] [01m[K/home/zebby/ws1/src/my_robot_pkg/src/motor_driver.cpp:63:13:[m[K [01;31m[Kerror: [m[K‘[01m[Kmotor2[m[K’ was not declared in this scope
[2.254s]    63 |             [01;31m[Kmotor2[m[K.SetDutyCycle(-0.5);
[2.254s]       |             [01;31m[K^~~~~~[m[K
[2.258s] [01m[K/home/zebby/ws1/src/my_robot_pkg/src/motor_driver.cpp:64:13:[m[K [01;31m[Kerror: [m[K‘[01m[Kmotor3[m[K’ was not declared in this scope
[2.258s]    64 |             [01;31m[Kmotor3[m[K.SetDutyCycle(-0.5);
[2.258s]       |             [01;31m[K^~~~~~[m[K
[2.261s] [01m[K/home/zebby/ws1/src/my_robot_pkg/src/motor_driver.cpp:65:13:[m[K [01;31m[Kerror: [m[K‘[01m[Kmotor4[m[K’ was not declared in this scope
[2.261s]    65 |             [01;31m[Kmotor4[m[K.SetDutyCycle(-0.5);
[2.261s]       |             [01;31m[K^~~~~~[m[K
[2.264s] [01m[K/home/zebby/ws1/src/my_robot_pkg/src/motor_driver.cpp:67:13:[m[K [01;31m[Kerror: [m[K‘[01m[Kmotor1[m[K’ was not declared in this scope
[2.264s]    67 |             [01;31m[Kmotor1[m[K.SetDutyCycle(0.5);
[2.264s]       |             [01;31m[K^~~~~~[m[K
[2.268s] [01m[K/home/zebby/ws1/src/my_robot_pkg/src/motor_driver.cpp:68:13:[m[K [01;31m[Kerror: [m[K‘[01m[Kmotor2[m[K’ was not declared in this scope
[2.268s]    68 |             [01;31m[Kmotor2[m[K.SetDutyCycle(0.5);
[2.268s]       |             [01;31m[K^~~~~~[m[K
[2.271s] [01m[K/home/zebby/ws1/src/my_robot_pkg/src/motor_driver.cpp:69:13:[m[K [01;31m[Kerror: [m[K‘[01m[Kmotor3[m[K’ was not declared in this scope
[2.271s]    69 |             [01;31m[Kmotor3[m[K.SetDutyCycle(-0.5);
[2.271s]       |             [01;31m[K^~~~~~[m[K
[2.274s] [01m[K/home/zebby/ws1/src/my_robot_pkg/src/motor_driver.cpp:70:13:[m[K [01;31m[Kerror: [m[K‘[01m[Kmotor4[m[K’ was not declared in this scope
[2.274s]    70 |             [01;31m[Kmotor4[m[K.SetDutyCycle(-0.5);
[2.274s]       |             [01;31m[K^~~~~~[m[K
[2.278s] [01m[K/home/zebby/ws1/src/my_robot_pkg/src/motor_driver.cpp:72:13:[m[K [01;31m[Kerror: [m[K‘[01m[Kmotor1[m[K’ was not declared in this scope
[2.278s]    72 |             [01;31m[Kmotor1[m[K.SetDutyCycle(0.0);
[2.278s]       |             [01;31m[K^~~~~~[m[K
[2.281s] [01m[K/home/zebby/ws1/src/my_robot_pkg/src/motor_driver.cpp:73:13:[m[K [01;31m[Kerror: [m[K‘[01m[Kmotor2[m[K’ was not declared in this scope
[2.281s]    73 |             [01;31m[Kmotor2[m[K.SetDutyCycle(0.0);
[2.281s]       |             [01;31m[K^~~~~~[m[K
[2.285s] [01m[K/home/zebby/ws1/src/my_robot_pkg/src/motor_driver.cpp:74:13:[m[K [01;31m[Kerror: [m[K‘[01m[Kmotor3[m[K’ was not declared in this scope
[2.285s]    74 |             [01;31m[Kmotor3[m[K.SetDutyCycle(0.0);
[2.285s]       |             [01;31m[K^~~~~~[m[K
[2.289s] [01m[K/home/zebby/ws1/src/my_robot_pkg/src/motor_driver.cpp:75:13:[m[K [01;31m[Kerror: [m[K‘[01m[Kmotor4[m[K’ was not declared in this scope
[2.289s]    75 |             [01;31m[Kmotor4[m[K.SetDutyCycle(0.0);
[2.289s]       |             [01;31m[K^~~~~~[m[K
[4.219s] gmake[2]: Leaving directory '/home/zebby/ws1/build/my_robot_pkg'
[4.219s] gmake[1]: Leaving directory '/home/zebby/ws1/build/my_robot_pkg'
[4.220s] gmake[2]: *** [CMakeFiles/motor_driver.dir/build.make:79: CMakeFiles/motor_driver.dir/src/motor_driver.cpp.o] Error 1
[4.220s] gmake[1]: *** [CMakeFiles/Makefile2:140: CMakeFiles/motor_driver.dir/all] Error 2
[4.220s] gmake: *** [Makefile:149: all] Error 2
[4.222s] Invoked command in '/home/zebby/ws1/build/my_robot_pkg' returned '2': CMAKE_PREFIX_PATH=${CMAKE_PREFIX_PATH}:/home/zebby/ros2_ws/install/ros2_controllers_test_nodes:/opt/ros/humble /usr/bin/cmake --build /home/zebby/ws1/build/my_robot_pkg -- -j20 -l20
