[0.008s] Invoking command in '/home/zebby/ws1/build/my_robot_pkg': CMAKE_PREFIX_PATH=${CMAKE_PREFIX_PATH}:/home/zebby/ros2_ws/install/ros2_controllers_test_nodes:/opt/ros/humble /usr/bin/cmake --build /home/zebby/ws1/build/my_robot_pkg -- -j20 -l20
[0.039s] [ 50%] [32mBuilding CXX object CMakeFiles/motor_driver.dir/src/motor_driver.cpp.o[0m
[5.542s] [100%] [32m[1mLinking CXX executable motor_driver[0m
[5.778s] /usr/bin/ld: CMakeFiles/motor_driver.dir/src/motor_driver.cpp.o: in function `MotorDriver::MotorDriver()':
[5.778s] motor_driver.cpp:(.text._ZN11MotorDriverC2Ev[_ZN11MotorDriverC5Ev]+0x147): undefined reference to `SparkMax::SparkMax(std::__cxx11::basic_string<char, std::char_traits<char>, std::allocator<char> > const&, unsigned char)'
[5.778s] /usr/bin/ld: motor_driver.cpp:(.text._ZN11MotorDriverC2Ev[_ZN11MotorDriverC5Ev]+0x1b9): undefined reference to `SparkMax::SparkMax(std::__cxx11::basic_string<char, std::char_traits<char>, std::allocator<char> > const&, unsigned char)'
[5.778s] /usr/bin/ld: motor_driver.cpp:(.text._ZN11MotorDriverC2Ev[_ZN11MotorDriverC5Ev]+0x22b): undefined reference to `SparkMax::SparkMax(std::__cxx11::basic_string<char, std::char_traits<char>, std::allocator<char> > const&, unsigned char)'
[5.778s] /usr/bin/ld: motor_driver.cpp:(.text._ZN11MotorDriverC2Ev[_ZN11MotorDriverC5Ev]+0x29d): undefined reference to `SparkMax::SparkMax(std::__cxx11::basic_string<char, std::char_traits<char>, std::allocator<char> > const&, unsigned char)'
[5.779s] /usr/bin/ld: motor_driver.cpp:(.text._ZN11MotorDriverC2Ev[_ZN11MotorDriverC5Ev]+0x314): undefined reference to `SparkBase::SetMotorType(MotorType)'
[5.779s] /usr/bin/ld: motor_driver.cpp:(.text._ZN11MotorDriverC2Ev[_ZN11MotorDriverC5Ev]+0x32e): undefined reference to `SparkBase::SetMotorType(MotorType)'
[5.779s] /usr/bin/ld: motor_driver.cpp:(.text._ZN11MotorDriverC2Ev[_ZN11MotorDriverC5Ev]+0x348): undefined reference to `SparkBase::SetMotorType(MotorType)'
[5.779s] /usr/bin/ld: motor_driver.cpp:(.text._ZN11MotorDriverC2Ev[_ZN11MotorDriverC5Ev]+0x362): undefined reference to `SparkBase::SetMotorType(MotorType)'
[5.779s] /usr/bin/ld: motor_driver.cpp:(.text._ZN11MotorDriverC2Ev[_ZN11MotorDriverC5Ev]+0x37c): undefined reference to `SparkBase::SetIdleMode(IdleMode)'
[5.779s] /usr/bin/ld: motor_driver.cpp:(.text._ZN11MotorDriverC2Ev[_ZN11MotorDriverC5Ev]+0x396): undefined reference to `SparkBase::SetIdleMode(IdleMode)'
[5.780s] /usr/bin/ld: motor_driver.cpp:(.text._ZN11MotorDriverC2Ev[_ZN11MotorDriverC5Ev]+0x3b0): undefined reference to `SparkBase::SetIdleMode(IdleMode)'
[5.780s] /usr/bin/ld: motor_driver.cpp:(.text._ZN11MotorDriverC2Ev[_ZN11MotorDriverC5Ev]+0x3ca): undefined reference to `SparkBase::SetIdleMode(IdleMode)'
[5.780s] /usr/bin/ld: motor_driver.cpp:(.text._ZN11MotorDriverC2Ev[_ZN11MotorDriverC5Ev]+0x3e4): undefined reference to `SparkBase::SetSensorType(SensorType)'
[5.780s] /usr/bin/ld: motor_driver.cpp:(.text._ZN11MotorDriverC2Ev[_ZN11MotorDriverC5Ev]+0x3fe): undefined reference to `SparkBase::SetSensorType(SensorType)'
[5.780s] /usr/bin/ld: motor_driver.cpp:(.text._ZN11MotorDriverC2Ev[_ZN11MotorDriverC5Ev]+0x418): undefined reference to `SparkBase::SetSensorType(SensorType)'
[5.781s] /usr/bin/ld: motor_driver.cpp:(.text._ZN11MotorDriverC2Ev[_ZN11MotorDriverC5Ev]+0x432): undefined reference to `SparkBase::SetSensorType(SensorType)'
[5.781s] /usr/bin/ld: motor_driver.cpp:(.text._ZN11MotorDriverC2Ev[_ZN11MotorDriverC5Ev]+0x447): undefined reference to `SparkBase::BurnFlash()'
[5.781s] /usr/bin/ld: motor_driver.cpp:(.text._ZN11MotorDriverC2Ev[_ZN11MotorDriverC5Ev]+0x45c): undefined reference to `SparkBase::BurnFlash()'
[5.781s] /usr/bin/ld: motor_driver.cpp:(.text._ZN11MotorDriverC2Ev[_ZN11MotorDriverC5Ev]+0x471): undefined reference to `SparkBase::BurnFlash()'
[5.781s] /usr/bin/ld: motor_driver.cpp:(.text._ZN11MotorDriverC2Ev[_ZN11MotorDriverC5Ev]+0x486): undefined reference to `SparkBase::BurnFlash()'
[5.782s] /usr/bin/ld: CMakeFiles/motor_driver.dir/src/motor_driver.cpp.o: in function `MotorDriver::publish_motor_data()':
[5.782s] motor_driver.cpp:(.text._ZN11MotorDriver18publish_motor_dataEv[_ZN11MotorDriver18publish_motor_dataEv]+0x4f): undefined reference to `SparkBase::GetVelocity() const'
[5.782s] /usr/bin/ld: motor_driver.cpp:(.text._ZN11MotorDriver18publish_motor_dataEv[_ZN11MotorDriver18publish_motor_dataEv]+0x6e): undefined reference to `SparkBase::GetVelocity() const'
[5.782s] /usr/bin/ld: motor_driver.cpp:(.text._ZN11MotorDriver18publish_motor_dataEv[_ZN11MotorDriver18publish_motor_dataEv]+0x8d): undefined reference to `SparkBase::GetVelocity() const'
[5.782s] /usr/bin/ld: motor_driver.cpp:(.text._ZN11MotorDriver18publish_motor_dataEv[_ZN11MotorDriver18publish_motor_dataEv]+0xac): undefined reference to `SparkBase::GetVelocity() const'
[5.783s] /usr/bin/ld: motor_driver.cpp:(.text._ZN11MotorDriver18publish_motor_dataEv[_ZN11MotorDriver18publish_motor_dataEv]+0xcb): undefined reference to `SparkBase::GetCurrent() const'
[5.783s] /usr/bin/ld: motor_driver.cpp:(.text._ZN11MotorDriver18publish_motor_dataEv[_ZN11MotorDriver18publish_motor_dataEv]+0xf6): undefined reference to `SparkBase::GetCurrent() const'
[5.783s] /usr/bin/ld: motor_driver.cpp:(.text._ZN11MotorDriver18publish_motor_dataEv[_ZN11MotorDriver18publish_motor_dataEv]+0x121): undefined reference to `SparkBase::GetCurrent() const'
[5.784s] /usr/bin/ld: motor_driver.cpp:(.text._ZN11MotorDriver18publish_motor_dataEv[_ZN11MotorDriver18publish_motor_dataEv]+0x14c): undefined reference to `SparkBase::GetCurrent() const'
[5.784s] /usr/bin/ld: CMakeFiles/motor_driver.dir/src/motor_driver.cpp.o: in function `MotorDriver::cmd_callback(std::shared_ptr<std_msgs::msg::String_<std::allocator<void> > >)':
[5.784s] motor_driver.cpp:(.text._ZN11MotorDriver12cmd_callbackESt10shared_ptrIN8std_msgs3msg7String_ISaIvEEEE[_ZN11MotorDriver12cmd_callbackESt10shared_ptrIN8std_msgs3msg7String_ISaIvEEEE]+0x1d4): undefined reference to `SparkBase::Heartbeat()'
[5.784s] /usr/bin/ld: motor_driver.cpp:(.text._ZN11MotorDriver12cmd_callbackESt10shared_ptrIN8std_msgs3msg7String_ISaIvEEEE[_ZN11MotorDriver12cmd_callbackESt10shared_ptrIN8std_msgs3msg7String_ISaIvEEEE]+0x215): undefined reference to `SparkBase::SetDutyCycle(float)'
[5.784s] /usr/bin/ld: motor_driver.cpp:(.text._ZN11MotorDriver12cmd_callbackESt10shared_ptrIN8std_msgs3msg7String_ISaIvEEEE[_ZN11MotorDriver12cmd_callbackESt10shared_ptrIN8std_msgs3msg7String_ISaIvEEEE]+0x235): undefined reference to `SparkBase::SetDutyCycle(float)'
[5.784s] /usr/bin/ld: motor_driver.cpp:(.text._ZN11MotorDriver12cmd_callbackESt10shared_ptrIN8std_msgs3msg7String_ISaIvEEEE[_ZN11MotorDriver12cmd_callbackESt10shared_ptrIN8std_msgs3msg7String_ISaIvEEEE]+0x255): undefined reference to `SparkBase::SetDutyCycle(float)'
[5.784s] /usr/bin/ld: motor_driver.cpp:(.text._ZN11MotorDriver12cmd_callbackESt10shared_ptrIN8std_msgs3msg7String_ISaIvEEEE[_ZN11MotorDriver12cmd_callbackESt10shared_ptrIN8std_msgs3msg7String_ISaIvEEEE]+0x275): undefined reference to `SparkBase::SetDutyCycle(float)'
[5.785s] /usr/bin/ld: motor_driver.cpp:(.text._ZN11MotorDriver12cmd_callbackESt10shared_ptrIN8std_msgs3msg7String_ISaIvEEEE[_ZN11MotorDriver12cmd_callbackESt10shared_ptrIN8std_msgs3msg7String_ISaIvEEEE]+0x2bb): undefined reference to `SparkBase::SetDutyCycle(float)'
[5.785s] /usr/bin/ld: CMakeFiles/motor_driver.dir/src/motor_driver.cpp.o:motor_driver.cpp:(.text._ZN11MotorDriver12cmd_callbackESt10shared_ptrIN8std_msgs3msg7String_ISaIvEEEE[_ZN11MotorDriver12cmd_callbackESt10shared_ptrIN8std_msgs3msg7String_ISaIvEEEE]+0x2db): more undefined references to `SparkBase::SetDutyCycle(float)' follow
[5.789s] /usr/bin/ld: CMakeFiles/motor_driver.dir/src/motor_driver.cpp.o:(.data.rel.ro._ZTI8SparkMax[_ZTI8SparkMax]+0x10): undefined reference to `typeinfo for SparkBase'
[5.789s] /usr/bin/ld: CMakeFiles/motor_driver.dir/src/motor_driver.cpp.o: in function `SparkMax::~SparkMax()':
[5.789s] motor_driver.cpp:(.text._ZN8SparkMaxD2Ev[_ZN8SparkMaxD5Ev]+0x26): undefined reference to `SparkBase::~SparkBase()'
[5.806s] collect2: error: ld returned 1 exit status
[5.807s] gmake[2]: *** [CMakeFiles/motor_driver.dir/build.make:159: motor_driver] Error 1
[5.807s] gmake[1]: *** [CMakeFiles/Makefile2:137: CMakeFiles/motor_driver.dir/all] Error 2
[5.808s] gmake: *** [Makefile:146: all] Error 2
[5.809s] Invoked command in '/home/zebby/ws1/build/my_robot_pkg' returned '2': CMAKE_PREFIX_PATH=${CMAKE_PREFIX_PATH}:/home/zebby/ros2_ws/install/ros2_controllers_test_nodes:/opt/ros/humble /usr/bin/cmake --build /home/zebby/ws1/build/my_robot_pkg -- -j20 -l20
