[0.007s] Invoking command in '/home/zebby/ws1/build/my_robot_pkg': CMAKE_PREFIX_PATH=${CMAKE_PREFIX_PATH}:/home/zebby/ros2_ws/install/ros2_controllers_test_nodes:/opt/ros/humble /usr/bin/cmake /home/zebby/ws1/src/my_robot_pkg -DCMAKE_VERBOSE_MAKEFILE:BOOL=ON -DCMAKE_INSTALL_PREFIX=/home/zebby/ws1/install/my_robot_pkg
[0.014s] -- Found ament_cmake: 1.3.12 (/opt/ros/humble/share/ament_cmake/cmake)
[0.090s] -- Found rclcpp: 16.0.16 (/opt/ros/humble/share/rclcpp/cmake)
[0.147s] -- Found rosidl_generator_c: 3.1.7 (/opt/ros/humble/share/rosidl_generator_c/cmake)
[0.148s] -- Found rosidl_adapter: 3.1.7 (/opt/ros/humble/share/rosidl_adapter/cmake)
[0.152s] -- Found rosidl_generator_cpp: 3.1.7 (/opt/ros/humble/share/rosidl_generator_cpp/cmake)
[0.158s] -- Using all available rosidl_typesupport_c: rosidl_typesupport_fastrtps_c;rosidl_typesupport_introspection_c
[0.165s] -- Using all available rosidl_typesupport_cpp: rosidl_typesupport_fastrtps_cpp;rosidl_typesupport_introspection_cpp
[0.184s] -- Found rmw_implementation_cmake: 6.1.2 (/opt/ros/humble/share/rmw_implementation_cmake/cmake)
[0.185s] -- Found rmw_fastrtps_cpp: 6.2.9 (/opt/ros/humble/share/rmw_fastrtps_cpp/cmake)
[1.938s] -- Using RMW implementation 'rmw_fastrtps_cpp' as default
[1.969s] -- Found rclpy: 3.3.19 (/opt/ros/humble/share/rclpy/cmake)
[1.969s] -- Found ament_lint_auto: 0.12.14 (/opt/ros/humble/share/ament_lint_auto/cmake)
[2.014s] -- Added test 'cppcheck' to perform static code analysis on C / C++ code
[2.014s] -- Configured cppcheck include dirs: $<BUILD_INTERFACE:/home/zebby/ws1/src/my_robot_pkg/include>
[2.014s] -- Configured cppcheck exclude dirs and/or files: 
[2.014s] -- Added test 'flake8' to check Python code syntax and style conventions
[2.014s] -- Added test 'lint_cmake' to check CMake code style
[2.015s] -- Added test 'pep257' to check Python code against some of the docstring style conventions in PEP 257
[2.015s] -- Added test 'uncrustify' to check C / C++ code style
[2.015s] -- Configured uncrustify additional arguments: 
[2.015s] -- Added test 'xmllint' to check XML markup files
[2.016s] -- Configuring done
[2.022s] -- Generating done
[2.025s] -- Build files have been written to: /home/zebby/ws1/build/my_robot_pkg
[2.030s] Invoked command in '/home/zebby/ws1/build/my_robot_pkg' returned '0': CMAKE_PREFIX_PATH=${CMAKE_PREFIX_PATH}:/home/zebby/ros2_ws/install/ros2_controllers_test_nodes:/opt/ros/humble /usr/bin/cmake /home/zebby/ws1/src/my_robot_pkg -DCMAKE_VERBOSE_MAKEFILE:BOOL=ON -DCMAKE_INSTALL_PREFIX=/home/zebby/ws1/install/my_robot_pkg
[2.032s] Invoking command in '/home/zebby/ws1/build/my_robot_pkg': CMAKE_PREFIX_PATH=${CMAKE_PREFIX_PATH}:/home/zebby/ros2_ws/install/ros2_controllers_test_nodes:/opt/ros/humble /usr/bin/cmake --build /home/zebby/ws1/build/my_robot_pkg -- -j20 -l20
[2.043s] /usr/bin/cmake -S/home/zebby/ws1/src/my_robot_pkg -B/home/zebby/ws1/build/my_robot_pkg --check-build-system CMakeFiles/Makefile.cmake 0
[2.051s] /usr/bin/cmake -E cmake_progress_start /home/zebby/ws1/build/my_robot_pkg/CMakeFiles /home/zebby/ws1/build/my_robot_pkg//CMakeFiles/progress.marks
[2.057s] /usr/bin/gmake  -f CMakeFiles/Makefile2 all
[2.058s] gmake[1]: Entering directory '/home/zebby/ws1/build/my_robot_pkg'
[2.058s] /usr/bin/gmake  -f CMakeFiles/motor_driver.dir/build.make CMakeFiles/motor_driver.dir/depend
[2.059s] gmake[2]: Entering directory '/home/zebby/ws1/build/my_robot_pkg'
[2.059s] cd /home/zebby/ws1/build/my_robot_pkg && /usr/bin/cmake -E cmake_depends "Unix Makefiles" /home/zebby/ws1/src/my_robot_pkg /home/zebby/ws1/src/my_robot_pkg /home/zebby/ws1/build/my_robot_pkg /home/zebby/ws1/build/my_robot_pkg /home/zebby/ws1/build/my_robot_pkg/CMakeFiles/motor_driver.dir/DependInfo.cmake --color=
[2.065s] Dependencies file "CMakeFiles/motor_driver.dir/src/motor_driver.cpp.o.d" is newer than depends file "/home/zebby/ws1/build/my_robot_pkg/CMakeFiles/motor_driver.dir/compiler_depend.internal".
[2.065s] [35m[1mConsolidate compiler generated dependencies of target motor_driver[0m
[2.066s] gmake[2]: Leaving directory '/home/zebby/ws1/build/my_robot_pkg'
[2.066s] /usr/bin/gmake  -f CMakeFiles/motor_driver.dir/build.make CMakeFiles/motor_driver.dir/build
[2.067s] gmake[2]: Entering directory '/home/zebby/ws1/build/my_robot_pkg'
[2.072s] [ 50%] [32m[1mLinking CXX executable motor_driver[0m
[2.073s] /usr/bin/cmake -E cmake_link_script CMakeFiles/motor_driver.dir/link.txt --verbose=1
[2.078s] /usr/bin/c++ CMakeFiles/motor_driver.dir/src/motor_driver.cpp.o -o motor_driver  -Wl,-rpath,/opt/ros/humble/lib: /opt/ros/humble/lib/librclcpp.so /opt/ros/humble/lib/libstd_msgs__rosidl_typesupport_fastrtps_c.so /opt/ros/humble/lib/libstd_msgs__rosidl_typesupport_fastrtps_cpp.so /opt/ros/humble/lib/libstd_msgs__rosidl_typesupport_introspection_c.so /opt/ros/humble/lib/libstd_msgs__rosidl_typesupport_introspection_cpp.so /opt/ros/humble/lib/libstd_msgs__rosidl_typesupport_cpp.so /opt/ros/humble/lib/libstd_msgs__rosidl_generator_py.so /opt/ros/humble/lib/liblibstatistics_collector.so /opt/ros/humble/lib/librcl.so /opt/ros/humble/lib/librmw_implementation.so /opt/ros/humble/lib/libament_index_cpp.so /opt/ros/humble/lib/librcl_logging_spdlog.so /opt/ros/humble/lib/librcl_logging_interface.so /opt/ros/humble/lib/librcl_interfaces__rosidl_typesupport_fastrtps_c.so /opt/ros/humble/lib/librcl_interfaces__rosidl_typesupport_introspection_c.so /opt/ros/humble/lib/librcl_interfaces__rosidl_typesupport_fastrtps_cpp.so /opt/ros/humble/lib/librcl_interfaces__rosidl_typesupport_introspection_cpp.so /opt/ros/humble/lib/librcl_interfaces__rosidl_typesupport_cpp.so /opt/ros/humble/lib/librcl_interfaces__rosidl_generator_py.so /opt/ros/humble/lib/librcl_interfaces__rosidl_typesupport_c.so /opt/ros/humble/lib/librcl_interfaces__rosidl_generator_c.so /opt/ros/humble/lib/librcl_yaml_param_parser.so /opt/ros/humble/lib/libyaml.so /opt/ros/humble/lib/librosgraph_msgs__rosidl_typesupport_fastrtps_c.so /opt/ros/humble/lib/librosgraph_msgs__rosidl_typesupport_fastrtps_cpp.so /opt/ros/humble/lib/librosgraph_msgs__rosidl_typesupport_introspection_c.so /opt/ros/humble/lib/librosgraph_msgs__rosidl_typesupport_introspection_cpp.so /opt/ros/humble/lib/librosgraph_msgs__rosidl_typesupport_cpp.so /opt/ros/humble/lib/librosgraph_msgs__rosidl_generator_py.so /opt/ros/humble/lib/librosgraph_msgs__rosidl_typesupport_c.so /opt/ros/humble/lib/librosgraph_msgs__rosidl_generator_c.so /opt/ros/humble/lib/libstatistics_msgs__rosidl_typesupport_fastrtps_c.so /opt/ros/humble/lib/libstatistics_msgs__rosidl_typesupport_fastrtps_cpp.so /opt/ros/humble/lib/libstatistics_msgs__rosidl_typesupport_introspection_c.so /opt/ros/humble/lib/libstatistics_msgs__rosidl_typesupport_introspection_cpp.so /opt/ros/humble/lib/libstatistics_msgs__rosidl_typesupport_cpp.so /opt/ros/humble/lib/libstatistics_msgs__rosidl_generator_py.so /opt/ros/humble/lib/libstatistics_msgs__rosidl_typesupport_c.so /opt/ros/humble/lib/libstatistics_msgs__rosidl_generator_c.so /opt/ros/humble/lib/libtracetools.so /opt/ros/humble/lib/libbuiltin_interfaces__rosidl_typesupport_fastrtps_c.so /opt/ros/humble/lib/librosidl_typesupport_fastrtps_c.so /opt/ros/humble/lib/libbuiltin_interfaces__rosidl_typesupport_fastrtps_cpp.so /opt/ros/humble/lib/librosidl_typesupport_fastrtps_cpp.so /opt/ros/humble/lib/libfastcdr.so.1.0.24 /opt/ros/humble/lib/librmw.so /opt/ros/humble/lib/libbuiltin_interfaces__rosidl_typesupport_introspection_c.so /opt/ros/humble/lib/libbuiltin_interfaces__rosidl_typesupport_introspection_cpp.so /opt/ros/humble/lib/librosidl_typesupport_introspection_cpp.so /opt/ros/humble/lib/librosidl_typesupport_introspection_c.so /opt/ros/humble/lib/libbuiltin_interfaces__rosidl_typesupport_cpp.so /opt/ros/humble/lib/librosidl_typesupport_cpp.so /opt/ros/humble/lib/libstd_msgs__rosidl_typesupport_c.so /opt/ros/humble/lib/libstd_msgs__rosidl_generator_c.so /opt/ros/humble/lib/libbuiltin_interfaces__rosidl_generator_py.so /opt/ros/humble/lib/libbuiltin_interfaces__rosidl_typesupport_c.so /opt/ros/humble/lib/libbuiltin_interfaces__rosidl_generator_c.so /opt/ros/humble/lib/librosidl_typesupport_c.so /opt/ros/humble/lib/librcpputils.so /opt/ros/humble/lib/librosidl_runtime_c.so /opt/ros/humble/lib/librcutils.so -ldl /usr/lib/x86_64-linux-gnu/libpython3.10.so 
[2.138s] /usr/bin/ld: /usr/lib/gcc/x86_64-linux-gnu/11/../../../x86_64-linux-gnu/Scrt1.o: in function `_start':
[2.139s] (.text+0x1b): undefined reference to `main'
[2.139s] collect2: error: ld returned 1 exit status
[2.141s] gmake[2]: *** [CMakeFiles/motor_driver.dir/build.make:162: motor_driver] Error 1
[2.141s] gmake[2]: Leaving directory '/home/zebby/ws1/build/my_robot_pkg'
[2.141s] gmake[1]: *** [CMakeFiles/Makefile2:140: CMakeFiles/motor_driver.dir/all] Error 2
[2.141s] gmake[1]: Leaving directory '/home/zebby/ws1/build/my_robot_pkg'
[2.141s] gmake: *** [Makefile:149: all] Error 2
[2.144s] Invoked command in '/home/zebby/ws1/build/my_robot_pkg' returned '2': CMAKE_PREFIX_PATH=${CMAKE_PREFIX_PATH}:/home/zebby/ros2_ws/install/ros2_controllers_test_nodes:/opt/ros/humble /usr/bin/cmake --build /home/zebby/ws1/build/my_robot_pkg -- -j20 -l20
