-- Found ament_cmake: 1.3.14 (/opt/ros/humble/share/ament_cmake/cmake)
-- Found rclcpp: 16.0.18 (/opt/ros/humble/share/rclcpp/cmake)
-- Found rosidl_generator_c: 3.1.8 (/opt/ros/humble/share/rosidl_generator_c/cmake)
-- Found rosidl_adapter: 3.1.8 (/opt/ros/humble/share/rosidl_adapter/cmake)
-- Found rosidl_generator_cpp: 3.1.8 (/opt/ros/humble/share/rosidl_generator_cpp/cmake)
-- Using all available rosidl_typesupport_c: rosidl_typesupport_fastrtps_c;rosidl_typesupport_introspection_c
-- Using all available rosidl_typesupport_cpp: rosidl_typesupport_fastrtps_cpp;rosidl_typesupport_introspection_cpp
-- Found rmw_implementation_cmake: 6.1.2 (/opt/ros/humble/share/rmw_implementation_cmake/cmake)
-- Found rmw_fastrtps_cpp: 6.2.10 (/opt/ros/humble/share/rmw_fastrtps_cpp/cmake)
-- Using RMW implementation 'rmw_fastrtps_cpp' as default
-- Found rclpy: 3.3.21 (/opt/ros/humble/share/rclpy/cmake)
-- Found ament_lint_auto: 0.12.15 (/opt/ros/humble/share/ament_lint_auto/cmake)
-- Added test 'cppcheck' to perform static code analysis on C / C++ code
-- Configured cppcheck include dirs: $<BUILD_INTERFACE:/home/zebby/ws1/src/my_robot_pkg/include>
-- Configured cppcheck exclude dirs and/or files: 
-- Added test 'flake8' to check Python code syntax and style conventions
-- Added test 'lint_cmake' to check CMake code style
-- Added test 'pep257' to check Python code against some of the docstring style conventions in PEP 257
-- Added test 'uncrustify' to check C / C++ code style
-- Configured uncrustify additional arguments: 
-- Added test 'xmllint' to check XML markup files
-- Configuring done
-- Generating done
-- Build files have been written to: /home/zebby/ws1/build/my_robot_pkg
[35m[1mConsolidate compiler generated dependencies of target motor_driver[0m
[ 50%] [32mBuilding CXX object CMakeFiles/motor_driver.dir/src/motor_driver.cpp.o[0m
[100%] [32m[1mLinking CXX executable motor_driver[0m
/usr/bin/ld: CMakeFiles/motor_driver.dir/src/motor_driver.cpp.o: in function `MotorDriver::MotorDriver()':
motor_driver.cpp:(.text._ZN11MotorDriverC2Ev[_ZN11MotorDriverC5Ev]+0x147): undefined reference to `SparkMax::SparkMax(std::__cxx11::basic_string<char, std::char_traits<char>, std::allocator<char> > const&, unsigned char)'
/usr/bin/ld: motor_driver.cpp:(.text._ZN11MotorDriverC2Ev[_ZN11MotorDriverC5Ev]+0x1b9): undefined reference to `SparkMax::SparkMax(std::__cxx11::basic_string<char, std::char_traits<char>, std::allocator<char> > const&, unsigned char)'
/usr/bin/ld: motor_driver.cpp:(.text._ZN11MotorDriverC2Ev[_ZN11MotorDriverC5Ev]+0x22b): undefined reference to `SparkMax::SparkMax(std::__cxx11::basic_string<char, std::char_traits<char>, std::allocator<char> > const&, unsigned char)'
/usr/bin/ld: motor_driver.cpp:(.text._ZN11MotorDriverC2Ev[_ZN11MotorDriverC5Ev]+0x29d): undefined reference to `SparkMax::SparkMax(std::__cxx11::basic_string<char, std::char_traits<char>, std::allocator<char> > const&, unsigned char)'
/usr/bin/ld: motor_driver.cpp:(.text._ZN11MotorDriverC2Ev[_ZN11MotorDriverC5Ev]+0x314): undefined reference to `SparkBase::SetMotorType(MotorType)'
/usr/bin/ld: motor_driver.cpp:(.text._ZN11MotorDriverC2Ev[_ZN11MotorDriverC5Ev]+0x32e): undefined reference to `SparkBase::SetMotorType(MotorType)'
/usr/bin/ld: motor_driver.cpp:(.text._ZN11MotorDriverC2Ev[_ZN11MotorDriverC5Ev]+0x348): undefined reference to `SparkBase::SetMotorType(MotorType)'
/usr/bin/ld: motor_driver.cpp:(.text._ZN11MotorDriverC2Ev[_ZN11MotorDriverC5Ev]+0x362): undefined reference to `SparkBase::SetMotorType(MotorType)'
/usr/bin/ld: motor_driver.cpp:(.text._ZN11MotorDriverC2Ev[_ZN11MotorDriverC5Ev]+0x37c): undefined reference to `SparkBase::SetIdleMode(IdleMode)'
/usr/bin/ld: motor_driver.cpp:(.text._ZN11MotorDriverC2Ev[_ZN11MotorDriverC5Ev]+0x396): undefined reference to `SparkBase::SetIdleMode(IdleMode)'
/usr/bin/ld: motor_driver.cpp:(.text._ZN11MotorDriverC2Ev[_ZN11MotorDriverC5Ev]+0x3b0): undefined reference to `SparkBase::SetIdleMode(IdleMode)'
/usr/bin/ld: motor_driver.cpp:(.text._ZN11MotorDriverC2Ev[_ZN11MotorDriverC5Ev]+0x3ca): undefined reference to `SparkBase::SetIdleMode(IdleMode)'
/usr/bin/ld: motor_driver.cpp:(.text._ZN11MotorDriverC2Ev[_ZN11MotorDriverC5Ev]+0x3e4): undefined reference to `SparkBase::SetSensorType(SensorType)'
/usr/bin/ld: motor_driver.cpp:(.text._ZN11MotorDriverC2Ev[_ZN11MotorDriverC5Ev]+0x3fe): undefined reference to `SparkBase::SetSensorType(SensorType)'
/usr/bin/ld: motor_driver.cpp:(.text._ZN11MotorDriverC2Ev[_ZN11MotorDriverC5Ev]+0x418): undefined reference to `SparkBase::SetSensorType(SensorType)'
/usr/bin/ld: motor_driver.cpp:(.text._ZN11MotorDriverC2Ev[_ZN11MotorDriverC5Ev]+0x432): undefined reference to `SparkBase::SetSensorType(SensorType)'
/usr/bin/ld: motor_driver.cpp:(.text._ZN11MotorDriverC2Ev[_ZN11MotorDriverC5Ev]+0x447): undefined reference to `SparkBase::BurnFlash()'
/usr/bin/ld: motor_driver.cpp:(.text._ZN11MotorDriverC2Ev[_ZN11MotorDriverC5Ev]+0x45c): undefined reference to `SparkBase::BurnFlash()'
/usr/bin/ld: motor_driver.cpp:(.text._ZN11MotorDriverC2Ev[_ZN11MotorDriverC5Ev]+0x471): undefined reference to `SparkBase::BurnFlash()'
/usr/bin/ld: motor_driver.cpp:(.text._ZN11MotorDriverC2Ev[_ZN11MotorDriverC5Ev]+0x486): undefined reference to `SparkBase::BurnFlash()'
/usr/bin/ld: CMakeFiles/motor_driver.dir/src/motor_driver.cpp.o: in function `MotorDriver::publish_motor_data()':
motor_driver.cpp:(.text._ZN11MotorDriver18publish_motor_dataEv[_ZN11MotorDriver18publish_motor_dataEv]+0x4f): undefined reference to `SparkBase::GetVelocity() const'
/usr/bin/ld: motor_driver.cpp:(.text._ZN11MotorDriver18publish_motor_dataEv[_ZN11MotorDriver18publish_motor_dataEv]+0x6e): undefined reference to `SparkBase::GetVelocity() const'
/usr/bin/ld: motor_driver.cpp:(.text._ZN11MotorDriver18publish_motor_dataEv[_ZN11MotorDriver18publish_motor_dataEv]+0x8d): undefined reference to `SparkBase::GetVelocity() const'
/usr/bin/ld: motor_driver.cpp:(.text._ZN11MotorDriver18publish_motor_dataEv[_ZN11MotorDriver18publish_motor_dataEv]+0xac): undefined reference to `SparkBase::GetVelocity() const'
/usr/bin/ld: motor_driver.cpp:(.text._ZN11MotorDriver18publish_motor_dataEv[_ZN11MotorDriver18publish_motor_dataEv]+0xcb): undefined reference to `SparkBase::GetCurrent() const'
/usr/bin/ld: motor_driver.cpp:(.text._ZN11MotorDriver18publish_motor_dataEv[_ZN11MotorDriver18publish_motor_dataEv]+0xf6): undefined reference to `SparkBase::GetCurrent() const'
/usr/bin/ld: motor_driver.cpp:(.text._ZN11MotorDriver18publish_motor_dataEv[_ZN11MotorDriver18publish_motor_dataEv]+0x121): undefined reference to `SparkBase::GetCurrent() const'
/usr/bin/ld: motor_driver.cpp:(.text._ZN11MotorDriver18publish_motor_dataEv[_ZN11MotorDriver18publish_motor_dataEv]+0x14c): undefined reference to `SparkBase::GetCurrent() const'
/usr/bin/ld: CMakeFiles/motor_driver.dir/src/motor_driver.cpp.o: in function `MotorDriver::cmd_callback(std::shared_ptr<std_msgs::msg::String_<std::allocator<void> > >)':
motor_driver.cpp:(.text._ZN11MotorDriver12cmd_callbackESt10shared_ptrIN8std_msgs3msg7String_ISaIvEEEE[_ZN11MotorDriver12cmd_callbackESt10shared_ptrIN8std_msgs3msg7String_ISaIvEEEE]+0x1d4): undefined reference to `SparkBase::Heartbeat()'
/usr/bin/ld: motor_driver.cpp:(.text._ZN11MotorDriver12cmd_callbackESt10shared_ptrIN8std_msgs3msg7String_ISaIvEEEE[_ZN11MotorDriver12cmd_callbackESt10shared_ptrIN8std_msgs3msg7String_ISaIvEEEE]+0x215): undefined reference to `SparkBase::SetDutyCycle(float)'
/usr/bin/ld: motor_driver.cpp:(.text._ZN11MotorDriver12cmd_callbackESt10shared_ptrIN8std_msgs3msg7String_ISaIvEEEE[_ZN11MotorDriver12cmd_callbackESt10shared_ptrIN8std_msgs3msg7String_ISaIvEEEE]+0x235): undefined reference to `SparkBase::SetDutyCycle(float)'
/usr/bin/ld: motor_driver.cpp:(.text._ZN11MotorDriver12cmd_callbackESt10shared_ptrIN8std_msgs3msg7String_ISaIvEEEE[_ZN11MotorDriver12cmd_callbackESt10shared_ptrIN8std_msgs3msg7String_ISaIvEEEE]+0x255): undefined reference to `SparkBase::SetDutyCycle(float)'
/usr/bin/ld: motor_driver.cpp:(.text._ZN11MotorDriver12cmd_callbackESt10shared_ptrIN8std_msgs3msg7String_ISaIvEEEE[_ZN11MotorDriver12cmd_callbackESt10shared_ptrIN8std_msgs3msg7String_ISaIvEEEE]+0x275): undefined reference to `SparkBase::SetDutyCycle(float)'
/usr/bin/ld: motor_driver.cpp:(.text._ZN11MotorDriver12cmd_callbackESt10shared_ptrIN8std_msgs3msg7String_ISaIvEEEE[_ZN11MotorDriver12cmd_callbackESt10shared_ptrIN8std_msgs3msg7String_ISaIvEEEE]+0x2bb): undefined reference to `SparkBase::SetDutyCycle(float)'
/usr/bin/ld: CMakeFiles/motor_driver.dir/src/motor_driver.cpp.o:motor_driver.cpp:(.text._ZN11MotorDriver12cmd_callbackESt10shared_ptrIN8std_msgs3msg7String_ISaIvEEEE[_ZN11MotorDriver12cmd_callbackESt10shared_ptrIN8std_msgs3msg7String_ISaIvEEEE]+0x2db): more undefined references to `SparkBase::SetDutyCycle(float)' follow
/usr/bin/ld: CMakeFiles/motor_driver.dir/src/motor_driver.cpp.o:(.data.rel.ro._ZTI8SparkMax[_ZTI8SparkMax]+0x10): undefined reference to `typeinfo for SparkBase'
/usr/bin/ld: CMakeFiles/motor_driver.dir/src/motor_driver.cpp.o: in function `SparkMax::~SparkMax()':
motor_driver.cpp:(.text._ZN8SparkMaxD2Ev[_ZN8SparkMaxD5Ev]+0x26): undefined reference to `SparkBase::~SparkBase()'
collect2: error: ld returned 1 exit status
gmake[2]: *** [CMakeFiles/motor_driver.dir/build.make:159: motor_driver] Error 1
gmake[1]: *** [CMakeFiles/Makefile2:137: CMakeFiles/motor_driver.dir/all] Error 2
gmake: *** [Makefile:146: all] Error 2
