[0.010s] Invoking command in '/home/zebby/ws1/build/my_robot_pkg': CMAKE_PREFIX_PATH=${CMAKE_PREFIX_PATH}:/home/zebby/ros2_ws/install/ros2_controllers_test_nodes:/opt/ros/humble /usr/bin/cmake --build /home/zebby/ws1/build/my_robot_pkg -- -j20 -l20
[0.080s] -- Found ament_cmake: 1.3.14 (/opt/ros/humble/share/ament_cmake/cmake)
[0.182s] -- Found rclcpp: 16.0.18 (/opt/ros/humble/share/rclcpp/cmake)
[0.262s] -- Found rosidl_generator_c: 3.1.8 (/opt/ros/humble/share/rosidl_generator_c/cmake)
[0.269s] -- Found rosidl_adapter: 3.1.8 (/opt/ros/humble/share/rosidl_adapter/cmake)
[0.278s] -- Found rosidl_generator_cpp: 3.1.8 (/opt/ros/humble/share/rosidl_generator_cpp/cmake)
[0.289s] -- Using all available rosidl_typesupport_c: rosidl_typesupport_fastrtps_c;rosidl_typesupport_introspection_c
[0.303s] -- Using all available rosidl_typesupport_cpp: rosidl_typesupport_fastrtps_cpp;rosidl_typesupport_introspection_cpp
[0.341s] -- Found rmw_implementation_cmake: 6.1.2 (/opt/ros/humble/share/rmw_implementation_cmake/cmake)
[0.343s] -- Found rmw_fastrtps_cpp: 6.2.10 (/opt/ros/humble/share/rmw_fastrtps_cpp/cmake)
[1.925s] -- Using RMW implementation 'rmw_fastrtps_cpp' as default
[1.977s] -- Found rclpy: 3.3.21 (/opt/ros/humble/share/rclpy/cmake)
[1.978s] -- Found ament_lint_auto: 0.12.15 (/opt/ros/humble/share/ament_lint_auto/cmake)
[2.027s] -- Added test 'cppcheck' to perform static code analysis on C / C++ code
[2.027s] -- Configured cppcheck include dirs: $<BUILD_INTERFACE:/home/zebby/ws1/src/my_robot_pkg/include>
[2.027s] -- Configured cppcheck exclude dirs and/or files: 
[2.028s] -- Added test 'flake8' to check Python code syntax and style conventions
[2.028s] -- Added test 'lint_cmake' to check CMake code style
[2.029s] -- Added test 'pep257' to check Python code against some of the docstring style conventions in PEP 257
[2.029s] -- Added test 'uncrustify' to check C / C++ code style
[2.029s] -- Configured uncrustify additional arguments: 
[2.030s] -- Added test 'xmllint' to check XML markup files
[2.032s] -- Configuring done
[2.044s] -- Generating done
[2.046s] -- Build files have been written to: /home/zebby/ws1/build/my_robot_pkg
[2.066s] [35m[1mConsolidate compiler generated dependencies of target motor_driver[0m
[2.076s] [ 50%] [32mBuilding CXX object CMakeFiles/motor_driver.dir/src/motor_driver.cpp.o[0m
[7.572s] [100%] [32m[1mLinking CXX executable motor_driver[0m
[7.827s] /usr/bin/ld: CMakeFiles/motor_driver.dir/src/motor_driver.cpp.o: in function `MotorDriver::MotorDriver()':
[7.827s] motor_driver.cpp:(.text._ZN11MotorDriverC2Ev[_ZN11MotorDriverC5Ev]+0x147): undefined reference to `SparkMax::SparkMax(std::__cxx11::basic_string<char, std::char_traits<char>, std::allocator<char> > const&, unsigned char)'
[7.828s] /usr/bin/ld: motor_driver.cpp:(.text._ZN11MotorDriverC2Ev[_ZN11MotorDriverC5Ev]+0x1b9): undefined reference to `SparkMax::SparkMax(std::__cxx11::basic_string<char, std::char_traits<char>, std::allocator<char> > const&, unsigned char)'
[7.828s] /usr/bin/ld: motor_driver.cpp:(.text._ZN11MotorDriverC2Ev[_ZN11MotorDriverC5Ev]+0x22b): undefined reference to `SparkMax::SparkMax(std::__cxx11::basic_string<char, std::char_traits<char>, std::allocator<char> > const&, unsigned char)'
[7.828s] /usr/bin/ld: motor_driver.cpp:(.text._ZN11MotorDriverC2Ev[_ZN11MotorDriverC5Ev]+0x29d): undefined reference to `SparkMax::SparkMax(std::__cxx11::basic_string<char, std::char_traits<char>, std::allocator<char> > const&, unsigned char)'
[7.828s] /usr/bin/ld: motor_driver.cpp:(.text._ZN11MotorDriverC2Ev[_ZN11MotorDriverC5Ev]+0x314): undefined reference to `SparkBase::SetMotorType(MotorType)'
[7.828s] /usr/bin/ld: motor_driver.cpp:(.text._ZN11MotorDriverC2Ev[_ZN11MotorDriverC5Ev]+0x32e): undefined reference to `SparkBase::SetMotorType(MotorType)'
[7.829s] /usr/bin/ld: motor_driver.cpp:(.text._ZN11MotorDriverC2Ev[_ZN11MotorDriverC5Ev]+0x348): undefined reference to `SparkBase::SetMotorType(MotorType)'
[7.829s] /usr/bin/ld: motor_driver.cpp:(.text._ZN11MotorDriverC2Ev[_ZN11MotorDriverC5Ev]+0x362): undefined reference to `SparkBase::SetMotorType(MotorType)'
[7.829s] /usr/bin/ld: motor_driver.cpp:(.text._ZN11MotorDriverC2Ev[_ZN11MotorDriverC5Ev]+0x37c): undefined reference to `SparkBase::SetIdleMode(IdleMode)'
[7.829s] /usr/bin/ld: motor_driver.cpp:(.text._ZN11MotorDriverC2Ev[_ZN11MotorDriverC5Ev]+0x396): undefined reference to `SparkBase::SetIdleMode(IdleMode)'
[7.830s] /usr/bin/ld: motor_driver.cpp:(.text._ZN11MotorDriverC2Ev[_ZN11MotorDriverC5Ev]+0x3b0): undefined reference to `SparkBase::SetIdleMode(IdleMode)'
[7.830s] /usr/bin/ld: motor_driver.cpp:(.text._ZN11MotorDriverC2Ev[_ZN11MotorDriverC5Ev]+0x3ca): undefined reference to `SparkBase::SetIdleMode(IdleMode)'
[7.830s] /usr/bin/ld: motor_driver.cpp:(.text._ZN11MotorDriverC2Ev[_ZN11MotorDriverC5Ev]+0x3e4): undefined reference to `SparkBase::SetSensorType(SensorType)'
[7.830s] /usr/bin/ld: motor_driver.cpp:(.text._ZN11MotorDriverC2Ev[_ZN11MotorDriverC5Ev]+0x3fe): undefined reference to `SparkBase::SetSensorType(SensorType)'
[7.831s] /usr/bin/ld: motor_driver.cpp:(.text._ZN11MotorDriverC2Ev[_ZN11MotorDriverC5Ev]+0x418): undefined reference to `SparkBase::SetSensorType(SensorType)'
[7.831s] /usr/bin/ld: motor_driver.cpp:(.text._ZN11MotorDriverC2Ev[_ZN11MotorDriverC5Ev]+0x432): undefined reference to `SparkBase::SetSensorType(SensorType)'
[7.831s] /usr/bin/ld: motor_driver.cpp:(.text._ZN11MotorDriverC2Ev[_ZN11MotorDriverC5Ev]+0x447): undefined reference to `SparkBase::BurnFlash()'
[7.831s] /usr/bin/ld: motor_driver.cpp:(.text._ZN11MotorDriverC2Ev[_ZN11MotorDriverC5Ev]+0x45c): undefined reference to `SparkBase::BurnFlash()'
[7.831s] /usr/bin/ld: motor_driver.cpp:(.text._ZN11MotorDriverC2Ev[_ZN11MotorDriverC5Ev]+0x471): undefined reference to `SparkBase::BurnFlash()'
[7.832s] /usr/bin/ld: motor_driver.cpp:(.text._ZN11MotorDriverC2Ev[_ZN11MotorDriverC5Ev]+0x486): undefined reference to `SparkBase::BurnFlash()'
[7.832s] /usr/bin/ld: CMakeFiles/motor_driver.dir/src/motor_driver.cpp.o: in function `MotorDriver::publish_motor_data()':
[7.832s] motor_driver.cpp:(.text._ZN11MotorDriver18publish_motor_dataEv[_ZN11MotorDriver18publish_motor_dataEv]+0x4f): undefined reference to `SparkBase::GetVelocity() const'
[7.832s] /usr/bin/ld: motor_driver.cpp:(.text._ZN11MotorDriver18publish_motor_dataEv[_ZN11MotorDriver18publish_motor_dataEv]+0x6e): undefined reference to `SparkBase::GetVelocity() const'
[7.832s] /usr/bin/ld: motor_driver.cpp:(.text._ZN11MotorDriver18publish_motor_dataEv[_ZN11MotorDriver18publish_motor_dataEv]+0x8d): undefined reference to `SparkBase::GetVelocity() const'
[7.833s] /usr/bin/ld: motor_driver.cpp:(.text._ZN11MotorDriver18publish_motor_dataEv[_ZN11MotorDriver18publish_motor_dataEv]+0xac): undefined reference to `SparkBase::GetVelocity() const'
[7.833s] /usr/bin/ld: motor_driver.cpp:(.text._ZN11MotorDriver18publish_motor_dataEv[_ZN11MotorDriver18publish_motor_dataEv]+0xcb): undefined reference to `SparkBase::GetCurrent() const'
[7.833s] /usr/bin/ld: motor_driver.cpp:(.text._ZN11MotorDriver18publish_motor_dataEv[_ZN11MotorDriver18publish_motor_dataEv]+0xf6): undefined reference to `SparkBase::GetCurrent() const'
[7.833s] /usr/bin/ld: motor_driver.cpp:(.text._ZN11MotorDriver18publish_motor_dataEv[_ZN11MotorDriver18publish_motor_dataEv]+0x121): undefined reference to `SparkBase::GetCurrent() const'
[7.834s] /usr/bin/ld: motor_driver.cpp:(.text._ZN11MotorDriver18publish_motor_dataEv[_ZN11MotorDriver18publish_motor_dataEv]+0x14c): undefined reference to `SparkBase::GetCurrent() const'
[7.834s] /usr/bin/ld: CMakeFiles/motor_driver.dir/src/motor_driver.cpp.o: in function `MotorDriver::cmd_callback(std::shared_ptr<std_msgs::msg::String_<std::allocator<void> > >)':
[7.834s] motor_driver.cpp:(.text._ZN11MotorDriver12cmd_callbackESt10shared_ptrIN8std_msgs3msg7String_ISaIvEEEE[_ZN11MotorDriver12cmd_callbackESt10shared_ptrIN8std_msgs3msg7String_ISaIvEEEE]+0x1d4): undefined reference to `SparkBase::Heartbeat()'
[7.834s] /usr/bin/ld: motor_driver.cpp:(.text._ZN11MotorDriver12cmd_callbackESt10shared_ptrIN8std_msgs3msg7String_ISaIvEEEE[_ZN11MotorDriver12cmd_callbackESt10shared_ptrIN8std_msgs3msg7String_ISaIvEEEE]+0x215): undefined reference to `SparkBase::SetDutyCycle(float)'
[7.834s] /usr/bin/ld: motor_driver.cpp:(.text._ZN11MotorDriver12cmd_callbackESt10shared_ptrIN8std_msgs3msg7String_ISaIvEEEE[_ZN11MotorDriver12cmd_callbackESt10shared_ptrIN8std_msgs3msg7String_ISaIvEEEE]+0x235): undefined reference to `SparkBase::SetDutyCycle(float)'
[7.835s] /usr/bin/ld: motor_driver.cpp:(.text._ZN11MotorDriver12cmd_callbackESt10shared_ptrIN8std_msgs3msg7String_ISaIvEEEE[_ZN11MotorDriver12cmd_callbackESt10shared_ptrIN8std_msgs3msg7String_ISaIvEEEE]+0x255): undefined reference to `SparkBase::SetDutyCycle(float)'
[7.835s] /usr/bin/ld: motor_driver.cpp:(.text._ZN11MotorDriver12cmd_callbackESt10shared_ptrIN8std_msgs3msg7String_ISaIvEEEE[_ZN11MotorDriver12cmd_callbackESt10shared_ptrIN8std_msgs3msg7String_ISaIvEEEE]+0x275): undefined reference to `SparkBase::SetDutyCycle(float)'
[7.835s] /usr/bin/ld: motor_driver.cpp:(.text._ZN11MotorDriver12cmd_callbackESt10shared_ptrIN8std_msgs3msg7String_ISaIvEEEE[_ZN11MotorDriver12cmd_callbackESt10shared_ptrIN8std_msgs3msg7String_ISaIvEEEE]+0x2bb): undefined reference to `SparkBase::SetDutyCycle(float)'
[7.835s] /usr/bin/ld: CMakeFiles/motor_driver.dir/src/motor_driver.cpp.o:motor_driver.cpp:(.text._ZN11MotorDriver12cmd_callbackESt10shared_ptrIN8std_msgs3msg7String_ISaIvEEEE[_ZN11MotorDriver12cmd_callbackESt10shared_ptrIN8std_msgs3msg7String_ISaIvEEEE]+0x2db): more undefined references to `SparkBase::SetDutyCycle(float)' follow
[7.839s] /usr/bin/ld: CMakeFiles/motor_driver.dir/src/motor_driver.cpp.o:(.data.rel.ro._ZTI8SparkMax[_ZTI8SparkMax]+0x10): undefined reference to `typeinfo for SparkBase'
[7.840s] /usr/bin/ld: CMakeFiles/motor_driver.dir/src/motor_driver.cpp.o: in function `SparkMax::~SparkMax()':
[7.840s] motor_driver.cpp:(.text._ZN8SparkMaxD2Ev[_ZN8SparkMaxD5Ev]+0x26): undefined reference to `SparkBase::~SparkBase()'
[7.857s] collect2: error: ld returned 1 exit status
[7.858s] gmake[2]: *** [CMakeFiles/motor_driver.dir/build.make:159: motor_driver] Error 1
[7.858s] gmake[1]: *** [CMakeFiles/Makefile2:137: CMakeFiles/motor_driver.dir/all] Error 2
[7.858s] gmake: *** [Makefile:146: all] Error 2
[7.860s] Invoked command in '/home/zebby/ws1/build/my_robot_pkg' returned '2': CMAKE_PREFIX_PATH=${CMAKE_PREFIX_PATH}:/home/zebby/ros2_ws/install/ros2_controllers_test_nodes:/opt/ros/humble /usr/bin/cmake --build /home/zebby/ws1/build/my_robot_pkg -- -j20 -l20
